13:15:11.272 default [main] INFO  cn.cllover.myblog.MyblogApplication - Starting MyblogApplication on Hello with PID 45848 (D:\workspace\myblog\target\classes started by 18609 in D:\workspace\myblog)
13:15:11.275 default [main] INFO  cn.cllover.myblog.MyblogApplication - No active profile set, falling back to default profiles: default
13:15:13.432 default [main] INFO  o.s.d.r.c.RepositoryConfigurationDelegate - Multiple Spring Data modules found, entering strict repository configuration mode!
13:15:13.441 default [main] INFO  o.s.d.r.c.RepositoryConfigurationDelegate - Bootstrapping Spring Data repositories in DEFAULT mode.
13:15:13.626 default [main] INFO  o.s.d.r.c.RepositoryConfigurationDelegate - Finished Spring Data repository scanning in 127ms. Found 0 repository interfaces.
13:15:14.070 default [main] INFO  o.s.c.s.PostProcessorRegistrationDelegate$BeanPostProcessorChecker - Bean 'shiroConfig' of type [cn.cllover.myblog.common.config.ShiroConfig$$EnhancerBySpringCGLIB$$894953e] is not eligible for getting processed by all BeanPostProcessors (for example: not eligible for auto-proxying)
13:15:14.512 default [main] INFO  o.s.c.s.PostProcessorRegistrationDelegate$BeanPostProcessorChecker - Bean 'hashedCredentialsMatcher' of type [org.apache.shiro.authc.credential.HashedCredentialsMatcher] is not eligible for getting processed by all BeanPostProcessors (for example: not eligible for auto-proxying)
13:15:14.613 default [main] INFO  o.s.c.s.PostProcessorRegistrationDelegate$BeanPostProcessorChecker - Bean 'mybatis-tk.mybatis.mapper.autoconfigure.MybatisProperties' of type [tk.mybatis.mapper.autoconfigure.MybatisProperties] is not eligible for getting processed by all BeanPostProcessors (for example: not eligible for auto-proxying)
13:15:14.626 default [main] INFO  o.s.c.s.PostProcessorRegistrationDelegate$BeanPostProcessorChecker - Bean 'tk.mybatis.mapper.autoconfigure.MapperAutoConfiguration' of type [tk.mybatis.mapper.autoconfigure.MapperAutoConfiguration$$EnhancerBySpringCGLIB$$17a0d22e] is not eligible for getting processed by all BeanPostProcessors (for example: not eligible for auto-proxying)
13:15:14.628 default [main] INFO  o.s.c.s.PostProcessorRegistrationDelegate$BeanPostProcessorChecker - Bean 'org.springframework.boot.autoconfigure.jdbc.DataSourceConfiguration$Generic' of type [org.springframework.boot.autoconfigure.jdbc.DataSourceConfiguration$Generic] is not eligible for getting processed by all BeanPostProcessors (for example: not eligible for auto-proxying)
13:15:14.651 default [main] INFO  o.s.c.s.PostProcessorRegistrationDelegate$BeanPostProcessorChecker - Bean 'spring.datasource-org.springframework.boot.autoconfigure.jdbc.DataSourceProperties' of type [org.springframework.boot.autoconfigure.jdbc.DataSourceProperties] is not eligible for getting processed by all BeanPostProcessors (for example: not eligible for auto-proxying)
13:15:14.727 default [main] INFO  o.s.c.s.PostProcessorRegistrationDelegate$BeanPostProcessorChecker - Bean 'dataSource' of type [com.alibaba.druid.pool.DruidDataSource] is not eligible for getting processed by all BeanPostProcessors (for example: not eligible for auto-proxying)
13:15:15.402 default [main] INFO  o.s.c.s.PostProcessorRegistrationDelegate$BeanPostProcessorChecker - Bean 'sqlSessionFactory' of type [org.apache.ibatis.session.defaults.DefaultSqlSessionFactory] is not eligible for getting processed by all BeanPostProcessors (for example: not eligible for auto-proxying)
13:15:15.407 default [main] INFO  o.s.c.s.PostProcessorRegistrationDelegate$BeanPostProcessorChecker - Bean 'sqlSessionTemplate' of type [org.mybatis.spring.SqlSessionTemplate] is not eligible for getting processed by all BeanPostProcessors (for example: not eligible for auto-proxying)
13:15:15.491 default [main] INFO  o.s.c.s.PostProcessorRegistrationDelegate$BeanPostProcessorChecker - Bean 'userMapper' of type [tk.mybatis.spring.mapper.MapperFactoryBean] is not eligible for getting processed by all BeanPostProcessors (for example: not eligible for auto-proxying)
13:15:15.492 default [main] INFO  o.s.c.s.PostProcessorRegistrationDelegate$BeanPostProcessorChecker - Bean 'userMapper' of type [com.sun.proxy.$Proxy67] is not eligible for getting processed by all BeanPostProcessors (for example: not eligible for auto-proxying)
13:15:15.493 default [main] INFO  o.s.c.s.PostProcessorRegistrationDelegate$BeanPostProcessorChecker - Bean 'UserService' of type [cn.cllover.myblog.front.service.impl.UserServiceimpl] is not eligible for getting processed by all BeanPostProcessors (for example: not eligible for auto-proxying)
13:15:15.494 default [main] INFO  o.s.c.s.PostProcessorRegistrationDelegate$BeanPostProcessorChecker - Bean 'userRealm' of type [cn.cllover.myblog.common.Realm.UserRealm] is not eligible for getting processed by all BeanPostProcessors (for example: not eligible for auto-proxying)
13:15:15.499 default [main] INFO  o.s.c.s.PostProcessorRegistrationDelegate$BeanPostProcessorChecker - Bean 'redisManager' of type [org.crazycake.shiro.RedisManager] is not eligible for getting processed by all BeanPostProcessors (for example: not eligible for auto-proxying)
13:15:15.500 default [main] INFO  o.s.c.s.PostProcessorRegistrationDelegate$BeanPostProcessorChecker - Bean 'cacheManager' of type [org.crazycake.shiro.RedisCacheManager] is not eligible for getting processed by all BeanPostProcessors (for example: not eligible for auto-proxying)
13:15:15.505 default [main] INFO  o.s.c.s.PostProcessorRegistrationDelegate$BeanPostProcessorChecker - Bean 'securityManager' of type [org.apache.shiro.web.mgt.DefaultWebSecurityManager] is not eligible for getting processed by all BeanPostProcessors (for example: not eligible for auto-proxying)
13:15:15.566 default [main] INFO  o.s.c.s.PostProcessorRegistrationDelegate$BeanPostProcessorChecker - Bean 'authorizationAttributeSourceAdvisor' of type [org.apache.shiro.spring.security.interceptor.AuthorizationAttributeSourceAdvisor] is not eligible for getting processed by all BeanPostProcessors (for example: not eligible for auto-proxying)
13:15:15.624 default [main] INFO  o.s.c.s.PostProcessorRegistrationDelegate$BeanPostProcessorChecker - Bean 'org.springframework.transaction.annotation.ProxyTransactionManagementConfiguration' of type [org.springframework.transaction.annotation.ProxyTransactionManagementConfiguration$$EnhancerBySpringCGLIB$$61b02a95] is not eligible for getting processed by all BeanPostProcessors (for example: not eligible for auto-proxying)
13:15:16.316 default [main] INFO  o.s.b.w.e.tomcat.TomcatWebServer - Tomcat initialized with port(s): 5200 (http)
13:15:16.334 default [main] INFO  o.a.coyote.http11.Http11NioProtocol - Initializing ProtocolHandler ["http-nio-5200"]
13:15:16.344 default [main] INFO  o.a.catalina.core.StandardService - Starting service [Tomcat]
13:15:16.345 default [main] INFO  o.a.catalina.core.StandardEngine - Starting Servlet engine: [Apache Tomcat/9.0.16]
13:15:16.351 default [main] INFO  o.a.c.core.AprLifecycleListener - The APR based Apache Tomcat Native library which allows optimal performance in production environments was not found on the java.library.path: [C:\Program Files\Java\jdk1.8.0_191\bin;C:\WINDOWS\Sun\Java\bin;C:\WINDOWS\system32;C:\WINDOWS;D:\Xshell\;D:\maven\apache-maven-3.6.0\bin;C:\Program Files (x86)\Common Files\Oracle\Java\javapath;C:\Program Files\Java\jdk1.8.0_191\bin;C:\Program Files (x86)\Intel\Intel(R) Management Engine Components\iCLS\;C:\Program Files\Intel\Intel(R) Management Engine Components\iCLS\;C:\Windows\system32;C:\Windows;C:\Windows\System32\Wbem;C:\Windows\System32\WindowsPowerShell\v1.0\;C:\Program Files (x86)\NVIDIA Corporation\PhysX\Common;C:\Program Files\Intel\WiFi\bin\;C:\Program Files\Common Files\Intel\WirelessCommon\;D:\MySQL\mysql-5.7.23-winx64\bin;C:\WINDOWS\system32;C:\WINDOWS;C:\WINDOWS\System32\Wbem;C:\WINDOWS\System32\WindowsPowerShell\v1.0\;C:\WINDOWS\System32\OpenSSH\;C:\Program Files (x86)\Intel\Intel(R) Management Engine Components\DAL;C:\Program Files\Intel\Intel(R) Management Engine Components\DAL;C:\Program Files (x86)\Intel\Intel(R) Management Engine Components\IPT;C:\Program Files\Intel\Intel(R) Management Engine Components\IPT;C:\Program Files\Java\jdk1.8.0_191\jre\bin;C:\Program Files\nodejs\;D:\SVN\bin;D:\GitHub\Git\cmd;D:\Gradle\gradle-5.3\bin;;C:\Program Files\NVIDIA Corporation\NVIDIA NvDLISR;D:\node.js\node_global;C:\Users\18609\AppData\Local\Microsoft\WindowsApps;C:\Program Files\Intel\WiFi\bin\;C:\Program Files\Common Files\Intel\WirelessCommon\;C:\Users\18609\AppData\Local\GitHubDesktop\bin;C:\Users\18609\AppData\Local\Microsoft\WindowsApps;C:\Users\18609\AppData\Roaming\npm;D:\VScode\Microsoft VS Code\bin;.]
13:15:16.673 default [main] INFO  o.a.c.c.C.[Tomcat].[localhost].[/] - Initializing Spring embedded WebApplicationContext
13:15:16.674 default [main] INFO  o.s.web.context.ContextLoader - Root WebApplicationContext: initialization completed in 5339 ms
13:15:18.364 default [main] INFO  o.s.s.c.ThreadPoolTaskExecutor - Initializing ExecutorService 'applicationTaskExecutor'
13:15:18.974 default [main] INFO  o.s.b.a.w.s.WelcomePageHandlerMapping - Adding welcome page template: index
13:15:19.023 default [main] INFO  t.m.m.a.MapperCacheDisabler - Clear tk.mybatis.mapper.util.MsUtil CLASS_CACHE cache.
13:15:19.024 default [main] INFO  t.m.m.a.MapperCacheDisabler - Clear tk.mybatis.mapper.genid.GenIdUtil CACHE cache.
13:15:19.024 default [main] INFO  t.m.m.a.MapperCacheDisabler - Clear tk.mybatis.mapper.version.VersionUtil CACHE cache.
13:15:19.025 default [main] INFO  t.m.m.a.MapperCacheDisabler - Clear EntityHelper entityTableMap cache.
13:15:19.613 default [main] INFO  o.a.coyote.http11.Http11NioProtocol - Starting ProtocolHandler ["http-nio-5200"]
13:15:19.649 default [main] INFO  o.s.b.w.e.tomcat.TomcatWebServer - Tomcat started on port(s): 5200 (http) with context path ''
13:15:19.653 default [main] INFO  cn.cllover.myblog.MyblogApplication - Started MyblogApplication in 9.64 seconds (JVM running for 12.102)
13:15:19.656 default [main] INFO  cn.cllover.myblog.MyblogApplication - ====================cllover--INFO============
13:15:23.590 default [http-nio-5200-exec-2] INFO  o.a.c.c.C.[Tomcat].[localhost].[/] - Initializing Spring DispatcherServlet 'dispatcherServlet'
13:15:23.591 default [http-nio-5200-exec-2] INFO  o.s.web.servlet.DispatcherServlet - Initializing Servlet 'dispatcherServlet'
13:15:23.639 default [http-nio-5200-exec-2] INFO  o.s.web.servlet.DispatcherServlet - Completed initialization in 47 ms
13:15:23.691 default [http-nio-5200-exec-2] INFO  o.a.s.s.m.AbstractValidatingSessionManager - Enabling session validation scheduler...
13:15:25.603 default [http-nio-5200-exec-9] INFO  c.alibaba.druid.pool.DruidDataSource - {dataSource-1} inited
13:15:48.975 default [http-nio-5200-exec-5] INFO  c.c.myblog.common.Aspect.SLogAspect - 目标方法在执行:---:login
13:15:49.254 default [http-nio-5200-exec-5] INFO  c.c.myblog.common.Aspect.SLogAspect - 当前请求用户id:15436996140；当前请求地址:/login；当前类名:cn.cllover.myblog.front.controller.loginController
13:15:49.254 default [http-nio-5200-exec-5] INFO  c.c.myblog.common.Aspect.SLogAspect - 当前方法名:login；当前方法参数值:[org.apache.shiro.web.servlet.ShiroHttpServletRequest@39d98238, org.apache.shiro.web.servlet.ShiroHttpServletResponse@309342d9, root, 082999, 3bag, false]
13:15:49.289 default [http-nio-5200-exec-10] INFO  c.c.myblog.common.Aspect.SLogAspect - 目标方法在执行:---:index
13:15:49.300 default [http-nio-5200-exec-10] INFO  c.c.myblog.common.Aspect.SLogAspect - 当前请求用户id:15436996140；当前请求地址:/index；当前类名:cn.cllover.myblog.front.controller.loginController
13:15:49.301 default [http-nio-5200-exec-10] INFO  c.c.myblog.common.Aspect.SLogAspect - 当前方法名:index；当前方法参数值:[{user=User{userId=15436996140, userUsname='生而自由', userPass='6e7a49dc064e7e65d4d591f4fbbf845d', userPhone=1860993956, userEmail='18609933956@163.com', userQq=1543699614, userAge=22, userName='root', userSex='1', userBirthday=Thu Jul 31 00:00:00 CST 1997, userAddress='天津市', userPhoto='static/head_photo/u=3198678.jpg', userStatus=1, userDesc='AAAAAAAAAAAAAA', userRegisterDate=Wed Apr 24 09:22:05 CST 2019, userRegisterIp='192.168.0.1', userFrozen=1000}}, org.apache.shiro.web.servlet.ShiroHttpSession@54015b2d, org.apache.shiro.web.servlet.ShiroHttpServletRequest@371bffb1]
13:15:51.276 default [http-nio-5200-exec-3] INFO  c.c.myblog.common.Aspect.SLogAspect - 目标方法在执行:---:getAll
13:15:51.426 default [http-nio-5200-exec-3] INFO  c.c.myblog.common.Aspect.SLogAspect - 当前请求用户id:15436996140；当前请求地址:/u/home/getArt/15436996140；当前类名:cn.cllover.myblog.front.controller.UserController
13:15:51.426 default [http-nio-5200-exec-3] INFO  c.c.myblog.common.Aspect.SLogAspect - 当前方法名:getAll；当前方法参数值:[15436996140, 1]
13:15:52.609 default [http-nio-5200-exec-6] INFO  c.c.myblog.common.Aspect.SLogAspect - 目标方法在执行:---:getAll
13:15:52.650 default [http-nio-5200-exec-6] INFO  c.c.myblog.common.Aspect.SLogAspect - 当前请求用户id:15436996140；当前请求地址:/u/home/getArt/15436996140；当前类名:cn.cllover.myblog.front.controller.UserController
13:15:52.651 default [http-nio-5200-exec-6] INFO  c.c.myblog.common.Aspect.SLogAspect - 当前方法名:getAll；当前方法参数值:[15436996140, 1]
13:19:33.040 default [main] INFO  cn.cllover.myblog.MyblogApplication - Starting MyblogApplication on Hello with PID 2196 (D:\workspace\myblog\target\classes started by 18609 in D:\workspace\myblog)
13:19:33.049 default [main] INFO  cn.cllover.myblog.MyblogApplication - No active profile set, falling back to default profiles: default
13:19:35.997 default [main] INFO  o.s.d.r.c.RepositoryConfigurationDelegate - Multiple Spring Data modules found, entering strict repository configuration mode!
13:19:36.002 default [main] INFO  o.s.d.r.c.RepositoryConfigurationDelegate - Bootstrapping Spring Data repositories in DEFAULT mode.
13:19:36.181 default [main] INFO  o.s.d.r.c.RepositoryConfigurationDelegate - Finished Spring Data repository scanning in 136ms. Found 0 repository interfaces.
13:19:36.984 default [main] INFO  o.s.c.s.PostProcessorRegistrationDelegate$BeanPostProcessorChecker - Bean 'shiroConfig' of type [cn.cllover.myblog.common.config.ShiroConfig$$EnhancerBySpringCGLIB$$a2072b92] is not eligible for getting processed by all BeanPostProcessors (for example: not eligible for auto-proxying)
13:19:38.028 default [main] INFO  o.s.c.s.PostProcessorRegistrationDelegate$BeanPostProcessorChecker - Bean 'hashedCredentialsMatcher' of type [org.apache.shiro.authc.credential.HashedCredentialsMatcher] is not eligible for getting processed by all BeanPostProcessors (for example: not eligible for auto-proxying)
13:19:38.165 default [main] INFO  o.s.c.s.PostProcessorRegistrationDelegate$BeanPostProcessorChecker - Bean 'mybatis-tk.mybatis.mapper.autoconfigure.MybatisProperties' of type [tk.mybatis.mapper.autoconfigure.MybatisProperties] is not eligible for getting processed by all BeanPostProcessors (for example: not eligible for auto-proxying)
13:19:38.180 default [main] INFO  o.s.c.s.PostProcessorRegistrationDelegate$BeanPostProcessorChecker - Bean 'tk.mybatis.mapper.autoconfigure.MapperAutoConfiguration' of type [tk.mybatis.mapper.autoconfigure.MapperAutoConfiguration$$EnhancerBySpringCGLIB$$b1136882] is not eligible for getting processed by all BeanPostProcessors (for example: not eligible for auto-proxying)
13:19:38.183 default [main] INFO  o.s.c.s.PostProcessorRegistrationDelegate$BeanPostProcessorChecker - Bean 'org.springframework.boot.autoconfigure.jdbc.DataSourceConfiguration$Generic' of type [org.springframework.boot.autoconfigure.jdbc.DataSourceConfiguration$Generic] is not eligible for getting processed by all BeanPostProcessors (for example: not eligible for auto-proxying)
13:19:38.209 default [main] INFO  o.s.c.s.PostProcessorRegistrationDelegate$BeanPostProcessorChecker - Bean 'spring.datasource-org.springframework.boot.autoconfigure.jdbc.DataSourceProperties' of type [org.springframework.boot.autoconfigure.jdbc.DataSourceProperties] is not eligible for getting processed by all BeanPostProcessors (for example: not eligible for auto-proxying)
13:19:38.311 default [main] INFO  o.s.c.s.PostProcessorRegistrationDelegate$BeanPostProcessorChecker - Bean 'dataSource' of type [com.alibaba.druid.pool.DruidDataSource] is not eligible for getting processed by all BeanPostProcessors (for example: not eligible for auto-proxying)
13:19:39.111 default [main] INFO  o.s.c.s.PostProcessorRegistrationDelegate$BeanPostProcessorChecker - Bean 'sqlSessionFactory' of type [org.apache.ibatis.session.defaults.DefaultSqlSessionFactory] is not eligible for getting processed by all BeanPostProcessors (for example: not eligible for auto-proxying)
13:19:39.118 default [main] INFO  o.s.c.s.PostProcessorRegistrationDelegate$BeanPostProcessorChecker - Bean 'sqlSessionTemplate' of type [org.mybatis.spring.SqlSessionTemplate] is not eligible for getting processed by all BeanPostProcessors (for example: not eligible for auto-proxying)
13:19:39.229 default [main] INFO  o.s.c.s.PostProcessorRegistrationDelegate$BeanPostProcessorChecker - Bean 'userMapper' of type [tk.mybatis.spring.mapper.MapperFactoryBean] is not eligible for getting processed by all BeanPostProcessors (for example: not eligible for auto-proxying)
13:19:39.231 default [main] INFO  o.s.c.s.PostProcessorRegistrationDelegate$BeanPostProcessorChecker - Bean 'userMapper' of type [com.sun.proxy.$Proxy67] is not eligible for getting processed by all BeanPostProcessors (for example: not eligible for auto-proxying)
13:19:39.234 default [main] INFO  o.s.c.s.PostProcessorRegistrationDelegate$BeanPostProcessorChecker - Bean 'UserService' of type [cn.cllover.myblog.front.service.impl.UserServiceimpl] is not eligible for getting processed by all BeanPostProcessors (for example: not eligible for auto-proxying)
13:19:39.234 default [main] INFO  o.s.c.s.PostProcessorRegistrationDelegate$BeanPostProcessorChecker - Bean 'userRealm' of type [cn.cllover.myblog.common.Realm.UserRealm] is not eligible for getting processed by all BeanPostProcessors (for example: not eligible for auto-proxying)
13:19:39.240 default [main] INFO  o.s.c.s.PostProcessorRegistrationDelegate$BeanPostProcessorChecker - Bean 'redisManager' of type [org.crazycake.shiro.RedisManager] is not eligible for getting processed by all BeanPostProcessors (for example: not eligible for auto-proxying)
13:19:39.241 default [main] INFO  o.s.c.s.PostProcessorRegistrationDelegate$BeanPostProcessorChecker - Bean 'cacheManager' of type [org.crazycake.shiro.RedisCacheManager] is not eligible for getting processed by all BeanPostProcessors (for example: not eligible for auto-proxying)
13:19:39.247 default [main] INFO  o.s.c.s.PostProcessorRegistrationDelegate$BeanPostProcessorChecker - Bean 'securityManager' of type [org.apache.shiro.web.mgt.DefaultWebSecurityManager] is not eligible for getting processed by all BeanPostProcessors (for example: not eligible for auto-proxying)
13:19:39.316 default [main] INFO  o.s.c.s.PostProcessorRegistrationDelegate$BeanPostProcessorChecker - Bean 'authorizationAttributeSourceAdvisor' of type [org.apache.shiro.spring.security.interceptor.AuthorizationAttributeSourceAdvisor] is not eligible for getting processed by all BeanPostProcessors (for example: not eligible for auto-proxying)
13:19:39.392 default [main] INFO  o.s.c.s.PostProcessorRegistrationDelegate$BeanPostProcessorChecker - Bean 'org.springframework.transaction.annotation.ProxyTransactionManagementConfiguration' of type [org.springframework.transaction.annotation.ProxyTransactionManagementConfiguration$$EnhancerBySpringCGLIB$$fb22c0e9] is not eligible for getting processed by all BeanPostProcessors (for example: not eligible for auto-proxying)
13:19:40.189 default [main] INFO  o.s.b.w.e.tomcat.TomcatWebServer - Tomcat initialized with port(s): 5200 (http)
13:19:40.208 default [main] INFO  o.a.coyote.http11.Http11NioProtocol - Initializing ProtocolHandler ["http-nio-5200"]
13:19:40.222 default [main] INFO  o.a.catalina.core.StandardService - Starting service [Tomcat]
13:19:40.222 default [main] INFO  o.a.catalina.core.StandardEngine - Starting Servlet engine: [Apache Tomcat/9.0.16]
13:19:40.231 default [main] INFO  o.a.c.core.AprLifecycleListener - The APR based Apache Tomcat Native library which allows optimal performance in production environments was not found on the java.library.path: [C:\Program Files\Java\jdk1.8.0_191\bin;C:\WINDOWS\Sun\Java\bin;C:\WINDOWS\system32;C:\WINDOWS;D:\Xshell\;D:\maven\apache-maven-3.6.0\bin;C:\Program Files (x86)\Common Files\Oracle\Java\javapath;C:\Program Files\Java\jdk1.8.0_191\bin;C:\Program Files (x86)\Intel\Intel(R) Management Engine Components\iCLS\;C:\Program Files\Intel\Intel(R) Management Engine Components\iCLS\;C:\Windows\system32;C:\Windows;C:\Windows\System32\Wbem;C:\Windows\System32\WindowsPowerShell\v1.0\;C:\Program Files (x86)\NVIDIA Corporation\PhysX\Common;C:\Program Files\Intel\WiFi\bin\;C:\Program Files\Common Files\Intel\WirelessCommon\;D:\MySQL\mysql-5.7.23-winx64\bin;C:\WINDOWS\system32;C:\WINDOWS;C:\WINDOWS\System32\Wbem;C:\WINDOWS\System32\WindowsPowerShell\v1.0\;C:\WINDOWS\System32\OpenSSH\;C:\Program Files (x86)\Intel\Intel(R) Management Engine Components\DAL;C:\Program Files\Intel\Intel(R) Management Engine Components\DAL;C:\Program Files (x86)\Intel\Intel(R) Management Engine Components\IPT;C:\Program Files\Intel\Intel(R) Management Engine Components\IPT;C:\Program Files\Java\jdk1.8.0_191\jre\bin;C:\Program Files\nodejs\;D:\SVN\bin;D:\GitHub\Git\cmd;D:\Gradle\gradle-5.3\bin;;C:\Program Files\NVIDIA Corporation\NVIDIA NvDLISR;D:\node.js\node_global;C:\Users\18609\AppData\Local\Microsoft\WindowsApps;C:\Program Files\Intel\WiFi\bin\;C:\Program Files\Common Files\Intel\WirelessCommon\;C:\Users\18609\AppData\Local\GitHubDesktop\bin;C:\Users\18609\AppData\Local\Microsoft\WindowsApps;C:\Users\18609\AppData\Roaming\npm;D:\VScode\Microsoft VS Code\bin;.]
13:19:40.500 default [main] INFO  o.a.c.c.C.[Tomcat].[localhost].[/] - Initializing Spring embedded WebApplicationContext
13:19:40.500 default [main] INFO  o.s.web.context.ContextLoader - Root WebApplicationContext: initialization completed in 7170 ms
13:19:42.415 default [main] INFO  o.s.s.c.ThreadPoolTaskExecutor - Initializing ExecutorService 'applicationTaskExecutor'
13:19:42.841 default [main] INFO  o.s.b.a.w.s.WelcomePageHandlerMapping - Adding welcome page template: index
13:19:42.910 default [main] INFO  t.m.m.a.MapperCacheDisabler - Clear tk.mybatis.mapper.util.MsUtil CLASS_CACHE cache.
13:19:42.911 default [main] INFO  t.m.m.a.MapperCacheDisabler - Clear tk.mybatis.mapper.genid.GenIdUtil CACHE cache.
13:19:42.912 default [main] INFO  t.m.m.a.MapperCacheDisabler - Clear tk.mybatis.mapper.version.VersionUtil CACHE cache.
13:19:42.913 default [main] INFO  t.m.m.a.MapperCacheDisabler - Clear EntityHelper entityTableMap cache.
13:19:43.878 default [main] INFO  o.a.coyote.http11.Http11NioProtocol - Starting ProtocolHandler ["http-nio-5200"]
13:19:43.949 default [main] INFO  o.s.b.w.e.tomcat.TomcatWebServer - Tomcat started on port(s): 5200 (http) with context path ''
13:19:43.958 default [main] INFO  cn.cllover.myblog.MyblogApplication - Started MyblogApplication in 12.281 seconds (JVM running for 14.77)
13:19:43.961 default [main] INFO  cn.cllover.myblog.MyblogApplication - ====================cllover--INFO============
13:19:48.908 default [http-nio-5200-exec-1] INFO  o.a.c.c.C.[Tomcat].[localhost].[/] - Initializing Spring DispatcherServlet 'dispatcherServlet'
13:19:48.909 default [http-nio-5200-exec-1] INFO  o.s.web.servlet.DispatcherServlet - Initializing Servlet 'dispatcherServlet'
13:19:48.963 default [http-nio-5200-exec-1] INFO  o.s.web.servlet.DispatcherServlet - Completed initialization in 54 ms
13:19:49.005 default [http-nio-5200-exec-1] INFO  o.a.s.s.m.AbstractValidatingSessionManager - Enabling session validation scheduler...
13:19:49.378 default [http-nio-5200-exec-1] INFO  c.alibaba.druid.pool.DruidDataSource - {dataSource-1} inited
13:19:51.140 default [http-nio-5200-exec-5] INFO  c.c.myblog.common.Aspect.SLogAspect - 目标方法在执行:---:getAll
13:19:51.295 default [http-nio-5200-exec-5] INFO  c.c.myblog.common.Aspect.SLogAspect - 当前请求用户id:15436996140；当前请求地址:/u/home/getArt/15436996140；当前类名:cn.cllover.myblog.front.controller.UserController
13:19:51.295 default [http-nio-5200-exec-5] INFO  c.c.myblog.common.Aspect.SLogAspect - 当前方法名:getAll；当前方法参数值:[15436996140, 1]
13:21:26.023 default [main] INFO  cn.cllover.myblog.MyblogApplication - Starting MyblogApplication on Hello with PID 2780 (D:\workspace\myblog\target\classes started by 18609 in D:\workspace\myblog)
13:21:26.027 default [main] INFO  cn.cllover.myblog.MyblogApplication - No active profile set, falling back to default profiles: default
13:21:27.501 default [main] INFO  o.s.d.r.c.RepositoryConfigurationDelegate - Multiple Spring Data modules found, entering strict repository configuration mode!
13:21:27.504 default [main] INFO  o.s.d.r.c.RepositoryConfigurationDelegate - Bootstrapping Spring Data repositories in DEFAULT mode.
13:21:27.602 default [main] INFO  o.s.d.r.c.RepositoryConfigurationDelegate - Finished Spring Data repository scanning in 73ms. Found 0 repository interfaces.
13:21:28.024 default [main] INFO  o.s.c.s.PostProcessorRegistrationDelegate$BeanPostProcessorChecker - Bean 'shiroConfig' of type [cn.cllover.myblog.common.config.ShiroConfig$$EnhancerBySpringCGLIB$$37400ee1] is not eligible for getting processed by all BeanPostProcessors (for example: not eligible for auto-proxying)
13:21:28.612 default [main] INFO  o.s.c.s.PostProcessorRegistrationDelegate$BeanPostProcessorChecker - Bean 'hashedCredentialsMatcher' of type [org.apache.shiro.authc.credential.HashedCredentialsMatcher] is not eligible for getting processed by all BeanPostProcessors (for example: not eligible for auto-proxying)
13:21:28.898 default [main] INFO  o.s.c.s.PostProcessorRegistrationDelegate$BeanPostProcessorChecker - Bean 'mybatis-tk.mybatis.mapper.autoconfigure.MybatisProperties' of type [tk.mybatis.mapper.autoconfigure.MybatisProperties] is not eligible for getting processed by all BeanPostProcessors (for example: not eligible for auto-proxying)
13:21:28.931 default [main] INFO  o.s.c.s.PostProcessorRegistrationDelegate$BeanPostProcessorChecker - Bean 'tk.mybatis.mapper.autoconfigure.MapperAutoConfiguration' of type [tk.mybatis.mapper.autoconfigure.MapperAutoConfiguration$$EnhancerBySpringCGLIB$$464c4bd1] is not eligible for getting processed by all BeanPostProcessors (for example: not eligible for auto-proxying)
13:21:28.936 default [main] INFO  o.s.c.s.PostProcessorRegistrationDelegate$BeanPostProcessorChecker - Bean 'org.springframework.boot.autoconfigure.jdbc.DataSourceConfiguration$Generic' of type [org.springframework.boot.autoconfigure.jdbc.DataSourceConfiguration$Generic] is not eligible for getting processed by all BeanPostProcessors (for example: not eligible for auto-proxying)
13:21:28.989 default [main] INFO  o.s.c.s.PostProcessorRegistrationDelegate$BeanPostProcessorChecker - Bean 'spring.datasource-org.springframework.boot.autoconfigure.jdbc.DataSourceProperties' of type [org.springframework.boot.autoconfigure.jdbc.DataSourceProperties] is not eligible for getting processed by all BeanPostProcessors (for example: not eligible for auto-proxying)
13:21:29.101 default [main] INFO  o.s.c.s.PostProcessorRegistrationDelegate$BeanPostProcessorChecker - Bean 'dataSource' of type [com.alibaba.druid.pool.DruidDataSource] is not eligible for getting processed by all BeanPostProcessors (for example: not eligible for auto-proxying)
13:21:29.624 default [main] INFO  o.s.c.s.PostProcessorRegistrationDelegate$BeanPostProcessorChecker - Bean 'sqlSessionFactory' of type [org.apache.ibatis.session.defaults.DefaultSqlSessionFactory] is not eligible for getting processed by all BeanPostProcessors (for example: not eligible for auto-proxying)
13:21:29.631 default [main] INFO  o.s.c.s.PostProcessorRegistrationDelegate$BeanPostProcessorChecker - Bean 'sqlSessionTemplate' of type [org.mybatis.spring.SqlSessionTemplate] is not eligible for getting processed by all BeanPostProcessors (for example: not eligible for auto-proxying)
13:21:29.728 default [main] INFO  o.s.c.s.PostProcessorRegistrationDelegate$BeanPostProcessorChecker - Bean 'userMapper' of type [tk.mybatis.spring.mapper.MapperFactoryBean] is not eligible for getting processed by all BeanPostProcessors (for example: not eligible for auto-proxying)
13:21:29.731 default [main] INFO  o.s.c.s.PostProcessorRegistrationDelegate$BeanPostProcessorChecker - Bean 'userMapper' of type [com.sun.proxy.$Proxy67] is not eligible for getting processed by all BeanPostProcessors (for example: not eligible for auto-proxying)
13:21:29.733 default [main] INFO  o.s.c.s.PostProcessorRegistrationDelegate$BeanPostProcessorChecker - Bean 'UserService' of type [cn.cllover.myblog.front.service.impl.UserServiceimpl] is not eligible for getting processed by all BeanPostProcessors (for example: not eligible for auto-proxying)
13:21:29.733 default [main] INFO  o.s.c.s.PostProcessorRegistrationDelegate$BeanPostProcessorChecker - Bean 'userRealm' of type [cn.cllover.myblog.common.Realm.UserRealm] is not eligible for getting processed by all BeanPostProcessors (for example: not eligible for auto-proxying)
13:21:29.739 default [main] INFO  o.s.c.s.PostProcessorRegistrationDelegate$BeanPostProcessorChecker - Bean 'redisManager' of type [org.crazycake.shiro.RedisManager] is not eligible for getting processed by all BeanPostProcessors (for example: not eligible for auto-proxying)
13:21:29.740 default [main] INFO  o.s.c.s.PostProcessorRegistrationDelegate$BeanPostProcessorChecker - Bean 'cacheManager' of type [org.crazycake.shiro.RedisCacheManager] is not eligible for getting processed by all BeanPostProcessors (for example: not eligible for auto-proxying)
13:21:29.745 default [main] INFO  o.s.c.s.PostProcessorRegistrationDelegate$BeanPostProcessorChecker - Bean 'securityManager' of type [org.apache.shiro.web.mgt.DefaultWebSecurityManager] is not eligible for getting processed by all BeanPostProcessors (for example: not eligible for auto-proxying)
13:21:29.814 default [main] INFO  o.s.c.s.PostProcessorRegistrationDelegate$BeanPostProcessorChecker - Bean 'authorizationAttributeSourceAdvisor' of type [org.apache.shiro.spring.security.interceptor.AuthorizationAttributeSourceAdvisor] is not eligible for getting processed by all BeanPostProcessors (for example: not eligible for auto-proxying)
13:21:29.880 default [main] INFO  o.s.c.s.PostProcessorRegistrationDelegate$BeanPostProcessorChecker - Bean 'org.springframework.transaction.annotation.ProxyTransactionManagementConfiguration' of type [org.springframework.transaction.annotation.ProxyTransactionManagementConfiguration$$EnhancerBySpringCGLIB$$905ba438] is not eligible for getting processed by all BeanPostProcessors (for example: not eligible for auto-proxying)
13:21:30.660 default [main] INFO  o.s.b.w.e.tomcat.TomcatWebServer - Tomcat initialized with port(s): 5200 (http)
13:21:30.681 default [main] INFO  o.a.coyote.http11.Http11NioProtocol - Initializing ProtocolHandler ["http-nio-5200"]
13:21:30.691 default [main] INFO  o.a.catalina.core.StandardService - Starting service [Tomcat]
13:21:30.691 default [main] INFO  o.a.catalina.core.StandardEngine - Starting Servlet engine: [Apache Tomcat/9.0.16]
13:21:30.699 default [main] INFO  o.a.c.core.AprLifecycleListener - The APR based Apache Tomcat Native library which allows optimal performance in production environments was not found on the java.library.path: [C:\Program Files\Java\jdk1.8.0_191\bin;C:\WINDOWS\Sun\Java\bin;C:\WINDOWS\system32;C:\WINDOWS;D:\Xshell\;D:\maven\apache-maven-3.6.0\bin;C:\Program Files (x86)\Common Files\Oracle\Java\javapath;C:\Program Files\Java\jdk1.8.0_191\bin;C:\Program Files (x86)\Intel\Intel(R) Management Engine Components\iCLS\;C:\Program Files\Intel\Intel(R) Management Engine Components\iCLS\;C:\Windows\system32;C:\Windows;C:\Windows\System32\Wbem;C:\Windows\System32\WindowsPowerShell\v1.0\;C:\Program Files (x86)\NVIDIA Corporation\PhysX\Common;C:\Program Files\Intel\WiFi\bin\;C:\Program Files\Common Files\Intel\WirelessCommon\;D:\MySQL\mysql-5.7.23-winx64\bin;C:\WINDOWS\system32;C:\WINDOWS;C:\WINDOWS\System32\Wbem;C:\WINDOWS\System32\WindowsPowerShell\v1.0\;C:\WINDOWS\System32\OpenSSH\;C:\Program Files (x86)\Intel\Intel(R) Management Engine Components\DAL;C:\Program Files\Intel\Intel(R) Management Engine Components\DAL;C:\Program Files (x86)\Intel\Intel(R) Management Engine Components\IPT;C:\Program Files\Intel\Intel(R) Management Engine Components\IPT;C:\Program Files\Java\jdk1.8.0_191\jre\bin;C:\Program Files\nodejs\;D:\SVN\bin;D:\GitHub\Git\cmd;D:\Gradle\gradle-5.3\bin;;C:\Program Files\NVIDIA Corporation\NVIDIA NvDLISR;D:\node.js\node_global;C:\Users\18609\AppData\Local\Microsoft\WindowsApps;C:\Program Files\Intel\WiFi\bin\;C:\Program Files\Common Files\Intel\WirelessCommon\;C:\Users\18609\AppData\Local\GitHubDesktop\bin;C:\Users\18609\AppData\Local\Microsoft\WindowsApps;C:\Users\18609\AppData\Roaming\npm;D:\VScode\Microsoft VS Code\bin;.]
13:21:30.922 default [main] INFO  o.a.c.c.C.[Tomcat].[localhost].[/] - Initializing Spring embedded WebApplicationContext
13:21:30.922 default [main] INFO  o.s.web.context.ContextLoader - Root WebApplicationContext: initialization completed in 4742 ms
13:21:33.157 default [main] INFO  o.s.s.c.ThreadPoolTaskExecutor - Initializing ExecutorService 'applicationTaskExecutor'
13:21:33.736 default [main] INFO  o.s.b.a.w.s.WelcomePageHandlerMapping - Adding welcome page template: index
13:21:33.878 default [main] INFO  t.m.m.a.MapperCacheDisabler - Clear tk.mybatis.mapper.util.MsUtil CLASS_CACHE cache.
13:21:33.881 default [main] INFO  t.m.m.a.MapperCacheDisabler - Clear tk.mybatis.mapper.genid.GenIdUtil CACHE cache.
13:21:33.883 default [main] INFO  t.m.m.a.MapperCacheDisabler - Clear tk.mybatis.mapper.version.VersionUtil CACHE cache.
13:21:33.884 default [main] INFO  t.m.m.a.MapperCacheDisabler - Clear EntityHelper entityTableMap cache.
13:21:35.134 default [main] INFO  o.a.coyote.http11.Http11NioProtocol - Starting ProtocolHandler ["http-nio-5200"]
13:21:35.179 default [main] INFO  o.s.b.w.e.tomcat.TomcatWebServer - Tomcat started on port(s): 5200 (http) with context path ''
13:21:35.183 default [main] INFO  cn.cllover.myblog.MyblogApplication - Started MyblogApplication in 10.745 seconds (JVM running for 13.143)
13:21:35.187 default [main] INFO  cn.cllover.myblog.MyblogApplication - ====================cllover--INFO============
13:21:37.653 default [http-nio-5200-exec-1] INFO  o.a.c.c.C.[Tomcat].[localhost].[/] - Initializing Spring DispatcherServlet 'dispatcherServlet'
13:21:37.654 default [http-nio-5200-exec-1] INFO  o.s.web.servlet.DispatcherServlet - Initializing Servlet 'dispatcherServlet'
13:21:37.674 default [http-nio-5200-exec-1] INFO  o.s.web.servlet.DispatcherServlet - Completed initialization in 20 ms
13:21:37.693 default [http-nio-5200-exec-1] INFO  o.a.s.s.m.AbstractValidatingSessionManager - Enabling session validation scheduler...
13:21:37.927 default [http-nio-5200-exec-1] INFO  c.alibaba.druid.pool.DruidDataSource - {dataSource-1} inited
13:21:39.759 default [http-nio-5200-exec-4] INFO  c.c.myblog.common.Aspect.SLogAspect - 目标方法在执行:---:getAll
13:21:39.923 default [http-nio-5200-exec-4] INFO  c.c.myblog.common.Aspect.SLogAspect - 当前请求用户id:15436996140；当前请求地址:/u/home/getArt/15436996140；当前类名:cn.cllover.myblog.front.controller.UserController
13:21:39.924 default [http-nio-5200-exec-4] INFO  c.c.myblog.common.Aspect.SLogAspect - 当前方法名:getAll；当前方法参数值:[15436996140, 1]
13:23:09.586 default [http-nio-5200-exec-5] INFO  c.c.myblog.common.Aspect.SLogAspect - 目标方法在执行:---:login
13:23:12.016 default [http-nio-5200-exec-9] INFO  c.c.myblog.common.Aspect.SLogAspect - 目标方法在执行:---:login
13:23:23.603 default [http-nio-5200-exec-2] INFO  c.c.myblog.common.Aspect.SLogAspect - 目标方法在执行:---:login
13:23:23.914 default [http-nio-5200-exec-2] INFO  c.c.myblog.common.Aspect.SLogAspect - 当前请求用户id:15436996140；当前请求地址:/login；当前类名:cn.cllover.myblog.front.controller.loginController
13:23:23.914 default [http-nio-5200-exec-2] INFO  c.c.myblog.common.Aspect.SLogAspect - 当前方法名:login；当前方法参数值:[org.apache.shiro.web.servlet.ShiroHttpServletRequest@532699c4, org.apache.shiro.web.servlet.ShiroHttpServletResponse@4d6daa2, root, 082999, p6xc, false]
13:23:23.968 default [http-nio-5200-exec-5] INFO  c.c.myblog.common.Aspect.SLogAspect - 目标方法在执行:---:index
13:23:23.981 default [http-nio-5200-exec-5] INFO  c.c.myblog.common.Aspect.SLogAspect - 当前请求用户id:15436996140；当前请求地址:/index；当前类名:cn.cllover.myblog.front.controller.loginController
13:23:23.982 default [http-nio-5200-exec-5] INFO  c.c.myblog.common.Aspect.SLogAspect - 当前方法名:index；当前方法参数值:[{user=User{userId=15436996140, userUsname='生而自由', userPass='6e7a49dc064e7e65d4d591f4fbbf845d', userPhone=1860993956, userEmail='18609933956@163.com', userQq=1543699614, userAge=22, userName='root', userSex='1', userBirthday=Thu Jul 31 00:00:00 CST 1997, userAddress='天津市', userPhoto='static/head_photo/u=3198678.jpg', userStatus=1, userDesc='AAAAAAAAAAAAAA', userRegisterDate=Wed Apr 24 09:22:05 CST 2019, userRegisterIp='192.168.0.1', userFrozen=1000}}, org.apache.shiro.web.servlet.ShiroHttpSession@a5091ef, org.apache.shiro.web.servlet.ShiroHttpServletRequest@1a401661]
13:23:25.909 default [http-nio-5200-exec-1] INFO  c.c.myblog.common.Aspect.SLogAspect - 目标方法在执行:---:getAll
13:23:25.956 default [http-nio-5200-exec-1] INFO  c.c.myblog.common.Aspect.SLogAspect - 当前请求用户id:15436996140；当前请求地址:/u/home/getArt/15436996140；当前类名:cn.cllover.myblog.front.controller.UserController
13:23:25.957 default [http-nio-5200-exec-1] INFO  c.c.myblog.common.Aspect.SLogAspect - 当前方法名:getAll；当前方法参数值:[15436996140, 1]
13:23:27.180 default [http-nio-5200-exec-4] INFO  c.c.myblog.common.Aspect.SLogAspect - 目标方法在执行:---:getAll
13:23:27.219 default [http-nio-5200-exec-4] INFO  c.c.myblog.common.Aspect.SLogAspect - 当前请求用户id:15436996140；当前请求地址:/u/home/getArt/15436996140；当前类名:cn.cllover.myblog.front.controller.UserController
13:23:27.219 default [http-nio-5200-exec-4] INFO  c.c.myblog.common.Aspect.SLogAspect - 当前方法名:getAll；当前方法参数值:[15436996140, 1]
13:23:51.016 default [main] INFO  cn.cllover.myblog.MyblogApplication - Starting MyblogApplication on Hello with PID 34892 (D:\workspace\myblog\target\classes started by 18609 in D:\workspace\myblog)
13:23:51.027 default [main] INFO  cn.cllover.myblog.MyblogApplication - No active profile set, falling back to default profiles: default
13:23:53.405 default [main] INFO  o.s.d.r.c.RepositoryConfigurationDelegate - Multiple Spring Data modules found, entering strict repository configuration mode!
13:23:53.411 default [main] INFO  o.s.d.r.c.RepositoryConfigurationDelegate - Bootstrapping Spring Data repositories in DEFAULT mode.
13:23:53.533 default [main] INFO  o.s.d.r.c.RepositoryConfigurationDelegate - Finished Spring Data repository scanning in 90ms. Found 0 repository interfaces.
13:23:54.606 default [main] INFO  o.s.c.s.PostProcessorRegistrationDelegate$BeanPostProcessorChecker - Bean 'shiroConfig' of type [cn.cllover.myblog.common.config.ShiroConfig$$EnhancerBySpringCGLIB$$fb51ff62] is not eligible for getting processed by all BeanPostProcessors (for example: not eligible for auto-proxying)
13:23:55.473 default [main] INFO  o.s.c.s.PostProcessorRegistrationDelegate$BeanPostProcessorChecker - Bean 'hashedCredentialsMatcher' of type [org.apache.shiro.authc.credential.HashedCredentialsMatcher] is not eligible for getting processed by all BeanPostProcessors (for example: not eligible for auto-proxying)
13:23:55.563 default [main] INFO  o.s.c.s.PostProcessorRegistrationDelegate$BeanPostProcessorChecker - Bean 'mybatis-tk.mybatis.mapper.autoconfigure.MybatisProperties' of type [tk.mybatis.mapper.autoconfigure.MybatisProperties] is not eligible for getting processed by all BeanPostProcessors (for example: not eligible for auto-proxying)
13:23:55.575 default [main] INFO  o.s.c.s.PostProcessorRegistrationDelegate$BeanPostProcessorChecker - Bean 'tk.mybatis.mapper.autoconfigure.MapperAutoConfiguration' of type [tk.mybatis.mapper.autoconfigure.MapperAutoConfiguration$$EnhancerBySpringCGLIB$$a5e3c52] is not eligible for getting processed by all BeanPostProcessors (for example: not eligible for auto-proxying)
13:23:55.579 default [main] INFO  o.s.c.s.PostProcessorRegistrationDelegate$BeanPostProcessorChecker - Bean 'org.springframework.boot.autoconfigure.jdbc.DataSourceConfiguration$Generic' of type [org.springframework.boot.autoconfigure.jdbc.DataSourceConfiguration$Generic] is not eligible for getting processed by all BeanPostProcessors (for example: not eligible for auto-proxying)
13:23:55.604 default [main] INFO  o.s.c.s.PostProcessorRegistrationDelegate$BeanPostProcessorChecker - Bean 'spring.datasource-org.springframework.boot.autoconfigure.jdbc.DataSourceProperties' of type [org.springframework.boot.autoconfigure.jdbc.DataSourceProperties] is not eligible for getting processed by all BeanPostProcessors (for example: not eligible for auto-proxying)
13:23:55.692 default [main] INFO  o.s.c.s.PostProcessorRegistrationDelegate$BeanPostProcessorChecker - Bean 'dataSource' of type [com.alibaba.druid.pool.DruidDataSource] is not eligible for getting processed by all BeanPostProcessors (for example: not eligible for auto-proxying)
13:23:56.259 default [main] INFO  o.s.c.s.PostProcessorRegistrationDelegate$BeanPostProcessorChecker - Bean 'sqlSessionFactory' of type [org.apache.ibatis.session.defaults.DefaultSqlSessionFactory] is not eligible for getting processed by all BeanPostProcessors (for example: not eligible for auto-proxying)
13:23:56.269 default [main] INFO  o.s.c.s.PostProcessorRegistrationDelegate$BeanPostProcessorChecker - Bean 'sqlSessionTemplate' of type [org.mybatis.spring.SqlSessionTemplate] is not eligible for getting processed by all BeanPostProcessors (for example: not eligible for auto-proxying)
13:23:56.383 default [main] INFO  o.s.c.s.PostProcessorRegistrationDelegate$BeanPostProcessorChecker - Bean 'userMapper' of type [tk.mybatis.spring.mapper.MapperFactoryBean] is not eligible for getting processed by all BeanPostProcessors (for example: not eligible for auto-proxying)
13:23:56.388 default [main] INFO  o.s.c.s.PostProcessorRegistrationDelegate$BeanPostProcessorChecker - Bean 'userMapper' of type [com.sun.proxy.$Proxy67] is not eligible for getting processed by all BeanPostProcessors (for example: not eligible for auto-proxying)
13:23:56.390 default [main] INFO  o.s.c.s.PostProcessorRegistrationDelegate$BeanPostProcessorChecker - Bean 'UserService' of type [cn.cllover.myblog.front.service.impl.UserServiceimpl] is not eligible for getting processed by all BeanPostProcessors (for example: not eligible for auto-proxying)
13:23:56.391 default [main] INFO  o.s.c.s.PostProcessorRegistrationDelegate$BeanPostProcessorChecker - Bean 'userRealm' of type [cn.cllover.myblog.common.Realm.UserRealm] is not eligible for getting processed by all BeanPostProcessors (for example: not eligible for auto-proxying)
13:23:56.396 default [main] INFO  o.s.c.s.PostProcessorRegistrationDelegate$BeanPostProcessorChecker - Bean 'redisManager' of type [org.crazycake.shiro.RedisManager] is not eligible for getting processed by all BeanPostProcessors (for example: not eligible for auto-proxying)
13:23:56.397 default [main] INFO  o.s.c.s.PostProcessorRegistrationDelegate$BeanPostProcessorChecker - Bean 'cacheManager' of type [org.crazycake.shiro.RedisCacheManager] is not eligible for getting processed by all BeanPostProcessors (for example: not eligible for auto-proxying)
13:23:56.408 default [main] INFO  o.s.c.s.PostProcessorRegistrationDelegate$BeanPostProcessorChecker - Bean 'securityManager' of type [org.apache.shiro.web.mgt.DefaultWebSecurityManager] is not eligible for getting processed by all BeanPostProcessors (for example: not eligible for auto-proxying)
13:23:56.480 default [main] INFO  o.s.c.s.PostProcessorRegistrationDelegate$BeanPostProcessorChecker - Bean 'authorizationAttributeSourceAdvisor' of type [org.apache.shiro.spring.security.interceptor.AuthorizationAttributeSourceAdvisor] is not eligible for getting processed by all BeanPostProcessors (for example: not eligible for auto-proxying)
13:23:56.562 default [main] INFO  o.s.c.s.PostProcessorRegistrationDelegate$BeanPostProcessorChecker - Bean 'org.springframework.transaction.annotation.ProxyTransactionManagementConfiguration' of type [org.springframework.transaction.annotation.ProxyTransactionManagementConfiguration$$EnhancerBySpringCGLIB$$546d94b9] is not eligible for getting processed by all BeanPostProcessors (for example: not eligible for auto-proxying)
13:23:57.446 default [main] INFO  o.s.b.w.e.tomcat.TomcatWebServer - Tomcat initialized with port(s): 5200 (http)
13:23:57.467 default [main] INFO  o.a.coyote.http11.Http11NioProtocol - Initializing ProtocolHandler ["http-nio-5200"]
13:23:57.477 default [main] INFO  o.a.catalina.core.StandardService - Starting service [Tomcat]
13:23:57.478 default [main] INFO  o.a.catalina.core.StandardEngine - Starting Servlet engine: [Apache Tomcat/9.0.16]
13:23:57.488 default [main] INFO  o.a.c.core.AprLifecycleListener - The APR based Apache Tomcat Native library which allows optimal performance in production environments was not found on the java.library.path: [C:\Program Files\Java\jdk1.8.0_191\bin;C:\WINDOWS\Sun\Java\bin;C:\WINDOWS\system32;C:\WINDOWS;D:\Xshell\;D:\maven\apache-maven-3.6.0\bin;C:\Program Files (x86)\Common Files\Oracle\Java\javapath;C:\Program Files\Java\jdk1.8.0_191\bin;C:\Program Files (x86)\Intel\Intel(R) Management Engine Components\iCLS\;C:\Program Files\Intel\Intel(R) Management Engine Components\iCLS\;C:\Windows\system32;C:\Windows;C:\Windows\System32\Wbem;C:\Windows\System32\WindowsPowerShell\v1.0\;C:\Program Files (x86)\NVIDIA Corporation\PhysX\Common;C:\Program Files\Intel\WiFi\bin\;C:\Program Files\Common Files\Intel\WirelessCommon\;D:\MySQL\mysql-5.7.23-winx64\bin;C:\WINDOWS\system32;C:\WINDOWS;C:\WINDOWS\System32\Wbem;C:\WINDOWS\System32\WindowsPowerShell\v1.0\;C:\WINDOWS\System32\OpenSSH\;C:\Program Files (x86)\Intel\Intel(R) Management Engine Components\DAL;C:\Program Files\Intel\Intel(R) Management Engine Components\DAL;C:\Program Files (x86)\Intel\Intel(R) Management Engine Components\IPT;C:\Program Files\Intel\Intel(R) Management Engine Components\IPT;C:\Program Files\Java\jdk1.8.0_191\jre\bin;C:\Program Files\nodejs\;D:\SVN\bin;D:\GitHub\Git\cmd;D:\Gradle\gradle-5.3\bin;;C:\Program Files\NVIDIA Corporation\NVIDIA NvDLISR;D:\node.js\node_global;C:\Users\18609\AppData\Local\Microsoft\WindowsApps;C:\Program Files\Intel\WiFi\bin\;C:\Program Files\Common Files\Intel\WirelessCommon\;C:\Users\18609\AppData\Local\GitHubDesktop\bin;C:\Users\18609\AppData\Local\Microsoft\WindowsApps;C:\Users\18609\AppData\Roaming\npm;D:\VScode\Microsoft VS Code\bin;.]
13:23:57.723 default [main] INFO  o.a.c.c.C.[Tomcat].[localhost].[/] - Initializing Spring embedded WebApplicationContext
13:23:57.724 default [main] INFO  o.s.web.context.ContextLoader - Root WebApplicationContext: initialization completed in 6412 ms
13:23:59.789 default [main] INFO  o.s.s.c.ThreadPoolTaskExecutor - Initializing ExecutorService 'applicationTaskExecutor'
13:24:00.144 default [main] INFO  o.s.b.a.w.s.WelcomePageHandlerMapping - Adding welcome page template: index
13:24:00.204 default [main] INFO  t.m.m.a.MapperCacheDisabler - Clear tk.mybatis.mapper.util.MsUtil CLASS_CACHE cache.
13:24:00.205 default [main] INFO  t.m.m.a.MapperCacheDisabler - Clear tk.mybatis.mapper.genid.GenIdUtil CACHE cache.
13:24:00.206 default [main] INFO  t.m.m.a.MapperCacheDisabler - Clear tk.mybatis.mapper.version.VersionUtil CACHE cache.
13:24:00.206 default [main] INFO  t.m.m.a.MapperCacheDisabler - Clear EntityHelper entityTableMap cache.
13:24:01.000 default [main] INFO  o.a.coyote.http11.Http11NioProtocol - Starting ProtocolHandler ["http-nio-5200"]
13:24:01.052 default [main] INFO  o.s.b.w.e.tomcat.TomcatWebServer - Tomcat started on port(s): 5200 (http) with context path ''
13:24:01.057 default [main] INFO  cn.cllover.myblog.MyblogApplication - Started MyblogApplication in 11.417 seconds (JVM running for 14.297)
13:24:01.061 default [main] INFO  cn.cllover.myblog.MyblogApplication - ====================cllover--INFO============
13:24:03.057 default [http-nio-5200-exec-1] INFO  o.a.c.c.C.[Tomcat].[localhost].[/] - Initializing Spring DispatcherServlet 'dispatcherServlet'
13:24:03.057 default [http-nio-5200-exec-1] INFO  o.s.web.servlet.DispatcherServlet - Initializing Servlet 'dispatcherServlet'
13:24:03.084 default [http-nio-5200-exec-1] INFO  o.s.web.servlet.DispatcherServlet - Completed initialization in 26 ms
13:24:03.112 default [http-nio-5200-exec-1] INFO  o.a.s.s.m.AbstractValidatingSessionManager - Enabling session validation scheduler...
13:24:03.349 default [http-nio-5200-exec-1] INFO  c.alibaba.druid.pool.DruidDataSource - {dataSource-1} inited
13:24:05.133 default [http-nio-5200-exec-5] INFO  c.c.myblog.common.Aspect.SLogAspect - 目标方法在执行:---:getAll
13:24:05.301 default [http-nio-5200-exec-5] INFO  c.c.myblog.common.Aspect.SLogAspect - 当前请求用户id:15436996140；当前请求地址:/u/home/getArt/15436996140；当前类名:cn.cllover.myblog.front.controller.UserController
13:24:05.301 default [http-nio-5200-exec-5] INFO  c.c.myblog.common.Aspect.SLogAspect - 当前方法名:getAll；当前方法参数值:[15436996140, 1]
13:24:12.236 default [http-nio-5200-exec-6] INFO  c.c.myblog.common.Aspect.SLogAspect - 目标方法在执行:---:getAll
13:24:12.274 default [http-nio-5200-exec-6] INFO  c.c.myblog.common.Aspect.SLogAspect - 当前请求用户id:15436996140；当前请求地址:/u/home/getArt/15436996140；当前类名:cn.cllover.myblog.front.controller.UserController
13:24:12.275 default [http-nio-5200-exec-6] INFO  c.c.myblog.common.Aspect.SLogAspect - 当前方法名:getAll；当前方法参数值:[15436996140, 1]
13:25:10.537 default [main] INFO  cn.cllover.myblog.MyblogApplication - Starting MyblogApplication on Hello with PID 53572 (D:\workspace\myblog\target\classes started by 18609 in D:\workspace\myblog)
13:25:10.540 default [main] INFO  cn.cllover.myblog.MyblogApplication - No active profile set, falling back to default profiles: default
13:25:12.201 default [main] INFO  o.s.d.r.c.RepositoryConfigurationDelegate - Multiple Spring Data modules found, entering strict repository configuration mode!
13:25:12.205 default [main] INFO  o.s.d.r.c.RepositoryConfigurationDelegate - Bootstrapping Spring Data repositories in DEFAULT mode.
13:25:12.300 default [main] INFO  o.s.d.r.c.RepositoryConfigurationDelegate - Finished Spring Data repository scanning in 72ms. Found 0 repository interfaces.
13:25:12.920 default [main] INFO  o.s.c.s.PostProcessorRegistrationDelegate$BeanPostProcessorChecker - Bean 'shiroConfig' of type [cn.cllover.myblog.common.config.ShiroConfig$$EnhancerBySpringCGLIB$$607772de] is not eligible for getting processed by all BeanPostProcessors (for example: not eligible for auto-proxying)
13:25:13.581 default [main] INFO  o.s.c.s.PostProcessorRegistrationDelegate$BeanPostProcessorChecker - Bean 'hashedCredentialsMatcher' of type [org.apache.shiro.authc.credential.HashedCredentialsMatcher] is not eligible for getting processed by all BeanPostProcessors (for example: not eligible for auto-proxying)
13:25:13.725 default [main] INFO  o.s.c.s.PostProcessorRegistrationDelegate$BeanPostProcessorChecker - Bean 'mybatis-tk.mybatis.mapper.autoconfigure.MybatisProperties' of type [tk.mybatis.mapper.autoconfigure.MybatisProperties] is not eligible for getting processed by all BeanPostProcessors (for example: not eligible for auto-proxying)
13:25:13.746 default [main] INFO  o.s.c.s.PostProcessorRegistrationDelegate$BeanPostProcessorChecker - Bean 'tk.mybatis.mapper.autoconfigure.MapperAutoConfiguration' of type [tk.mybatis.mapper.autoconfigure.MapperAutoConfiguration$$EnhancerBySpringCGLIB$$6f83afce] is not eligible for getting processed by all BeanPostProcessors (for example: not eligible for auto-proxying)
13:25:13.749 default [main] INFO  o.s.c.s.PostProcessorRegistrationDelegate$BeanPostProcessorChecker - Bean 'org.springframework.boot.autoconfigure.jdbc.DataSourceConfiguration$Generic' of type [org.springframework.boot.autoconfigure.jdbc.DataSourceConfiguration$Generic] is not eligible for getting processed by all BeanPostProcessors (for example: not eligible for auto-proxying)
13:25:13.781 default [main] INFO  o.s.c.s.PostProcessorRegistrationDelegate$BeanPostProcessorChecker - Bean 'spring.datasource-org.springframework.boot.autoconfigure.jdbc.DataSourceProperties' of type [org.springframework.boot.autoconfigure.jdbc.DataSourceProperties] is not eligible for getting processed by all BeanPostProcessors (for example: not eligible for auto-proxying)
13:25:13.911 default [main] INFO  o.s.c.s.PostProcessorRegistrationDelegate$BeanPostProcessorChecker - Bean 'dataSource' of type [com.alibaba.druid.pool.DruidDataSource] is not eligible for getting processed by all BeanPostProcessors (for example: not eligible for auto-proxying)
13:25:14.463 default [main] INFO  o.s.c.s.PostProcessorRegistrationDelegate$BeanPostProcessorChecker - Bean 'sqlSessionFactory' of type [org.apache.ibatis.session.defaults.DefaultSqlSessionFactory] is not eligible for getting processed by all BeanPostProcessors (for example: not eligible for auto-proxying)
13:25:14.470 default [main] INFO  o.s.c.s.PostProcessorRegistrationDelegate$BeanPostProcessorChecker - Bean 'sqlSessionTemplate' of type [org.mybatis.spring.SqlSessionTemplate] is not eligible for getting processed by all BeanPostProcessors (for example: not eligible for auto-proxying)
13:25:14.595 default [main] INFO  o.s.c.s.PostProcessorRegistrationDelegate$BeanPostProcessorChecker - Bean 'userMapper' of type [tk.mybatis.spring.mapper.MapperFactoryBean] is not eligible for getting processed by all BeanPostProcessors (for example: not eligible for auto-proxying)
13:25:14.597 default [main] INFO  o.s.c.s.PostProcessorRegistrationDelegate$BeanPostProcessorChecker - Bean 'userMapper' of type [com.sun.proxy.$Proxy67] is not eligible for getting processed by all BeanPostProcessors (for example: not eligible for auto-proxying)
13:25:14.599 default [main] INFO  o.s.c.s.PostProcessorRegistrationDelegate$BeanPostProcessorChecker - Bean 'UserService' of type [cn.cllover.myblog.front.service.impl.UserServiceimpl] is not eligible for getting processed by all BeanPostProcessors (for example: not eligible for auto-proxying)
13:25:14.600 default [main] INFO  o.s.c.s.PostProcessorRegistrationDelegate$BeanPostProcessorChecker - Bean 'userRealm' of type [cn.cllover.myblog.common.Realm.UserRealm] is not eligible for getting processed by all BeanPostProcessors (for example: not eligible for auto-proxying)
13:25:14.606 default [main] INFO  o.s.c.s.PostProcessorRegistrationDelegate$BeanPostProcessorChecker - Bean 'redisManager' of type [org.crazycake.shiro.RedisManager] is not eligible for getting processed by all BeanPostProcessors (for example: not eligible for auto-proxying)
13:25:14.607 default [main] INFO  o.s.c.s.PostProcessorRegistrationDelegate$BeanPostProcessorChecker - Bean 'cacheManager' of type [org.crazycake.shiro.RedisCacheManager] is not eligible for getting processed by all BeanPostProcessors (for example: not eligible for auto-proxying)
13:25:14.612 default [main] INFO  o.s.c.s.PostProcessorRegistrationDelegate$BeanPostProcessorChecker - Bean 'securityManager' of type [org.apache.shiro.web.mgt.DefaultWebSecurityManager] is not eligible for getting processed by all BeanPostProcessors (for example: not eligible for auto-proxying)
13:25:14.683 default [main] INFO  o.s.c.s.PostProcessorRegistrationDelegate$BeanPostProcessorChecker - Bean 'authorizationAttributeSourceAdvisor' of type [org.apache.shiro.spring.security.interceptor.AuthorizationAttributeSourceAdvisor] is not eligible for getting processed by all BeanPostProcessors (for example: not eligible for auto-proxying)
13:25:14.755 default [main] INFO  o.s.c.s.PostProcessorRegistrationDelegate$BeanPostProcessorChecker - Bean 'org.springframework.transaction.annotation.ProxyTransactionManagementConfiguration' of type [org.springframework.transaction.annotation.ProxyTransactionManagementConfiguration$$EnhancerBySpringCGLIB$$b9930835] is not eligible for getting processed by all BeanPostProcessors (for example: not eligible for auto-proxying)
13:25:15.601 default [main] INFO  o.s.b.w.e.tomcat.TomcatWebServer - Tomcat initialized with port(s): 5200 (http)
13:25:15.621 default [main] INFO  o.a.coyote.http11.Http11NioProtocol - Initializing ProtocolHandler ["http-nio-5200"]
13:25:15.635 default [main] INFO  o.a.catalina.core.StandardService - Starting service [Tomcat]
13:25:15.635 default [main] INFO  o.a.catalina.core.StandardEngine - Starting Servlet engine: [Apache Tomcat/9.0.16]
13:25:15.643 default [main] INFO  o.a.c.core.AprLifecycleListener - The APR based Apache Tomcat Native library which allows optimal performance in production environments was not found on the java.library.path: [C:\Program Files\Java\jdk1.8.0_191\bin;C:\WINDOWS\Sun\Java\bin;C:\WINDOWS\system32;C:\WINDOWS;D:\Xshell\;D:\maven\apache-maven-3.6.0\bin;C:\Program Files (x86)\Common Files\Oracle\Java\javapath;C:\Program Files\Java\jdk1.8.0_191\bin;C:\Program Files (x86)\Intel\Intel(R) Management Engine Components\iCLS\;C:\Program Files\Intel\Intel(R) Management Engine Components\iCLS\;C:\Windows\system32;C:\Windows;C:\Windows\System32\Wbem;C:\Windows\System32\WindowsPowerShell\v1.0\;C:\Program Files (x86)\NVIDIA Corporation\PhysX\Common;C:\Program Files\Intel\WiFi\bin\;C:\Program Files\Common Files\Intel\WirelessCommon\;D:\MySQL\mysql-5.7.23-winx64\bin;C:\WINDOWS\system32;C:\WINDOWS;C:\WINDOWS\System32\Wbem;C:\WINDOWS\System32\WindowsPowerShell\v1.0\;C:\WINDOWS\System32\OpenSSH\;C:\Program Files (x86)\Intel\Intel(R) Management Engine Components\DAL;C:\Program Files\Intel\Intel(R) Management Engine Components\DAL;C:\Program Files (x86)\Intel\Intel(R) Management Engine Components\IPT;C:\Program Files\Intel\Intel(R) Management Engine Components\IPT;C:\Program Files\Java\jdk1.8.0_191\jre\bin;C:\Program Files\nodejs\;D:\SVN\bin;D:\GitHub\Git\cmd;D:\Gradle\gradle-5.3\bin;;C:\Program Files\NVIDIA Corporation\NVIDIA NvDLISR;D:\node.js\node_global;C:\Users\18609\AppData\Local\Microsoft\WindowsApps;C:\Program Files\Intel\WiFi\bin\;C:\Program Files\Common Files\Intel\WirelessCommon\;C:\Users\18609\AppData\Local\GitHubDesktop\bin;C:\Users\18609\AppData\Local\Microsoft\WindowsApps;C:\Users\18609\AppData\Roaming\npm;D:\VScode\Microsoft VS Code\bin;.]
13:25:15.867 default [main] INFO  o.a.c.c.C.[Tomcat].[localhost].[/] - Initializing Spring embedded WebApplicationContext
13:25:15.868 default [main] INFO  o.s.web.context.ContextLoader - Root WebApplicationContext: initialization completed in 5149 ms
13:25:17.671 default [main] INFO  o.s.s.c.ThreadPoolTaskExecutor - Initializing ExecutorService 'applicationTaskExecutor'
13:25:18.028 default [main] INFO  o.s.b.a.w.s.WelcomePageHandlerMapping - Adding welcome page template: index
13:25:18.082 default [main] INFO  t.m.m.a.MapperCacheDisabler - Clear tk.mybatis.mapper.util.MsUtil CLASS_CACHE cache.
13:25:18.084 default [main] INFO  t.m.m.a.MapperCacheDisabler - Clear tk.mybatis.mapper.genid.GenIdUtil CACHE cache.
13:25:18.087 default [main] INFO  t.m.m.a.MapperCacheDisabler - Clear tk.mybatis.mapper.version.VersionUtil CACHE cache.
13:25:18.087 default [main] INFO  t.m.m.a.MapperCacheDisabler - Clear EntityHelper entityTableMap cache.
13:25:18.975 default [main] INFO  o.a.coyote.http11.Http11NioProtocol - Starting ProtocolHandler ["http-nio-5200"]
13:25:19.052 default [main] INFO  o.s.b.w.e.tomcat.TomcatWebServer - Tomcat started on port(s): 5200 (http) with context path ''
13:25:19.060 default [main] INFO  cn.cllover.myblog.MyblogApplication - Started MyblogApplication in 9.498 seconds (JVM running for 11.194)
13:25:19.066 default [main] INFO  cn.cllover.myblog.MyblogApplication - ====================cllover--INFO============
13:25:25.228 default [http-nio-5200-exec-1] INFO  o.a.c.c.C.[Tomcat].[localhost].[/] - Initializing Spring DispatcherServlet 'dispatcherServlet'
13:25:25.229 default [http-nio-5200-exec-1] INFO  o.s.web.servlet.DispatcherServlet - Initializing Servlet 'dispatcherServlet'
13:25:25.246 default [http-nio-5200-exec-1] INFO  o.s.web.servlet.DispatcherServlet - Completed initialization in 17 ms
13:25:25.268 default [http-nio-5200-exec-1] INFO  o.a.s.s.m.AbstractValidatingSessionManager - Enabling session validation scheduler...
13:25:25.484 default [http-nio-5200-exec-1] INFO  c.alibaba.druid.pool.DruidDataSource - {dataSource-1} inited
13:25:26.832 default [http-nio-5200-exec-5] INFO  c.c.myblog.common.Aspect.SLogAspect - 目标方法在执行:---:getAll
13:25:26.981 default [http-nio-5200-exec-5] INFO  c.c.myblog.common.Aspect.SLogAspect - 当前请求用户id:15436996140；当前请求地址:/u/home/getArt/15436996140；当前类名:cn.cllover.myblog.front.controller.UserController
13:25:26.982 default [http-nio-5200-exec-5] INFO  c.c.myblog.common.Aspect.SLogAspect - 当前方法名:getAll；当前方法参数值:[15436996140, 1]
13:27:46.782 default [http-nio-5200-exec-10] INFO  c.c.myblog.common.Aspect.SLogAspect - 目标方法在执行:---:getAll
13:27:46.842 default [http-nio-5200-exec-10] INFO  c.c.myblog.common.Aspect.SLogAspect - 当前请求用户id:15436996140；当前请求地址:/u/home/getArt/15436996140；当前类名:cn.cllover.myblog.front.controller.UserController
13:27:46.843 default [http-nio-5200-exec-10] INFO  c.c.myblog.common.Aspect.SLogAspect - 当前方法名:getAll；当前方法参数值:[15436996140, 1]
13:28:09.168 default [main] INFO  cn.cllover.myblog.MyblogApplication - Starting MyblogApplication on Hello with PID 57100 (D:\workspace\myblog\target\classes started by 18609 in D:\workspace\myblog)
13:28:09.173 default [main] INFO  cn.cllover.myblog.MyblogApplication - No active profile set, falling back to default profiles: default
13:28:10.975 default [main] INFO  o.s.d.r.c.RepositoryConfigurationDelegate - Multiple Spring Data modules found, entering strict repository configuration mode!
13:28:10.980 default [main] INFO  o.s.d.r.c.RepositoryConfigurationDelegate - Bootstrapping Spring Data repositories in DEFAULT mode.
13:28:11.085 default [main] INFO  o.s.d.r.c.RepositoryConfigurationDelegate - Finished Spring Data repository scanning in 80ms. Found 0 repository interfaces.
13:28:11.870 default [main] INFO  o.s.c.s.PostProcessorRegistrationDelegate$BeanPostProcessorChecker - Bean 'shiroConfig' of type [cn.cllover.myblog.common.config.ShiroConfig$$EnhancerBySpringCGLIB$$c8ee8b4a] is not eligible for getting processed by all BeanPostProcessors (for example: not eligible for auto-proxying)
13:28:12.464 default [main] INFO  o.s.c.s.PostProcessorRegistrationDelegate$BeanPostProcessorChecker - Bean 'hashedCredentialsMatcher' of type [org.apache.shiro.authc.credential.HashedCredentialsMatcher] is not eligible for getting processed by all BeanPostProcessors (for example: not eligible for auto-proxying)
13:28:12.549 default [main] INFO  o.s.c.s.PostProcessorRegistrationDelegate$BeanPostProcessorChecker - Bean 'mybatis-tk.mybatis.mapper.autoconfigure.MybatisProperties' of type [tk.mybatis.mapper.autoconfigure.MybatisProperties] is not eligible for getting processed by all BeanPostProcessors (for example: not eligible for auto-proxying)
13:28:12.561 default [main] INFO  o.s.c.s.PostProcessorRegistrationDelegate$BeanPostProcessorChecker - Bean 'tk.mybatis.mapper.autoconfigure.MapperAutoConfiguration' of type [tk.mybatis.mapper.autoconfigure.MapperAutoConfiguration$$EnhancerBySpringCGLIB$$d7fac83a] is not eligible for getting processed by all BeanPostProcessors (for example: not eligible for auto-proxying)
13:28:12.562 default [main] INFO  o.s.c.s.PostProcessorRegistrationDelegate$BeanPostProcessorChecker - Bean 'org.springframework.boot.autoconfigure.jdbc.DataSourceConfiguration$Generic' of type [org.springframework.boot.autoconfigure.jdbc.DataSourceConfiguration$Generic] is not eligible for getting processed by all BeanPostProcessors (for example: not eligible for auto-proxying)
13:28:12.580 default [main] INFO  o.s.c.s.PostProcessorRegistrationDelegate$BeanPostProcessorChecker - Bean 'spring.datasource-org.springframework.boot.autoconfigure.jdbc.DataSourceProperties' of type [org.springframework.boot.autoconfigure.jdbc.DataSourceProperties] is not eligible for getting processed by all BeanPostProcessors (for example: not eligible for auto-proxying)
13:28:12.644 default [main] INFO  o.s.c.s.PostProcessorRegistrationDelegate$BeanPostProcessorChecker - Bean 'dataSource' of type [com.alibaba.druid.pool.DruidDataSource] is not eligible for getting processed by all BeanPostProcessors (for example: not eligible for auto-proxying)
13:28:13.159 default [main] INFO  o.s.c.s.PostProcessorRegistrationDelegate$BeanPostProcessorChecker - Bean 'sqlSessionFactory' of type [org.apache.ibatis.session.defaults.DefaultSqlSessionFactory] is not eligible for getting processed by all BeanPostProcessors (for example: not eligible for auto-proxying)
13:28:13.167 default [main] INFO  o.s.c.s.PostProcessorRegistrationDelegate$BeanPostProcessorChecker - Bean 'sqlSessionTemplate' of type [org.mybatis.spring.SqlSessionTemplate] is not eligible for getting processed by all BeanPostProcessors (for example: not eligible for auto-proxying)
13:28:13.324 default [main] INFO  o.s.c.s.PostProcessorRegistrationDelegate$BeanPostProcessorChecker - Bean 'userMapper' of type [tk.mybatis.spring.mapper.MapperFactoryBean] is not eligible for getting processed by all BeanPostProcessors (for example: not eligible for auto-proxying)
13:28:13.329 default [main] INFO  o.s.c.s.PostProcessorRegistrationDelegate$BeanPostProcessorChecker - Bean 'userMapper' of type [com.sun.proxy.$Proxy67] is not eligible for getting processed by all BeanPostProcessors (for example: not eligible for auto-proxying)
13:28:13.333 default [main] INFO  o.s.c.s.PostProcessorRegistrationDelegate$BeanPostProcessorChecker - Bean 'UserService' of type [cn.cllover.myblog.front.service.impl.UserServiceimpl] is not eligible for getting processed by all BeanPostProcessors (for example: not eligible for auto-proxying)
13:28:13.333 default [main] INFO  o.s.c.s.PostProcessorRegistrationDelegate$BeanPostProcessorChecker - Bean 'userRealm' of type [cn.cllover.myblog.common.Realm.UserRealm] is not eligible for getting processed by all BeanPostProcessors (for example: not eligible for auto-proxying)
13:28:13.342 default [main] INFO  o.s.c.s.PostProcessorRegistrationDelegate$BeanPostProcessorChecker - Bean 'redisManager' of type [org.crazycake.shiro.RedisManager] is not eligible for getting processed by all BeanPostProcessors (for example: not eligible for auto-proxying)
13:28:13.343 default [main] INFO  o.s.c.s.PostProcessorRegistrationDelegate$BeanPostProcessorChecker - Bean 'cacheManager' of type [org.crazycake.shiro.RedisCacheManager] is not eligible for getting processed by all BeanPostProcessors (for example: not eligible for auto-proxying)
13:28:13.351 default [main] INFO  o.s.c.s.PostProcessorRegistrationDelegate$BeanPostProcessorChecker - Bean 'securityManager' of type [org.apache.shiro.web.mgt.DefaultWebSecurityManager] is not eligible for getting processed by all BeanPostProcessors (for example: not eligible for auto-proxying)
13:28:13.424 default [main] INFO  o.s.c.s.PostProcessorRegistrationDelegate$BeanPostProcessorChecker - Bean 'authorizationAttributeSourceAdvisor' of type [org.apache.shiro.spring.security.interceptor.AuthorizationAttributeSourceAdvisor] is not eligible for getting processed by all BeanPostProcessors (for example: not eligible for auto-proxying)
13:28:13.489 default [main] INFO  o.s.c.s.PostProcessorRegistrationDelegate$BeanPostProcessorChecker - Bean 'org.springframework.transaction.annotation.ProxyTransactionManagementConfiguration' of type [org.springframework.transaction.annotation.ProxyTransactionManagementConfiguration$$EnhancerBySpringCGLIB$$220a20a1] is not eligible for getting processed by all BeanPostProcessors (for example: not eligible for auto-proxying)
13:28:14.656 default [main] INFO  o.s.b.w.e.tomcat.TomcatWebServer - Tomcat initialized with port(s): 5200 (http)
13:28:14.692 default [main] INFO  o.a.coyote.http11.Http11NioProtocol - Initializing ProtocolHandler ["http-nio-5200"]
13:28:14.703 default [main] INFO  o.a.catalina.core.StandardService - Starting service [Tomcat]
13:28:14.703 default [main] INFO  o.a.catalina.core.StandardEngine - Starting Servlet engine: [Apache Tomcat/9.0.16]
13:28:14.712 default [main] INFO  o.a.c.core.AprLifecycleListener - The APR based Apache Tomcat Native library which allows optimal performance in production environments was not found on the java.library.path: [C:\Program Files\Java\jdk1.8.0_191\bin;C:\WINDOWS\Sun\Java\bin;C:\WINDOWS\system32;C:\WINDOWS;D:\Xshell\;D:\maven\apache-maven-3.6.0\bin;C:\Program Files (x86)\Common Files\Oracle\Java\javapath;C:\Program Files\Java\jdk1.8.0_191\bin;C:\Program Files (x86)\Intel\Intel(R) Management Engine Components\iCLS\;C:\Program Files\Intel\Intel(R) Management Engine Components\iCLS\;C:\Windows\system32;C:\Windows;C:\Windows\System32\Wbem;C:\Windows\System32\WindowsPowerShell\v1.0\;C:\Program Files (x86)\NVIDIA Corporation\PhysX\Common;C:\Program Files\Intel\WiFi\bin\;C:\Program Files\Common Files\Intel\WirelessCommon\;D:\MySQL\mysql-5.7.23-winx64\bin;C:\WINDOWS\system32;C:\WINDOWS;C:\WINDOWS\System32\Wbem;C:\WINDOWS\System32\WindowsPowerShell\v1.0\;C:\WINDOWS\System32\OpenSSH\;C:\Program Files (x86)\Intel\Intel(R) Management Engine Components\DAL;C:\Program Files\Intel\Intel(R) Management Engine Components\DAL;C:\Program Files (x86)\Intel\Intel(R) Management Engine Components\IPT;C:\Program Files\Intel\Intel(R) Management Engine Components\IPT;C:\Program Files\Java\jdk1.8.0_191\jre\bin;C:\Program Files\nodejs\;D:\SVN\bin;D:\GitHub\Git\cmd;D:\Gradle\gradle-5.3\bin;;C:\Program Files\NVIDIA Corporation\NVIDIA NvDLISR;D:\node.js\node_global;C:\Users\18609\AppData\Local\Microsoft\WindowsApps;C:\Program Files\Intel\WiFi\bin\;C:\Program Files\Common Files\Intel\WirelessCommon\;C:\Users\18609\AppData\Local\GitHubDesktop\bin;C:\Users\18609\AppData\Local\Microsoft\WindowsApps;C:\Users\18609\AppData\Roaming\npm;D:\VScode\Microsoft VS Code\bin;.]
13:28:14.916 default [main] INFO  o.a.c.c.C.[Tomcat].[localhost].[/] - Initializing Spring embedded WebApplicationContext
13:28:14.916 default [main] INFO  o.s.web.context.ContextLoader - Root WebApplicationContext: initialization completed in 5559 ms
13:28:16.714 default [main] INFO  o.s.s.c.ThreadPoolTaskExecutor - Initializing ExecutorService 'applicationTaskExecutor'
13:28:17.145 default [main] INFO  o.s.b.a.w.s.WelcomePageHandlerMapping - Adding welcome page template: index
13:28:17.200 default [main] INFO  t.m.m.a.MapperCacheDisabler - Clear tk.mybatis.mapper.util.MsUtil CLASS_CACHE cache.
13:28:17.201 default [main] INFO  t.m.m.a.MapperCacheDisabler - Clear tk.mybatis.mapper.genid.GenIdUtil CACHE cache.
13:28:17.202 default [main] INFO  t.m.m.a.MapperCacheDisabler - Clear tk.mybatis.mapper.version.VersionUtil CACHE cache.
13:28:17.203 default [main] INFO  t.m.m.a.MapperCacheDisabler - Clear EntityHelper entityTableMap cache.
13:28:17.924 default [main] INFO  o.a.coyote.http11.Http11NioProtocol - Starting ProtocolHandler ["http-nio-5200"]
13:28:17.963 default [main] INFO  o.s.b.w.e.tomcat.TomcatWebServer - Tomcat started on port(s): 5200 (http) with context path ''
13:28:17.968 default [main] INFO  cn.cllover.myblog.MyblogApplication - Started MyblogApplication in 10.339 seconds (JVM running for 11.933)
13:28:17.971 default [main] INFO  cn.cllover.myblog.MyblogApplication - ====================cllover--INFO============
13:28:19.770 default [http-nio-5200-exec-1] INFO  o.a.c.c.C.[Tomcat].[localhost].[/] - Initializing Spring DispatcherServlet 'dispatcherServlet'
13:28:19.770 default [http-nio-5200-exec-1] INFO  o.s.web.servlet.DispatcherServlet - Initializing Servlet 'dispatcherServlet'
13:28:19.787 default [http-nio-5200-exec-1] INFO  o.s.web.servlet.DispatcherServlet - Completed initialization in 17 ms
13:28:19.804 default [http-nio-5200-exec-1] INFO  o.a.s.s.m.AbstractValidatingSessionManager - Enabling session validation scheduler...
13:28:20.007 default [http-nio-5200-exec-1] INFO  c.alibaba.druid.pool.DruidDataSource - {dataSource-1} inited
13:28:21.418 default [http-nio-5200-exec-5] INFO  c.c.myblog.common.Aspect.SLogAspect - 目标方法在执行:---:getAll
13:28:21.525 default [http-nio-5200-exec-5] INFO  c.c.myblog.common.Aspect.SLogAspect - 当前请求用户id:15436996140；当前请求地址:/u/home/getArt/15436996140；当前类名:cn.cllover.myblog.front.controller.UserController
13:28:21.525 default [http-nio-5200-exec-5] INFO  c.c.myblog.common.Aspect.SLogAspect - 当前方法名:getAll；当前方法参数值:[15436996140, 1]
