12:48:18.823 default [main] INFO  cn.cllover.myblog.MyblogApplication - Starting MyblogApplication on Hello with PID 6148 (D:\workspace\myblog\target\classes started by 18609 in D:\workspace\myblog)
12:48:18.830 default [main] INFO  cn.cllover.myblog.MyblogApplication - No active profile set, falling back to default profiles: default
12:48:20.925 default [main] INFO  o.s.d.r.c.RepositoryConfigurationDelegate - Multiple Spring Data modules found, entering strict repository configuration mode!
12:48:20.928 default [main] INFO  o.s.d.r.c.RepositoryConfigurationDelegate - Bootstrapping Spring Data repositories in DEFAULT mode.
12:48:21.016 default [main] INFO  o.s.d.r.c.RepositoryConfigurationDelegate - Finished Spring Data repository scanning in 64ms. Found 0 repository interfaces.
12:48:21.510 default [main] INFO  o.s.c.s.PostProcessorRegistrationDelegate$BeanPostProcessorChecker - Bean 'shiroConfig' of type [cn.cllover.myblog.common.config.ShiroConfig$$EnhancerBySpringCGLIB$$c2a55dd8] is not eligible for getting processed by all BeanPostProcessors (for example: not eligible for auto-proxying)
12:48:22.162 default [main] INFO  o.s.c.s.PostProcessorRegistrationDelegate$BeanPostProcessorChecker - Bean 'hashedCredentialsMatcher' of type [org.apache.shiro.authc.credential.HashedCredentialsMatcher] is not eligible for getting processed by all BeanPostProcessors (for example: not eligible for auto-proxying)
12:48:22.272 default [main] INFO  o.s.c.s.PostProcessorRegistrationDelegate$BeanPostProcessorChecker - Bean 'mybatis-tk.mybatis.mapper.autoconfigure.MybatisProperties' of type [tk.mybatis.mapper.autoconfigure.MybatisProperties] is not eligible for getting processed by all BeanPostProcessors (for example: not eligible for auto-proxying)
12:48:22.289 default [main] INFO  o.s.c.s.PostProcessorRegistrationDelegate$BeanPostProcessorChecker - Bean 'tk.mybatis.mapper.autoconfigure.MapperAutoConfiguration' of type [tk.mybatis.mapper.autoconfigure.MapperAutoConfiguration$$EnhancerBySpringCGLIB$$d1b19ac8] is not eligible for getting processed by all BeanPostProcessors (for example: not eligible for auto-proxying)
12:48:22.294 default [main] INFO  o.s.c.s.PostProcessorRegistrationDelegate$BeanPostProcessorChecker - Bean 'org.springframework.boot.autoconfigure.jdbc.DataSourceConfiguration$Generic' of type [org.springframework.boot.autoconfigure.jdbc.DataSourceConfiguration$Generic] is not eligible for getting processed by all BeanPostProcessors (for example: not eligible for auto-proxying)
12:48:22.322 default [main] INFO  o.s.c.s.PostProcessorRegistrationDelegate$BeanPostProcessorChecker - Bean 'spring.datasource-org.springframework.boot.autoconfigure.jdbc.DataSourceProperties' of type [org.springframework.boot.autoconfigure.jdbc.DataSourceProperties] is not eligible for getting processed by all BeanPostProcessors (for example: not eligible for auto-proxying)
12:48:22.401 default [main] INFO  o.s.c.s.PostProcessorRegistrationDelegate$BeanPostProcessorChecker - Bean 'dataSource' of type [com.alibaba.druid.pool.DruidDataSource] is not eligible for getting processed by all BeanPostProcessors (for example: not eligible for auto-proxying)
12:48:24.338 default [main] INFO  o.s.c.s.PostProcessorRegistrationDelegate$BeanPostProcessorChecker - Bean 'sqlSessionFactory' of type [org.apache.ibatis.session.defaults.DefaultSqlSessionFactory] is not eligible for getting processed by all BeanPostProcessors (for example: not eligible for auto-proxying)
12:48:24.349 default [main] INFO  o.s.c.s.PostProcessorRegistrationDelegate$BeanPostProcessorChecker - Bean 'sqlSessionTemplate' of type [org.mybatis.spring.SqlSessionTemplate] is not eligible for getting processed by all BeanPostProcessors (for example: not eligible for auto-proxying)
12:48:24.485 default [main] INFO  o.s.c.s.PostProcessorRegistrationDelegate$BeanPostProcessorChecker - Bean 'userMapper' of type [tk.mybatis.spring.mapper.MapperFactoryBean] is not eligible for getting processed by all BeanPostProcessors (for example: not eligible for auto-proxying)
12:48:24.488 default [main] INFO  o.s.c.s.PostProcessorRegistrationDelegate$BeanPostProcessorChecker - Bean 'userMapper' of type [com.sun.proxy.$Proxy67] is not eligible for getting processed by all BeanPostProcessors (for example: not eligible for auto-proxying)
12:48:24.491 default [main] INFO  o.s.c.s.PostProcessorRegistrationDelegate$BeanPostProcessorChecker - Bean 'UserService' of type [cn.cllover.myblog.front.service.impl.UserServiceimpl] is not eligible for getting processed by all BeanPostProcessors (for example: not eligible for auto-proxying)
12:48:24.491 default [main] INFO  o.s.c.s.PostProcessorRegistrationDelegate$BeanPostProcessorChecker - Bean 'userRealm' of type [cn.cllover.myblog.common.Realm.UserRealm] is not eligible for getting processed by all BeanPostProcessors (for example: not eligible for auto-proxying)
12:48:24.498 default [main] INFO  o.s.c.s.PostProcessorRegistrationDelegate$BeanPostProcessorChecker - Bean 'redisManager' of type [org.crazycake.shiro.RedisManager] is not eligible for getting processed by all BeanPostProcessors (for example: not eligible for auto-proxying)
12:48:24.499 default [main] INFO  o.s.c.s.PostProcessorRegistrationDelegate$BeanPostProcessorChecker - Bean 'cacheManager' of type [org.crazycake.shiro.RedisCacheManager] is not eligible for getting processed by all BeanPostProcessors (for example: not eligible for auto-proxying)
12:48:24.507 default [main] INFO  o.s.c.s.PostProcessorRegistrationDelegate$BeanPostProcessorChecker - Bean 'securityManager' of type [org.apache.shiro.web.mgt.DefaultWebSecurityManager] is not eligible for getting processed by all BeanPostProcessors (for example: not eligible for auto-proxying)
12:48:24.583 default [main] INFO  o.s.c.s.PostProcessorRegistrationDelegate$BeanPostProcessorChecker - Bean 'authorizationAttributeSourceAdvisor' of type [org.apache.shiro.spring.security.interceptor.AuthorizationAttributeSourceAdvisor] is not eligible for getting processed by all BeanPostProcessors (for example: not eligible for auto-proxying)
12:48:24.719 default [main] INFO  o.s.c.s.PostProcessorRegistrationDelegate$BeanPostProcessorChecker - Bean 'org.springframework.transaction.annotation.ProxyTransactionManagementConfiguration' of type [org.springframework.transaction.annotation.ProxyTransactionManagementConfiguration$$EnhancerBySpringCGLIB$$1bc0f32f] is not eligible for getting processed by all BeanPostProcessors (for example: not eligible for auto-proxying)
12:48:27.330 default [main] INFO  o.s.b.w.e.tomcat.TomcatWebServer - Tomcat initialized with port(s): 5200 (http)
12:48:27.384 default [main] INFO  o.a.coyote.http11.Http11NioProtocol - Initializing ProtocolHandler ["http-nio-5200"]
12:48:27.417 default [main] INFO  o.a.catalina.core.StandardService - Starting service [Tomcat]
12:48:27.418 default [main] INFO  o.a.catalina.core.StandardEngine - Starting Servlet engine: [Apache Tomcat/9.0.16]
12:48:27.443 default [main] INFO  o.a.c.core.AprLifecycleListener - The APR based Apache Tomcat Native library which allows optimal performance in production environments was not found on the java.library.path: [C:\Program Files\Java\jdk1.8.0_191\bin;C:\WINDOWS\Sun\Java\bin;C:\WINDOWS\system32;C:\WINDOWS;D:\Xshell\;D:\maven\apache-maven-3.6.0\bin;C:\Program Files (x86)\Common Files\Oracle\Java\javapath;C:\Program Files\Java\jdk1.8.0_191\bin;C:\Program Files (x86)\Intel\Intel(R) Management Engine Components\iCLS\;C:\Program Files\Intel\Intel(R) Management Engine Components\iCLS\;C:\Windows\system32;C:\Windows;C:\Windows\System32\Wbem;C:\Windows\System32\WindowsPowerShell\v1.0\;C:\Program Files (x86)\NVIDIA Corporation\PhysX\Common;C:\Program Files\Intel\WiFi\bin\;C:\Program Files\Common Files\Intel\WirelessCommon\;D:\MySQL\mysql-5.7.23-winx64\bin;C:\WINDOWS\system32;C:\WINDOWS;C:\WINDOWS\System32\Wbem;C:\WINDOWS\System32\WindowsPowerShell\v1.0\;C:\WINDOWS\System32\OpenSSH\;C:\Program Files (x86)\Intel\Intel(R) Management Engine Components\DAL;C:\Program Files\Intel\Intel(R) Management Engine Components\DAL;C:\Program Files (x86)\Intel\Intel(R) Management Engine Components\IPT;C:\Program Files\Intel\Intel(R) Management Engine Components\IPT;C:\Program Files\Java\jdk1.8.0_191\jre\bin;C:\Program Files\nodejs\;D:\SVN\bin;D:\GitHub\Git\cmd;D:\Gradle\gradle-5.3\bin;;C:\Program Files\NVIDIA Corporation\NVIDIA NvDLISR;D:\node.js\node_global;C:\Users\18609\AppData\Local\Microsoft\WindowsApps;C:\Program Files\Intel\WiFi\bin\;C:\Program Files\Common Files\Intel\WirelessCommon\;C:\Users\18609\AppData\Local\GitHubDesktop\bin;C:\Users\18609\AppData\Local\Microsoft\WindowsApps;C:\Users\18609\AppData\Roaming\npm;D:\VScode\Microsoft VS Code\bin;.]
12:48:28.105 default [main] INFO  o.a.c.c.C.[Tomcat].[localhost].[/] - Initializing Spring embedded WebApplicationContext
12:48:28.105 default [main] INFO  o.s.web.context.ContextLoader - Root WebApplicationContext: initialization completed in 9042 ms
12:48:32.063 default [main] INFO  o.s.s.c.ThreadPoolTaskExecutor - Initializing ExecutorService 'applicationTaskExecutor'
12:48:32.431 default [main] INFO  o.s.b.a.w.s.WelcomePageHandlerMapping - Adding welcome page template: index
12:48:32.483 default [main] INFO  t.m.m.a.MapperCacheDisabler - Clear tk.mybatis.mapper.util.MsUtil CLASS_CACHE cache.
12:48:32.483 default [main] INFO  t.m.m.a.MapperCacheDisabler - Clear tk.mybatis.mapper.genid.GenIdUtil CACHE cache.
12:48:32.484 default [main] INFO  t.m.m.a.MapperCacheDisabler - Clear tk.mybatis.mapper.version.VersionUtil CACHE cache.
12:48:32.484 default [main] INFO  t.m.m.a.MapperCacheDisabler - Clear EntityHelper entityTableMap cache.
12:48:33.382 default [main] INFO  o.a.coyote.http11.Http11NioProtocol - Starting ProtocolHandler ["http-nio-5200"]
12:48:33.432 default [main] INFO  o.s.b.w.e.tomcat.TomcatWebServer - Tomcat started on port(s): 5200 (http) with context path ''
12:48:33.438 default [main] INFO  cn.cllover.myblog.MyblogApplication - Started MyblogApplication in 16.533 seconds (JVM running for 22.043)
12:48:33.441 default [main] INFO  cn.cllover.myblog.MyblogApplication - ====================cllover--INFO============
12:48:59.099 default [http-nio-5200-exec-1] INFO  o.a.c.c.C.[Tomcat].[localhost].[/] - Initializing Spring DispatcherServlet 'dispatcherServlet'
12:48:59.099 default [http-nio-5200-exec-1] INFO  o.s.web.servlet.DispatcherServlet - Initializing Servlet 'dispatcherServlet'
12:48:59.118 default [http-nio-5200-exec-1] INFO  o.s.web.servlet.DispatcherServlet - Completed initialization in 19 ms
12:48:59.141 default [http-nio-5200-exec-1] INFO  o.a.s.s.m.AbstractValidatingSessionManager - Enabling session validation scheduler...
12:49:01.301 default [http-nio-5200-exec-8] INFO  c.alibaba.druid.pool.DruidDataSource - {dataSource-1} inited
12:49:14.961 default [http-nio-5200-exec-5] INFO  c.c.myblog.common.Aspect.SLogAspect - 目标方法在执行:---:login
12:49:15.322 default [http-nio-5200-exec-5] INFO  c.c.myblog.common.Aspect.SLogAspect - 当前请求用户id:15436996140；当前请求地址:/login；当前类名:cn.cllover.myblog.front.controller.loginController
12:49:15.322 default [http-nio-5200-exec-5] INFO  c.c.myblog.common.Aspect.SLogAspect - 当前方法名:login；当前方法参数值:[org.apache.shiro.web.servlet.ShiroHttpServletRequest@35a534c3, org.apache.shiro.web.servlet.ShiroHttpServletResponse@3fb0e585, root, 082999, a3gb, false]
12:49:15.388 default [http-nio-5200-exec-9] INFO  c.c.myblog.common.Aspect.SLogAspect - 目标方法在执行:---:index
12:49:15.403 default [http-nio-5200-exec-9] INFO  c.c.myblog.common.Aspect.SLogAspect - 当前请求用户id:15436996140；当前请求地址:/index；当前类名:cn.cllover.myblog.front.controller.loginController
12:49:15.404 default [http-nio-5200-exec-9] INFO  c.c.myblog.common.Aspect.SLogAspect - 当前方法名:index；当前方法参数值:[{user=User{userId=15436996140, userUsname='生而自由', userPass='6e7a49dc064e7e65d4d591f4fbbf845d', userPhone=1860993956, userEmail='18609933956@163.com', userQq=1543699614, userAge=22, userName='root', userSex='1', userBirthday=Thu Jul 31 00:00:00 CST 1997, userAddress='天津市', userPhoto='static/head_photo/u=3198678.jpg', userStatus=1, userDesc='AAAAAAAAAAAAAA', userRegisterDate=Wed Apr 24 09:22:05 CST 2019, userRegisterIp='192.168.0.1', userFrozen=1000}}, org.apache.shiro.web.servlet.ShiroHttpSession@7e4fd297, org.apache.shiro.web.servlet.ShiroHttpServletRequest@1c35ff65]
12:49:17.571 default [http-nio-5200-exec-9] INFO  c.c.myblog.common.Aspect.SLogAspect - 目标方法在执行:---:getAll
12:49:17.705 default [http-nio-5200-exec-9] INFO  c.c.myblog.common.Aspect.SLogAspect - 当前请求用户id:15436996140；当前请求地址:/u/home/getArt/15436996140；当前类名:cn.cllover.myblog.front.controller.UserController
12:49:17.705 default [http-nio-5200-exec-9] INFO  c.c.myblog.common.Aspect.SLogAspect - 当前方法名:getAll；当前方法参数值:[15436996140, 1]
12:49:21.214 default [http-nio-5200-exec-3] INFO  c.c.myblog.common.Aspect.SLogAspect - 目标方法在执行:---:getAll
12:49:21.247 default [http-nio-5200-exec-3] INFO  c.c.myblog.common.Aspect.SLogAspect - 当前请求用户id:15436996140；当前请求地址:/u/home/getArt/15436996140；当前类名:cn.cllover.myblog.front.controller.UserController
12:49:21.248 default [http-nio-5200-exec-3] INFO  c.c.myblog.common.Aspect.SLogAspect - 当前方法名:getAll；当前方法参数值:[15436996140, 1]
12:55:56.322 default [http-nio-5200-exec-8] INFO  c.c.myblog.common.Aspect.SLogAspect - 目标方法在执行:---:getAll
12:55:56.416 default [http-nio-5200-exec-8] INFO  c.c.myblog.common.Aspect.SLogAspect - 当前请求用户id:15436996140；当前请求地址:/u/home/getArt/15436996140；当前类名:cn.cllover.myblog.front.controller.UserController
12:55:56.416 default [http-nio-5200-exec-8] INFO  c.c.myblog.common.Aspect.SLogAspect - 当前方法名:getAll；当前方法参数值:[15436996140, 1]
13:12:38.417 default [main] INFO  cn.cllover.myblog.MyblogApplication - Starting MyblogApplication on Hello with PID 10664 (D:\workspace\myblog\target\classes started by 18609 in D:\workspace\myblog)
13:12:38.423 default [main] INFO  cn.cllover.myblog.MyblogApplication - No active profile set, falling back to default profiles: default
13:12:41.130 default [main] INFO  o.s.d.r.c.RepositoryConfigurationDelegate - Multiple Spring Data modules found, entering strict repository configuration mode!
13:12:41.135 default [main] INFO  o.s.d.r.c.RepositoryConfigurationDelegate - Bootstrapping Spring Data repositories in DEFAULT mode.
13:12:41.229 default [main] INFO  o.s.d.r.c.RepositoryConfigurationDelegate - Finished Spring Data repository scanning in 68ms. Found 0 repository interfaces.
13:12:41.690 default [main] INFO  o.s.c.s.PostProcessorRegistrationDelegate$BeanPostProcessorChecker - Bean 'shiroConfig' of type [cn.cllover.myblog.common.config.ShiroConfig$$EnhancerBySpringCGLIB$$9085c86c] is not eligible for getting processed by all BeanPostProcessors (for example: not eligible for auto-proxying)
13:12:42.281 default [main] INFO  o.s.c.s.PostProcessorRegistrationDelegate$BeanPostProcessorChecker - Bean 'hashedCredentialsMatcher' of type [org.apache.shiro.authc.credential.HashedCredentialsMatcher] is not eligible for getting processed by all BeanPostProcessors (for example: not eligible for auto-proxying)
13:12:42.359 default [main] INFO  o.s.c.s.PostProcessorRegistrationDelegate$BeanPostProcessorChecker - Bean 'mybatis-tk.mybatis.mapper.autoconfigure.MybatisProperties' of type [tk.mybatis.mapper.autoconfigure.MybatisProperties] is not eligible for getting processed by all BeanPostProcessors (for example: not eligible for auto-proxying)
13:12:42.371 default [main] INFO  o.s.c.s.PostProcessorRegistrationDelegate$BeanPostProcessorChecker - Bean 'tk.mybatis.mapper.autoconfigure.MapperAutoConfiguration' of type [tk.mybatis.mapper.autoconfigure.MapperAutoConfiguration$$EnhancerBySpringCGLIB$$9f92055c] is not eligible for getting processed by all BeanPostProcessors (for example: not eligible for auto-proxying)
13:12:42.374 default [main] INFO  o.s.c.s.PostProcessorRegistrationDelegate$BeanPostProcessorChecker - Bean 'org.springframework.boot.autoconfigure.jdbc.DataSourceConfiguration$Generic' of type [org.springframework.boot.autoconfigure.jdbc.DataSourceConfiguration$Generic] is not eligible for getting processed by all BeanPostProcessors (for example: not eligible for auto-proxying)
13:12:42.393 default [main] INFO  o.s.c.s.PostProcessorRegistrationDelegate$BeanPostProcessorChecker - Bean 'spring.datasource-org.springframework.boot.autoconfigure.jdbc.DataSourceProperties' of type [org.springframework.boot.autoconfigure.jdbc.DataSourceProperties] is not eligible for getting processed by all BeanPostProcessors (for example: not eligible for auto-proxying)
13:12:42.453 default [main] INFO  o.s.c.s.PostProcessorRegistrationDelegate$BeanPostProcessorChecker - Bean 'dataSource' of type [com.alibaba.druid.pool.DruidDataSource] is not eligible for getting processed by all BeanPostProcessors (for example: not eligible for auto-proxying)
13:12:42.975 default [main] INFO  o.s.c.s.PostProcessorRegistrationDelegate$BeanPostProcessorChecker - Bean 'sqlSessionFactory' of type [org.apache.ibatis.session.defaults.DefaultSqlSessionFactory] is not eligible for getting processed by all BeanPostProcessors (for example: not eligible for auto-proxying)
13:12:42.979 default [main] INFO  o.s.c.s.PostProcessorRegistrationDelegate$BeanPostProcessorChecker - Bean 'sqlSessionTemplate' of type [org.mybatis.spring.SqlSessionTemplate] is not eligible for getting processed by all BeanPostProcessors (for example: not eligible for auto-proxying)
13:12:43.057 default [main] INFO  o.s.c.s.PostProcessorRegistrationDelegate$BeanPostProcessorChecker - Bean 'userMapper' of type [tk.mybatis.spring.mapper.MapperFactoryBean] is not eligible for getting processed by all BeanPostProcessors (for example: not eligible for auto-proxying)
13:12:43.058 default [main] INFO  o.s.c.s.PostProcessorRegistrationDelegate$BeanPostProcessorChecker - Bean 'userMapper' of type [com.sun.proxy.$Proxy67] is not eligible for getting processed by all BeanPostProcessors (for example: not eligible for auto-proxying)
13:12:43.061 default [main] INFO  o.s.c.s.PostProcessorRegistrationDelegate$BeanPostProcessorChecker - Bean 'UserService' of type [cn.cllover.myblog.front.service.impl.UserServiceimpl] is not eligible for getting processed by all BeanPostProcessors (for example: not eligible for auto-proxying)
13:12:43.061 default [main] INFO  o.s.c.s.PostProcessorRegistrationDelegate$BeanPostProcessorChecker - Bean 'userRealm' of type [cn.cllover.myblog.common.Realm.UserRealm] is not eligible for getting processed by all BeanPostProcessors (for example: not eligible for auto-proxying)
13:12:43.065 default [main] INFO  o.s.c.s.PostProcessorRegistrationDelegate$BeanPostProcessorChecker - Bean 'redisManager' of type [org.crazycake.shiro.RedisManager] is not eligible for getting processed by all BeanPostProcessors (for example: not eligible for auto-proxying)
13:12:43.066 default [main] INFO  o.s.c.s.PostProcessorRegistrationDelegate$BeanPostProcessorChecker - Bean 'cacheManager' of type [org.crazycake.shiro.RedisCacheManager] is not eligible for getting processed by all BeanPostProcessors (for example: not eligible for auto-proxying)
13:12:43.071 default [main] INFO  o.s.c.s.PostProcessorRegistrationDelegate$BeanPostProcessorChecker - Bean 'securityManager' of type [org.apache.shiro.web.mgt.DefaultWebSecurityManager] is not eligible for getting processed by all BeanPostProcessors (for example: not eligible for auto-proxying)
13:12:43.125 default [main] INFO  o.s.c.s.PostProcessorRegistrationDelegate$BeanPostProcessorChecker - Bean 'authorizationAttributeSourceAdvisor' of type [org.apache.shiro.spring.security.interceptor.AuthorizationAttributeSourceAdvisor] is not eligible for getting processed by all BeanPostProcessors (for example: not eligible for auto-proxying)
13:12:43.169 default [main] INFO  o.s.c.s.PostProcessorRegistrationDelegate$BeanPostProcessorChecker - Bean 'org.springframework.transaction.annotation.ProxyTransactionManagementConfiguration' of type [org.springframework.transaction.annotation.ProxyTransactionManagementConfiguration$$EnhancerBySpringCGLIB$$e9a15dc3] is not eligible for getting processed by all BeanPostProcessors (for example: not eligible for auto-proxying)
13:12:43.828 default [main] INFO  o.s.b.w.e.tomcat.TomcatWebServer - Tomcat initialized with port(s): 5200 (http)
13:12:43.847 default [main] INFO  o.a.coyote.http11.Http11NioProtocol - Initializing ProtocolHandler ["http-nio-5200"]
13:12:43.857 default [main] INFO  o.a.catalina.core.StandardService - Starting service [Tomcat]
13:12:43.858 default [main] INFO  o.a.catalina.core.StandardEngine - Starting Servlet engine: [Apache Tomcat/9.0.16]
13:12:43.866 default [main] INFO  o.a.c.core.AprLifecycleListener - The APR based Apache Tomcat Native library which allows optimal performance in production environments was not found on the java.library.path: [C:\Program Files\Java\jdk1.8.0_191\bin;C:\WINDOWS\Sun\Java\bin;C:\WINDOWS\system32;C:\WINDOWS;D:\Xshell\;D:\maven\apache-maven-3.6.0\bin;C:\Program Files (x86)\Common Files\Oracle\Java\javapath;C:\Program Files\Java\jdk1.8.0_191\bin;C:\Program Files (x86)\Intel\Intel(R) Management Engine Components\iCLS\;C:\Program Files\Intel\Intel(R) Management Engine Components\iCLS\;C:\Windows\system32;C:\Windows;C:\Windows\System32\Wbem;C:\Windows\System32\WindowsPowerShell\v1.0\;C:\Program Files (x86)\NVIDIA Corporation\PhysX\Common;C:\Program Files\Intel\WiFi\bin\;C:\Program Files\Common Files\Intel\WirelessCommon\;D:\MySQL\mysql-5.7.23-winx64\bin;C:\WINDOWS\system32;C:\WINDOWS;C:\WINDOWS\System32\Wbem;C:\WINDOWS\System32\WindowsPowerShell\v1.0\;C:\WINDOWS\System32\OpenSSH\;C:\Program Files (x86)\Intel\Intel(R) Management Engine Components\DAL;C:\Program Files\Intel\Intel(R) Management Engine Components\DAL;C:\Program Files (x86)\Intel\Intel(R) Management Engine Components\IPT;C:\Program Files\Intel\Intel(R) Management Engine Components\IPT;C:\Program Files\Java\jdk1.8.0_191\jre\bin;C:\Program Files\nodejs\;D:\SVN\bin;D:\GitHub\Git\cmd;D:\Gradle\gradle-5.3\bin;;C:\Program Files\NVIDIA Corporation\NVIDIA NvDLISR;D:\node.js\node_global;C:\Users\18609\AppData\Local\Microsoft\WindowsApps;C:\Program Files\Intel\WiFi\bin\;C:\Program Files\Common Files\Intel\WirelessCommon\;C:\Users\18609\AppData\Local\GitHubDesktop\bin;C:\Users\18609\AppData\Local\Microsoft\WindowsApps;C:\Users\18609\AppData\Roaming\npm;D:\VScode\Microsoft VS Code\bin;.]
13:12:44.065 default [main] INFO  o.a.c.c.C.[Tomcat].[localhost].[/] - Initializing Spring embedded WebApplicationContext
13:12:44.065 default [main] INFO  o.s.web.context.ContextLoader - Root WebApplicationContext: initialization completed in 5562 ms
13:12:45.774 default [main] INFO  o.s.s.c.ThreadPoolTaskExecutor - Initializing ExecutorService 'applicationTaskExecutor'
13:12:46.172 default [main] INFO  o.s.b.a.w.s.WelcomePageHandlerMapping - Adding welcome page template: index
13:12:46.223 default [main] INFO  t.m.m.a.MapperCacheDisabler - Clear tk.mybatis.mapper.util.MsUtil CLASS_CACHE cache.
13:12:46.224 default [main] INFO  t.m.m.a.MapperCacheDisabler - Clear tk.mybatis.mapper.genid.GenIdUtil CACHE cache.
13:12:46.225 default [main] INFO  t.m.m.a.MapperCacheDisabler - Clear tk.mybatis.mapper.version.VersionUtil CACHE cache.
13:12:46.225 default [main] INFO  t.m.m.a.MapperCacheDisabler - Clear EntityHelper entityTableMap cache.
13:12:46.797 default [main] INFO  o.a.coyote.http11.Http11NioProtocol - Starting ProtocolHandler ["http-nio-5200"]
13:12:46.831 default [main] INFO  o.s.b.w.e.tomcat.TomcatWebServer - Tomcat started on port(s): 5200 (http) with context path ''
13:12:46.835 default [main] INFO  cn.cllover.myblog.MyblogApplication - Started MyblogApplication in 9.422 seconds (JVM running for 11.193)
13:12:46.837 default [main] INFO  cn.cllover.myblog.MyblogApplication - ====================cllover--INFO============
13:19:56.836 default [http-nio-5200-exec-1] INFO  o.a.c.c.C.[Tomcat].[localhost].[/] - Initializing Spring DispatcherServlet 'dispatcherServlet'
13:19:56.836 default [http-nio-5200-exec-1] INFO  o.s.web.servlet.DispatcherServlet - Initializing Servlet 'dispatcherServlet'
13:19:56.855 default [http-nio-5200-exec-1] INFO  o.s.web.servlet.DispatcherServlet - Completed initialization in 19 ms
13:19:56.875 default [http-nio-5200-exec-1] INFO  o.a.s.s.m.AbstractValidatingSessionManager - Enabling session validation scheduler...
13:19:57.100 default [http-nio-5200-exec-1] INFO  c.alibaba.druid.pool.DruidDataSource - {dataSource-1} inited
13:19:58.288 default [http-nio-5200-exec-2] INFO  c.c.myblog.common.Aspect.SLogAspect - 目标方法在执行:---:getAll
13:19:58.379 default [http-nio-5200-exec-2] INFO  c.c.myblog.common.Aspect.SLogAspect - 当前请求用户id:15436996140；当前请求地址:/u/home/getArt/15436996140；当前类名:cn.cllover.myblog.front.controller.UserController
13:19:58.379 default [http-nio-5200-exec-2] INFO  c.c.myblog.common.Aspect.SLogAspect - 当前方法名:getAll；当前方法参数值:[15436996140, 1]
13:34:04.240 default [main] INFO  cn.cllover.myblog.MyblogApplication - Starting MyblogApplication on Hello with PID 6628 (D:\workspace\myblog\target\classes started by 18609 in D:\workspace\myblog)
13:34:04.244 default [main] INFO  cn.cllover.myblog.MyblogApplication - No active profile set, falling back to default profiles: default
13:34:05.631 default [main] INFO  o.s.d.r.c.RepositoryConfigurationDelegate - Multiple Spring Data modules found, entering strict repository configuration mode!
13:34:05.634 default [main] INFO  o.s.d.r.c.RepositoryConfigurationDelegate - Bootstrapping Spring Data repositories in DEFAULT mode.
13:34:05.702 default [main] INFO  o.s.d.r.c.RepositoryConfigurationDelegate - Finished Spring Data repository scanning in 55ms. Found 0 repository interfaces.
13:34:06.010 default [main] INFO  o.s.c.s.PostProcessorRegistrationDelegate$BeanPostProcessorChecker - Bean 'shiroConfig' of type [cn.cllover.myblog.common.config.ShiroConfig$$EnhancerBySpringCGLIB$$134d3337] is not eligible for getting processed by all BeanPostProcessors (for example: not eligible for auto-proxying)
13:34:06.406 default [main] INFO  o.s.c.s.PostProcessorRegistrationDelegate$BeanPostProcessorChecker - Bean 'hashedCredentialsMatcher' of type [org.apache.shiro.authc.credential.HashedCredentialsMatcher] is not eligible for getting processed by all BeanPostProcessors (for example: not eligible for auto-proxying)
13:34:06.464 default [main] INFO  o.s.c.s.PostProcessorRegistrationDelegate$BeanPostProcessorChecker - Bean 'mybatis-tk.mybatis.mapper.autoconfigure.MybatisProperties' of type [tk.mybatis.mapper.autoconfigure.MybatisProperties] is not eligible for getting processed by all BeanPostProcessors (for example: not eligible for auto-proxying)
13:34:06.471 default [main] INFO  o.s.c.s.PostProcessorRegistrationDelegate$BeanPostProcessorChecker - Bean 'tk.mybatis.mapper.autoconfigure.MapperAutoConfiguration' of type [tk.mybatis.mapper.autoconfigure.MapperAutoConfiguration$$EnhancerBySpringCGLIB$$22597027] is not eligible for getting processed by all BeanPostProcessors (for example: not eligible for auto-proxying)
13:34:06.473 default [main] INFO  o.s.c.s.PostProcessorRegistrationDelegate$BeanPostProcessorChecker - Bean 'org.springframework.boot.autoconfigure.jdbc.DataSourceConfiguration$Generic' of type [org.springframework.boot.autoconfigure.jdbc.DataSourceConfiguration$Generic] is not eligible for getting processed by all BeanPostProcessors (for example: not eligible for auto-proxying)
13:34:06.487 default [main] INFO  o.s.c.s.PostProcessorRegistrationDelegate$BeanPostProcessorChecker - Bean 'spring.datasource-org.springframework.boot.autoconfigure.jdbc.DataSourceProperties' of type [org.springframework.boot.autoconfigure.jdbc.DataSourceProperties] is not eligible for getting processed by all BeanPostProcessors (for example: not eligible for auto-proxying)
13:34:06.552 default [main] INFO  o.s.c.s.PostProcessorRegistrationDelegate$BeanPostProcessorChecker - Bean 'dataSource' of type [com.alibaba.druid.pool.DruidDataSource] is not eligible for getting processed by all BeanPostProcessors (for example: not eligible for auto-proxying)
13:34:07.200 default [main] INFO  o.s.c.s.PostProcessorRegistrationDelegate$BeanPostProcessorChecker - Bean 'sqlSessionFactory' of type [org.apache.ibatis.session.defaults.DefaultSqlSessionFactory] is not eligible for getting processed by all BeanPostProcessors (for example: not eligible for auto-proxying)
13:34:07.207 default [main] INFO  o.s.c.s.PostProcessorRegistrationDelegate$BeanPostProcessorChecker - Bean 'sqlSessionTemplate' of type [org.mybatis.spring.SqlSessionTemplate] is not eligible for getting processed by all BeanPostProcessors (for example: not eligible for auto-proxying)
13:34:07.297 default [main] INFO  o.s.c.s.PostProcessorRegistrationDelegate$BeanPostProcessorChecker - Bean 'userMapper' of type [tk.mybatis.spring.mapper.MapperFactoryBean] is not eligible for getting processed by all BeanPostProcessors (for example: not eligible for auto-proxying)
13:34:07.299 default [main] INFO  o.s.c.s.PostProcessorRegistrationDelegate$BeanPostProcessorChecker - Bean 'userMapper' of type [com.sun.proxy.$Proxy67] is not eligible for getting processed by all BeanPostProcessors (for example: not eligible for auto-proxying)
13:34:07.302 default [main] INFO  o.s.c.s.PostProcessorRegistrationDelegate$BeanPostProcessorChecker - Bean 'UserService' of type [cn.cllover.myblog.front.service.impl.UserServiceimpl] is not eligible for getting processed by all BeanPostProcessors (for example: not eligible for auto-proxying)
13:34:07.302 default [main] INFO  o.s.c.s.PostProcessorRegistrationDelegate$BeanPostProcessorChecker - Bean 'userRealm' of type [cn.cllover.myblog.common.Realm.UserRealm] is not eligible for getting processed by all BeanPostProcessors (for example: not eligible for auto-proxying)
13:34:07.307 default [main] INFO  o.s.c.s.PostProcessorRegistrationDelegate$BeanPostProcessorChecker - Bean 'redisManager' of type [org.crazycake.shiro.RedisManager] is not eligible for getting processed by all BeanPostProcessors (for example: not eligible for auto-proxying)
13:34:07.308 default [main] INFO  o.s.c.s.PostProcessorRegistrationDelegate$BeanPostProcessorChecker - Bean 'cacheManager' of type [org.crazycake.shiro.RedisCacheManager] is not eligible for getting processed by all BeanPostProcessors (for example: not eligible for auto-proxying)
13:34:07.313 default [main] INFO  o.s.c.s.PostProcessorRegistrationDelegate$BeanPostProcessorChecker - Bean 'securityManager' of type [org.apache.shiro.web.mgt.DefaultWebSecurityManager] is not eligible for getting processed by all BeanPostProcessors (for example: not eligible for auto-proxying)
13:34:07.368 default [main] INFO  o.s.c.s.PostProcessorRegistrationDelegate$BeanPostProcessorChecker - Bean 'authorizationAttributeSourceAdvisor' of type [org.apache.shiro.spring.security.interceptor.AuthorizationAttributeSourceAdvisor] is not eligible for getting processed by all BeanPostProcessors (for example: not eligible for auto-proxying)
13:34:07.425 default [main] INFO  o.s.c.s.PostProcessorRegistrationDelegate$BeanPostProcessorChecker - Bean 'org.springframework.transaction.annotation.ProxyTransactionManagementConfiguration' of type [org.springframework.transaction.annotation.ProxyTransactionManagementConfiguration$$EnhancerBySpringCGLIB$$6c68c88e] is not eligible for getting processed by all BeanPostProcessors (for example: not eligible for auto-proxying)
13:34:08.165 default [main] INFO  o.s.b.w.e.tomcat.TomcatWebServer - Tomcat initialized with port(s): 5200 (http)
13:34:08.182 default [main] INFO  o.a.coyote.http11.Http11NioProtocol - Initializing ProtocolHandler ["http-nio-5200"]
13:34:08.191 default [main] INFO  o.a.catalina.core.StandardService - Starting service [Tomcat]
13:34:08.192 default [main] INFO  o.a.catalina.core.StandardEngine - Starting Servlet engine: [Apache Tomcat/9.0.16]
13:34:08.199 default [main] INFO  o.a.c.core.AprLifecycleListener - The APR based Apache Tomcat Native library which allows optimal performance in production environments was not found on the java.library.path: [C:\Program Files\Java\jdk1.8.0_191\bin;C:\WINDOWS\Sun\Java\bin;C:\WINDOWS\system32;C:\WINDOWS;D:\Xshell\;D:\maven\apache-maven-3.6.0\bin;C:\Program Files (x86)\Common Files\Oracle\Java\javapath;C:\Program Files\Java\jdk1.8.0_191\bin;C:\Program Files (x86)\Intel\Intel(R) Management Engine Components\iCLS\;C:\Program Files\Intel\Intel(R) Management Engine Components\iCLS\;C:\Windows\system32;C:\Windows;C:\Windows\System32\Wbem;C:\Windows\System32\WindowsPowerShell\v1.0\;C:\Program Files (x86)\NVIDIA Corporation\PhysX\Common;C:\Program Files\Intel\WiFi\bin\;C:\Program Files\Common Files\Intel\WirelessCommon\;D:\MySQL\mysql-5.7.23-winx64\bin;C:\WINDOWS\system32;C:\WINDOWS;C:\WINDOWS\System32\Wbem;C:\WINDOWS\System32\WindowsPowerShell\v1.0\;C:\WINDOWS\System32\OpenSSH\;C:\Program Files (x86)\Intel\Intel(R) Management Engine Components\DAL;C:\Program Files\Intel\Intel(R) Management Engine Components\DAL;C:\Program Files (x86)\Intel\Intel(R) Management Engine Components\IPT;C:\Program Files\Intel\Intel(R) Management Engine Components\IPT;C:\Program Files\Java\jdk1.8.0_191\jre\bin;C:\Program Files\nodejs\;D:\SVN\bin;D:\GitHub\Git\cmd;D:\Gradle\gradle-5.3\bin;;C:\Program Files\NVIDIA Corporation\NVIDIA NvDLISR;D:\node.js\node_global;C:\Users\18609\AppData\Local\Microsoft\WindowsApps;C:\Program Files\Intel\WiFi\bin\;C:\Program Files\Common Files\Intel\WirelessCommon\;C:\Users\18609\AppData\Local\GitHubDesktop\bin;C:\Users\18609\AppData\Local\Microsoft\WindowsApps;C:\Users\18609\AppData\Roaming\npm;D:\VScode\Microsoft VS Code\bin;.]
13:34:08.387 default [main] INFO  o.a.c.c.C.[Tomcat].[localhost].[/] - Initializing Spring embedded WebApplicationContext
13:34:08.388 default [main] INFO  o.s.web.context.ContextLoader - Root WebApplicationContext: initialization completed in 3986 ms
13:34:10.080 default [main] INFO  o.s.s.c.ThreadPoolTaskExecutor - Initializing ExecutorService 'applicationTaskExecutor'
13:34:10.542 default [main] INFO  o.s.b.a.w.s.WelcomePageHandlerMapping - Adding welcome page template: index
13:34:10.599 default [main] INFO  t.m.m.a.MapperCacheDisabler - Clear tk.mybatis.mapper.util.MsUtil CLASS_CACHE cache.
13:34:10.600 default [main] INFO  t.m.m.a.MapperCacheDisabler - Clear tk.mybatis.mapper.genid.GenIdUtil CACHE cache.
13:34:10.601 default [main] INFO  t.m.m.a.MapperCacheDisabler - Clear tk.mybatis.mapper.version.VersionUtil CACHE cache.
13:34:10.601 default [main] INFO  t.m.m.a.MapperCacheDisabler - Clear EntityHelper entityTableMap cache.
13:34:11.275 default [main] INFO  o.a.coyote.http11.Http11NioProtocol - Starting ProtocolHandler ["http-nio-5200"]
13:34:11.319 default [main] INFO  o.s.b.w.e.tomcat.TomcatWebServer - Tomcat started on port(s): 5200 (http) with context path ''
13:34:11.325 default [main] INFO  cn.cllover.myblog.MyblogApplication - Started MyblogApplication in 7.807 seconds (JVM running for 9.236)
13:34:11.329 default [main] INFO  cn.cllover.myblog.MyblogApplication - ====================cllover--INFO============
13:34:11.386 default [http-nio-5200-exec-1] INFO  o.a.c.c.C.[Tomcat].[localhost].[/] - Initializing Spring DispatcherServlet 'dispatcherServlet'
13:34:11.386 default [http-nio-5200-exec-1] INFO  o.s.web.servlet.DispatcherServlet - Initializing Servlet 'dispatcherServlet'
13:34:11.401 default [http-nio-5200-exec-1] INFO  o.s.web.servlet.DispatcherServlet - Completed initialization in 15 ms
13:34:11.424 default [http-nio-5200-exec-1] INFO  o.a.s.s.m.AbstractValidatingSessionManager - Enabling session validation scheduler...
13:34:11.728 default [http-nio-5200-exec-1] INFO  c.alibaba.druid.pool.DruidDataSource - {dataSource-1} inited
13:34:14.058 default [http-nio-5200-exec-2] INFO  c.c.myblog.common.Aspect.SLogAspect - 目标方法在执行:---:getAll
13:34:14.170 default [http-nio-5200-exec-2] INFO  c.c.myblog.common.Aspect.SLogAspect - 当前请求用户id:15436996140；当前请求地址:/u/home/getArt/15436996140；当前类名:cn.cllover.myblog.front.controller.UserController
13:34:14.171 default [http-nio-5200-exec-2] INFO  c.c.myblog.common.Aspect.SLogAspect - 当前方法名:getAll；当前方法参数值:[15436996140, 1]
13:34:17.512 default [http-nio-5200-exec-1] INFO  c.c.myblog.common.Aspect.SLogAspect - 目标方法在执行:---:getAll
13:34:17.540 default [http-nio-5200-exec-1] INFO  c.c.myblog.common.Aspect.SLogAspect - 当前请求用户id:15436996140；当前请求地址:/u/home/getArt/15436996140；当前类名:cn.cllover.myblog.front.controller.UserController
13:34:17.541 default [http-nio-5200-exec-1] INFO  c.c.myblog.common.Aspect.SLogAspect - 当前方法名:getAll；当前方法参数值:[15436996140, 1]
13:38:29.993 default [main] INFO  cn.cllover.myblog.MyblogApplication - Starting MyblogApplication on Hello with PID 16724 (D:\workspace\myblog\target\classes started by 18609 in D:\workspace\myblog)
13:38:29.999 default [main] INFO  cn.cllover.myblog.MyblogApplication - No active profile set, falling back to default profiles: default
13:38:31.261 default [main] INFO  o.s.d.r.c.RepositoryConfigurationDelegate - Multiple Spring Data modules found, entering strict repository configuration mode!
13:38:31.266 default [main] INFO  o.s.d.r.c.RepositoryConfigurationDelegate - Bootstrapping Spring Data repositories in DEFAULT mode.
13:38:31.352 default [main] INFO  o.s.d.r.c.RepositoryConfigurationDelegate - Finished Spring Data repository scanning in 62ms. Found 0 repository interfaces.
13:38:31.895 default [main] INFO  o.s.c.s.PostProcessorRegistrationDelegate$BeanPostProcessorChecker - Bean 'shiroConfig' of type [cn.cllover.myblog.common.config.ShiroConfig$$EnhancerBySpringCGLIB$$91c2e6d] is not eligible for getting processed by all BeanPostProcessors (for example: not eligible for auto-proxying)
13:38:32.798 default [main] INFO  o.s.c.s.PostProcessorRegistrationDelegate$BeanPostProcessorChecker - Bean 'hashedCredentialsMatcher' of type [org.apache.shiro.authc.credential.HashedCredentialsMatcher] is not eligible for getting processed by all BeanPostProcessors (for example: not eligible for auto-proxying)
13:38:32.882 default [main] INFO  o.s.c.s.PostProcessorRegistrationDelegate$BeanPostProcessorChecker - Bean 'mybatis-tk.mybatis.mapper.autoconfigure.MybatisProperties' of type [tk.mybatis.mapper.autoconfigure.MybatisProperties] is not eligible for getting processed by all BeanPostProcessors (for example: not eligible for auto-proxying)
13:38:32.892 default [main] INFO  o.s.c.s.PostProcessorRegistrationDelegate$BeanPostProcessorChecker - Bean 'tk.mybatis.mapper.autoconfigure.MapperAutoConfiguration' of type [tk.mybatis.mapper.autoconfigure.MapperAutoConfiguration$$EnhancerBySpringCGLIB$$18286b5d] is not eligible for getting processed by all BeanPostProcessors (for example: not eligible for auto-proxying)
13:38:32.894 default [main] INFO  o.s.c.s.PostProcessorRegistrationDelegate$BeanPostProcessorChecker - Bean 'org.springframework.boot.autoconfigure.jdbc.DataSourceConfiguration$Generic' of type [org.springframework.boot.autoconfigure.jdbc.DataSourceConfiguration$Generic] is not eligible for getting processed by all BeanPostProcessors (for example: not eligible for auto-proxying)
13:38:32.917 default [main] INFO  o.s.c.s.PostProcessorRegistrationDelegate$BeanPostProcessorChecker - Bean 'spring.datasource-org.springframework.boot.autoconfigure.jdbc.DataSourceProperties' of type [org.springframework.boot.autoconfigure.jdbc.DataSourceProperties] is not eligible for getting processed by all BeanPostProcessors (for example: not eligible for auto-proxying)
13:38:33.000 default [main] INFO  o.s.c.s.PostProcessorRegistrationDelegate$BeanPostProcessorChecker - Bean 'dataSource' of type [com.alibaba.druid.pool.DruidDataSource] is not eligible for getting processed by all BeanPostProcessors (for example: not eligible for auto-proxying)
13:38:33.466 default [main] INFO  o.s.c.s.PostProcessorRegistrationDelegate$BeanPostProcessorChecker - Bean 'sqlSessionFactory' of type [org.apache.ibatis.session.defaults.DefaultSqlSessionFactory] is not eligible for getting processed by all BeanPostProcessors (for example: not eligible for auto-proxying)
13:38:33.471 default [main] INFO  o.s.c.s.PostProcessorRegistrationDelegate$BeanPostProcessorChecker - Bean 'sqlSessionTemplate' of type [org.mybatis.spring.SqlSessionTemplate] is not eligible for getting processed by all BeanPostProcessors (for example: not eligible for auto-proxying)
13:38:33.552 default [main] INFO  o.s.c.s.PostProcessorRegistrationDelegate$BeanPostProcessorChecker - Bean 'userMapper' of type [tk.mybatis.spring.mapper.MapperFactoryBean] is not eligible for getting processed by all BeanPostProcessors (for example: not eligible for auto-proxying)
13:38:33.554 default [main] INFO  o.s.c.s.PostProcessorRegistrationDelegate$BeanPostProcessorChecker - Bean 'userMapper' of type [com.sun.proxy.$Proxy67] is not eligible for getting processed by all BeanPostProcessors (for example: not eligible for auto-proxying)
13:38:33.556 default [main] INFO  o.s.c.s.PostProcessorRegistrationDelegate$BeanPostProcessorChecker - Bean 'UserService' of type [cn.cllover.myblog.front.service.impl.UserServiceimpl] is not eligible for getting processed by all BeanPostProcessors (for example: not eligible for auto-proxying)
13:38:33.557 default [main] INFO  o.s.c.s.PostProcessorRegistrationDelegate$BeanPostProcessorChecker - Bean 'userRealm' of type [cn.cllover.myblog.common.Realm.UserRealm] is not eligible for getting processed by all BeanPostProcessors (for example: not eligible for auto-proxying)
13:38:33.562 default [main] INFO  o.s.c.s.PostProcessorRegistrationDelegate$BeanPostProcessorChecker - Bean 'redisManager' of type [org.crazycake.shiro.RedisManager] is not eligible for getting processed by all BeanPostProcessors (for example: not eligible for auto-proxying)
13:38:33.563 default [main] INFO  o.s.c.s.PostProcessorRegistrationDelegate$BeanPostProcessorChecker - Bean 'cacheManager' of type [org.crazycake.shiro.RedisCacheManager] is not eligible for getting processed by all BeanPostProcessors (for example: not eligible for auto-proxying)
13:38:33.569 default [main] INFO  o.s.c.s.PostProcessorRegistrationDelegate$BeanPostProcessorChecker - Bean 'securityManager' of type [org.apache.shiro.web.mgt.DefaultWebSecurityManager] is not eligible for getting processed by all BeanPostProcessors (for example: not eligible for auto-proxying)
13:38:33.630 default [main] INFO  o.s.c.s.PostProcessorRegistrationDelegate$BeanPostProcessorChecker - Bean 'authorizationAttributeSourceAdvisor' of type [org.apache.shiro.spring.security.interceptor.AuthorizationAttributeSourceAdvisor] is not eligible for getting processed by all BeanPostProcessors (for example: not eligible for auto-proxying)
13:38:33.687 default [main] INFO  o.s.c.s.PostProcessorRegistrationDelegate$BeanPostProcessorChecker - Bean 'org.springframework.transaction.annotation.ProxyTransactionManagementConfiguration' of type [org.springframework.transaction.annotation.ProxyTransactionManagementConfiguration$$EnhancerBySpringCGLIB$$6237c3c4] is not eligible for getting processed by all BeanPostProcessors (for example: not eligible for auto-proxying)
13:38:34.313 default [main] INFO  o.s.b.w.e.tomcat.TomcatWebServer - Tomcat initialized with port(s): 5200 (http)
13:38:34.331 default [main] INFO  o.a.coyote.http11.Http11NioProtocol - Initializing ProtocolHandler ["http-nio-5200"]
13:38:34.340 default [main] INFO  o.a.catalina.core.StandardService - Starting service [Tomcat]
13:38:34.340 default [main] INFO  o.a.catalina.core.StandardEngine - Starting Servlet engine: [Apache Tomcat/9.0.16]
13:38:34.348 default [main] INFO  o.a.c.core.AprLifecycleListener - The APR based Apache Tomcat Native library which allows optimal performance in production environments was not found on the java.library.path: [C:\Program Files\Java\jdk1.8.0_191\bin;C:\WINDOWS\Sun\Java\bin;C:\WINDOWS\system32;C:\WINDOWS;D:\Xshell\;D:\maven\apache-maven-3.6.0\bin;C:\Program Files (x86)\Common Files\Oracle\Java\javapath;C:\Program Files\Java\jdk1.8.0_191\bin;C:\Program Files (x86)\Intel\Intel(R) Management Engine Components\iCLS\;C:\Program Files\Intel\Intel(R) Management Engine Components\iCLS\;C:\Windows\system32;C:\Windows;C:\Windows\System32\Wbem;C:\Windows\System32\WindowsPowerShell\v1.0\;C:\Program Files (x86)\NVIDIA Corporation\PhysX\Common;C:\Program Files\Intel\WiFi\bin\;C:\Program Files\Common Files\Intel\WirelessCommon\;D:\MySQL\mysql-5.7.23-winx64\bin;C:\WINDOWS\system32;C:\WINDOWS;C:\WINDOWS\System32\Wbem;C:\WINDOWS\System32\WindowsPowerShell\v1.0\;C:\WINDOWS\System32\OpenSSH\;C:\Program Files (x86)\Intel\Intel(R) Management Engine Components\DAL;C:\Program Files\Intel\Intel(R) Management Engine Components\DAL;C:\Program Files (x86)\Intel\Intel(R) Management Engine Components\IPT;C:\Program Files\Intel\Intel(R) Management Engine Components\IPT;C:\Program Files\Java\jdk1.8.0_191\jre\bin;C:\Program Files\nodejs\;D:\SVN\bin;D:\GitHub\Git\cmd;D:\Gradle\gradle-5.3\bin;;C:\Program Files\NVIDIA Corporation\NVIDIA NvDLISR;D:\node.js\node_global;C:\Users\18609\AppData\Local\Microsoft\WindowsApps;C:\Program Files\Intel\WiFi\bin\;C:\Program Files\Common Files\Intel\WirelessCommon\;C:\Users\18609\AppData\Local\GitHubDesktop\bin;C:\Users\18609\AppData\Local\Microsoft\WindowsApps;C:\Users\18609\AppData\Roaming\npm;D:\VScode\Microsoft VS Code\bin;.]
13:38:34.536 default [main] INFO  o.a.c.c.C.[Tomcat].[localhost].[/] - Initializing Spring embedded WebApplicationContext
13:38:34.536 default [main] INFO  o.s.web.context.ContextLoader - Root WebApplicationContext: initialization completed in 4368 ms
13:38:36.133 default [main] INFO  o.s.s.c.ThreadPoolTaskExecutor - Initializing ExecutorService 'applicationTaskExecutor'
13:38:36.420 default [main] INFO  o.s.b.a.w.s.WelcomePageHandlerMapping - Adding welcome page template: index
13:38:36.470 default [main] INFO  t.m.m.a.MapperCacheDisabler - Clear tk.mybatis.mapper.util.MsUtil CLASS_CACHE cache.
13:38:36.471 default [main] INFO  t.m.m.a.MapperCacheDisabler - Clear tk.mybatis.mapper.genid.GenIdUtil CACHE cache.
13:38:36.471 default [main] INFO  t.m.m.a.MapperCacheDisabler - Clear tk.mybatis.mapper.version.VersionUtil CACHE cache.
13:38:36.472 default [main] INFO  t.m.m.a.MapperCacheDisabler - Clear EntityHelper entityTableMap cache.
13:38:37.045 default [main] INFO  o.a.coyote.http11.Http11NioProtocol - Starting ProtocolHandler ["http-nio-5200"]
13:38:37.105 default [main] INFO  o.s.b.w.e.tomcat.TomcatWebServer - Tomcat started on port(s): 5200 (http) with context path ''
13:38:37.112 default [main] INFO  cn.cllover.myblog.MyblogApplication - Started MyblogApplication in 8.022 seconds (JVM running for 9.405)
13:38:37.116 default [main] INFO  cn.cllover.myblog.MyblogApplication - ====================cllover--INFO============
13:39:07.702 default [main] INFO  cn.cllover.myblog.MyblogApplication - Starting MyblogApplication on Hello with PID 13424 (D:\workspace\myblog\target\classes started by 18609 in D:\workspace\myblog)
13:39:07.708 default [main] INFO  cn.cllover.myblog.MyblogApplication - No active profile set, falling back to default profiles: default
13:39:09.165 default [main] INFO  o.s.d.r.c.RepositoryConfigurationDelegate - Multiple Spring Data modules found, entering strict repository configuration mode!
13:39:09.168 default [main] INFO  o.s.d.r.c.RepositoryConfigurationDelegate - Bootstrapping Spring Data repositories in DEFAULT mode.
13:39:09.246 default [main] INFO  o.s.d.r.c.RepositoryConfigurationDelegate - Finished Spring Data repository scanning in 60ms. Found 0 repository interfaces.
13:39:09.652 default [main] INFO  o.s.c.s.PostProcessorRegistrationDelegate$BeanPostProcessorChecker - Bean 'shiroConfig' of type [cn.cllover.myblog.common.config.ShiroConfig$$EnhancerBySpringCGLIB$$1e10ea6b] is not eligible for getting processed by all BeanPostProcessors (for example: not eligible for auto-proxying)
13:39:10.351 default [main] INFO  o.s.c.s.PostProcessorRegistrationDelegate$BeanPostProcessorChecker - Bean 'hashedCredentialsMatcher' of type [org.apache.shiro.authc.credential.HashedCredentialsMatcher] is not eligible for getting processed by all BeanPostProcessors (for example: not eligible for auto-proxying)
13:39:10.518 default [main] INFO  o.s.c.s.PostProcessorRegistrationDelegate$BeanPostProcessorChecker - Bean 'mybatis-tk.mybatis.mapper.autoconfigure.MybatisProperties' of type [tk.mybatis.mapper.autoconfigure.MybatisProperties] is not eligible for getting processed by all BeanPostProcessors (for example: not eligible for auto-proxying)
13:39:10.532 default [main] INFO  o.s.c.s.PostProcessorRegistrationDelegate$BeanPostProcessorChecker - Bean 'tk.mybatis.mapper.autoconfigure.MapperAutoConfiguration' of type [tk.mybatis.mapper.autoconfigure.MapperAutoConfiguration$$EnhancerBySpringCGLIB$$2d1d275b] is not eligible for getting processed by all BeanPostProcessors (for example: not eligible for auto-proxying)
13:39:10.537 default [main] INFO  o.s.c.s.PostProcessorRegistrationDelegate$BeanPostProcessorChecker - Bean 'org.springframework.boot.autoconfigure.jdbc.DataSourceConfiguration$Generic' of type [org.springframework.boot.autoconfigure.jdbc.DataSourceConfiguration$Generic] is not eligible for getting processed by all BeanPostProcessors (for example: not eligible for auto-proxying)
13:39:10.599 default [main] INFO  o.s.c.s.PostProcessorRegistrationDelegate$BeanPostProcessorChecker - Bean 'spring.datasource-org.springframework.boot.autoconfigure.jdbc.DataSourceProperties' of type [org.springframework.boot.autoconfigure.jdbc.DataSourceProperties] is not eligible for getting processed by all BeanPostProcessors (for example: not eligible for auto-proxying)
13:39:10.703 default [main] INFO  o.s.c.s.PostProcessorRegistrationDelegate$BeanPostProcessorChecker - Bean 'dataSource' of type [com.alibaba.druid.pool.DruidDataSource] is not eligible for getting processed by all BeanPostProcessors (for example: not eligible for auto-proxying)
13:39:11.234 default [main] INFO  o.s.c.s.PostProcessorRegistrationDelegate$BeanPostProcessorChecker - Bean 'sqlSessionFactory' of type [org.apache.ibatis.session.defaults.DefaultSqlSessionFactory] is not eligible for getting processed by all BeanPostProcessors (for example: not eligible for auto-proxying)
13:39:11.239 default [main] INFO  o.s.c.s.PostProcessorRegistrationDelegate$BeanPostProcessorChecker - Bean 'sqlSessionTemplate' of type [org.mybatis.spring.SqlSessionTemplate] is not eligible for getting processed by all BeanPostProcessors (for example: not eligible for auto-proxying)
13:39:11.334 default [main] INFO  o.s.c.s.PostProcessorRegistrationDelegate$BeanPostProcessorChecker - Bean 'userMapper' of type [tk.mybatis.spring.mapper.MapperFactoryBean] is not eligible for getting processed by all BeanPostProcessors (for example: not eligible for auto-proxying)
13:39:11.336 default [main] INFO  o.s.c.s.PostProcessorRegistrationDelegate$BeanPostProcessorChecker - Bean 'userMapper' of type [com.sun.proxy.$Proxy67] is not eligible for getting processed by all BeanPostProcessors (for example: not eligible for auto-proxying)
13:39:11.339 default [main] INFO  o.s.c.s.PostProcessorRegistrationDelegate$BeanPostProcessorChecker - Bean 'UserService' of type [cn.cllover.myblog.front.service.impl.UserServiceimpl] is not eligible for getting processed by all BeanPostProcessors (for example: not eligible for auto-proxying)
13:39:11.340 default [main] INFO  o.s.c.s.PostProcessorRegistrationDelegate$BeanPostProcessorChecker - Bean 'userRealm' of type [cn.cllover.myblog.common.Realm.UserRealm] is not eligible for getting processed by all BeanPostProcessors (for example: not eligible for auto-proxying)
13:39:11.346 default [main] INFO  o.s.c.s.PostProcessorRegistrationDelegate$BeanPostProcessorChecker - Bean 'redisManager' of type [org.crazycake.shiro.RedisManager] is not eligible for getting processed by all BeanPostProcessors (for example: not eligible for auto-proxying)
13:39:11.347 default [main] INFO  o.s.c.s.PostProcessorRegistrationDelegate$BeanPostProcessorChecker - Bean 'cacheManager' of type [org.crazycake.shiro.RedisCacheManager] is not eligible for getting processed by all BeanPostProcessors (for example: not eligible for auto-proxying)
13:39:11.355 default [main] INFO  o.s.c.s.PostProcessorRegistrationDelegate$BeanPostProcessorChecker - Bean 'securityManager' of type [org.apache.shiro.web.mgt.DefaultWebSecurityManager] is not eligible for getting processed by all BeanPostProcessors (for example: not eligible for auto-proxying)
13:39:11.417 default [main] INFO  o.s.c.s.PostProcessorRegistrationDelegate$BeanPostProcessorChecker - Bean 'authorizationAttributeSourceAdvisor' of type [org.apache.shiro.spring.security.interceptor.AuthorizationAttributeSourceAdvisor] is not eligible for getting processed by all BeanPostProcessors (for example: not eligible for auto-proxying)
13:39:11.476 default [main] INFO  o.s.c.s.PostProcessorRegistrationDelegate$BeanPostProcessorChecker - Bean 'org.springframework.transaction.annotation.ProxyTransactionManagementConfiguration' of type [org.springframework.transaction.annotation.ProxyTransactionManagementConfiguration$$EnhancerBySpringCGLIB$$772c7fc2] is not eligible for getting processed by all BeanPostProcessors (for example: not eligible for auto-proxying)
13:39:12.217 default [main] INFO  o.s.b.w.e.tomcat.TomcatWebServer - Tomcat initialized with port(s): 5200 (http)
13:39:12.279 default [main] INFO  o.a.coyote.http11.Http11NioProtocol - Initializing ProtocolHandler ["http-nio-5200"]
13:39:12.310 default [main] INFO  o.a.catalina.core.StandardService - Starting service [Tomcat]
13:39:12.310 default [main] INFO  o.a.catalina.core.StandardEngine - Starting Servlet engine: [Apache Tomcat/9.0.16]
13:39:12.332 default [main] INFO  o.a.c.core.AprLifecycleListener - The APR based Apache Tomcat Native library which allows optimal performance in production environments was not found on the java.library.path: [C:\Program Files\Java\jdk1.8.0_191\bin;C:\WINDOWS\Sun\Java\bin;C:\WINDOWS\system32;C:\WINDOWS;D:\Xshell\;D:\maven\apache-maven-3.6.0\bin;C:\Program Files (x86)\Common Files\Oracle\Java\javapath;C:\Program Files\Java\jdk1.8.0_191\bin;C:\Program Files (x86)\Intel\Intel(R) Management Engine Components\iCLS\;C:\Program Files\Intel\Intel(R) Management Engine Components\iCLS\;C:\Windows\system32;C:\Windows;C:\Windows\System32\Wbem;C:\Windows\System32\WindowsPowerShell\v1.0\;C:\Program Files (x86)\NVIDIA Corporation\PhysX\Common;C:\Program Files\Intel\WiFi\bin\;C:\Program Files\Common Files\Intel\WirelessCommon\;D:\MySQL\mysql-5.7.23-winx64\bin;C:\WINDOWS\system32;C:\WINDOWS;C:\WINDOWS\System32\Wbem;C:\WINDOWS\System32\WindowsPowerShell\v1.0\;C:\WINDOWS\System32\OpenSSH\;C:\Program Files (x86)\Intel\Intel(R) Management Engine Components\DAL;C:\Program Files\Intel\Intel(R) Management Engine Components\DAL;C:\Program Files (x86)\Intel\Intel(R) Management Engine Components\IPT;C:\Program Files\Intel\Intel(R) Management Engine Components\IPT;C:\Program Files\Java\jdk1.8.0_191\jre\bin;C:\Program Files\nodejs\;D:\SVN\bin;D:\GitHub\Git\cmd;D:\Gradle\gradle-5.3\bin;;C:\Program Files\NVIDIA Corporation\NVIDIA NvDLISR;D:\node.js\node_global;C:\Users\18609\AppData\Local\Microsoft\WindowsApps;C:\Program Files\Intel\WiFi\bin\;C:\Program Files\Common Files\Intel\WirelessCommon\;C:\Users\18609\AppData\Local\GitHubDesktop\bin;C:\Users\18609\AppData\Local\Microsoft\WindowsApps;C:\Users\18609\AppData\Roaming\npm;D:\VScode\Microsoft VS Code\bin;.]
13:39:12.717 default [main] INFO  o.a.c.c.C.[Tomcat].[localhost].[/] - Initializing Spring embedded WebApplicationContext
13:39:12.718 default [main] INFO  o.s.web.context.ContextLoader - Root WebApplicationContext: initialization completed in 4864 ms
13:39:14.184 default [main] INFO  o.s.s.c.ThreadPoolTaskExecutor - Initializing ExecutorService 'applicationTaskExecutor'
13:39:14.466 default [main] INFO  o.s.b.a.w.s.WelcomePageHandlerMapping - Adding welcome page template: index
13:39:14.510 default [main] INFO  t.m.m.a.MapperCacheDisabler - Clear tk.mybatis.mapper.util.MsUtil CLASS_CACHE cache.
13:39:14.510 default [main] INFO  t.m.m.a.MapperCacheDisabler - Clear tk.mybatis.mapper.genid.GenIdUtil CACHE cache.
13:39:14.511 default [main] INFO  t.m.m.a.MapperCacheDisabler - Clear tk.mybatis.mapper.version.VersionUtil CACHE cache.
13:39:14.511 default [main] INFO  t.m.m.a.MapperCacheDisabler - Clear EntityHelper entityTableMap cache.
13:39:15.044 default [main] INFO  o.a.coyote.http11.Http11NioProtocol - Starting ProtocolHandler ["http-nio-5200"]
13:39:15.075 default [main] INFO  o.s.b.w.e.tomcat.TomcatWebServer - Tomcat started on port(s): 5200 (http) with context path ''
13:39:15.080 default [main] INFO  cn.cllover.myblog.MyblogApplication - Started MyblogApplication in 8.64 seconds (JVM running for 11.009)
13:39:15.083 default [main] INFO  cn.cllover.myblog.MyblogApplication - ====================cllover--INFO============
13:39:34.286 default [http-nio-5200-exec-1] INFO  o.a.c.c.C.[Tomcat].[localhost].[/] - Initializing Spring DispatcherServlet 'dispatcherServlet'
13:39:34.287 default [http-nio-5200-exec-1] INFO  o.s.web.servlet.DispatcherServlet - Initializing Servlet 'dispatcherServlet'
13:39:34.301 default [http-nio-5200-exec-1] INFO  o.s.web.servlet.DispatcherServlet - Completed initialization in 14 ms
13:39:34.316 default [http-nio-5200-exec-1] INFO  o.a.s.s.m.AbstractValidatingSessionManager - Enabling session validation scheduler...
13:39:34.512 default [http-nio-5200-exec-1] INFO  c.alibaba.druid.pool.DruidDataSource - {dataSource-1} inited
13:39:35.627 default [http-nio-5200-exec-4] INFO  c.c.myblog.common.Aspect.SLogAspect - 目标方法在执行:---:getAll
13:39:35.727 default [http-nio-5200-exec-4] INFO  c.c.myblog.common.Aspect.SLogAspect - 当前请求用户id:15436996140；当前请求地址:/u/home/getArt/15436996140；当前类名:cn.cllover.myblog.front.controller.UserController
13:39:35.727 default [http-nio-5200-exec-4] INFO  c.c.myblog.common.Aspect.SLogAspect - 当前方法名:getAll；当前方法参数值:[15436996140, 1]
13:42:08.588 default [main] INFO  cn.cllover.myblog.MyblogApplication - Starting MyblogApplication on Hello with PID 4504 (D:\workspace\myblog\target\classes started by 18609 in D:\workspace\myblog)
13:42:08.597 default [main] INFO  cn.cllover.myblog.MyblogApplication - No active profile set, falling back to default profiles: default
13:42:09.951 default [main] INFO  o.s.d.r.c.RepositoryConfigurationDelegate - Multiple Spring Data modules found, entering strict repository configuration mode!
13:42:09.954 default [main] INFO  o.s.d.r.c.RepositoryConfigurationDelegate - Bootstrapping Spring Data repositories in DEFAULT mode.
13:42:10.023 default [main] INFO  o.s.d.r.c.RepositoryConfigurationDelegate - Finished Spring Data repository scanning in 53ms. Found 0 repository interfaces.
13:42:10.331 default [main] INFO  o.s.c.s.PostProcessorRegistrationDelegate$BeanPostProcessorChecker - Bean 'shiroConfig' of type [cn.cllover.myblog.common.config.ShiroConfig$$EnhancerBySpringCGLIB$$314df960] is not eligible for getting processed by all BeanPostProcessors (for example: not eligible for auto-proxying)
13:42:10.773 default [main] INFO  o.s.c.s.PostProcessorRegistrationDelegate$BeanPostProcessorChecker - Bean 'hashedCredentialsMatcher' of type [org.apache.shiro.authc.credential.HashedCredentialsMatcher] is not eligible for getting processed by all BeanPostProcessors (for example: not eligible for auto-proxying)
13:42:10.841 default [main] INFO  o.s.c.s.PostProcessorRegistrationDelegate$BeanPostProcessorChecker - Bean 'mybatis-tk.mybatis.mapper.autoconfigure.MybatisProperties' of type [tk.mybatis.mapper.autoconfigure.MybatisProperties] is not eligible for getting processed by all BeanPostProcessors (for example: not eligible for auto-proxying)
13:42:10.851 default [main] INFO  o.s.c.s.PostProcessorRegistrationDelegate$BeanPostProcessorChecker - Bean 'tk.mybatis.mapper.autoconfigure.MapperAutoConfiguration' of type [tk.mybatis.mapper.autoconfigure.MapperAutoConfiguration$$EnhancerBySpringCGLIB$$405a3650] is not eligible for getting processed by all BeanPostProcessors (for example: not eligible for auto-proxying)
13:42:10.852 default [main] INFO  o.s.c.s.PostProcessorRegistrationDelegate$BeanPostProcessorChecker - Bean 'org.springframework.boot.autoconfigure.jdbc.DataSourceConfiguration$Generic' of type [org.springframework.boot.autoconfigure.jdbc.DataSourceConfiguration$Generic] is not eligible for getting processed by all BeanPostProcessors (for example: not eligible for auto-proxying)
13:42:10.870 default [main] INFO  o.s.c.s.PostProcessorRegistrationDelegate$BeanPostProcessorChecker - Bean 'spring.datasource-org.springframework.boot.autoconfigure.jdbc.DataSourceProperties' of type [org.springframework.boot.autoconfigure.jdbc.DataSourceProperties] is not eligible for getting processed by all BeanPostProcessors (for example: not eligible for auto-proxying)
13:42:10.924 default [main] INFO  o.s.c.s.PostProcessorRegistrationDelegate$BeanPostProcessorChecker - Bean 'dataSource' of type [com.alibaba.druid.pool.DruidDataSource] is not eligible for getting processed by all BeanPostProcessors (for example: not eligible for auto-proxying)
13:42:11.270 default [main] INFO  o.s.c.s.PostProcessorRegistrationDelegate$BeanPostProcessorChecker - Bean 'sqlSessionFactory' of type [org.apache.ibatis.session.defaults.DefaultSqlSessionFactory] is not eligible for getting processed by all BeanPostProcessors (for example: not eligible for auto-proxying)
13:42:11.276 default [main] INFO  o.s.c.s.PostProcessorRegistrationDelegate$BeanPostProcessorChecker - Bean 'sqlSessionTemplate' of type [org.mybatis.spring.SqlSessionTemplate] is not eligible for getting processed by all BeanPostProcessors (for example: not eligible for auto-proxying)
13:42:11.359 default [main] INFO  o.s.c.s.PostProcessorRegistrationDelegate$BeanPostProcessorChecker - Bean 'userMapper' of type [tk.mybatis.spring.mapper.MapperFactoryBean] is not eligible for getting processed by all BeanPostProcessors (for example: not eligible for auto-proxying)
13:42:11.361 default [main] INFO  o.s.c.s.PostProcessorRegistrationDelegate$BeanPostProcessorChecker - Bean 'userMapper' of type [com.sun.proxy.$Proxy67] is not eligible for getting processed by all BeanPostProcessors (for example: not eligible for auto-proxying)
13:42:11.363 default [main] INFO  o.s.c.s.PostProcessorRegistrationDelegate$BeanPostProcessorChecker - Bean 'UserService' of type [cn.cllover.myblog.front.service.impl.UserServiceimpl] is not eligible for getting processed by all BeanPostProcessors (for example: not eligible for auto-proxying)
13:42:11.363 default [main] INFO  o.s.c.s.PostProcessorRegistrationDelegate$BeanPostProcessorChecker - Bean 'userRealm' of type [cn.cllover.myblog.common.Realm.UserRealm] is not eligible for getting processed by all BeanPostProcessors (for example: not eligible for auto-proxying)
13:42:11.368 default [main] INFO  o.s.c.s.PostProcessorRegistrationDelegate$BeanPostProcessorChecker - Bean 'redisManager' of type [org.crazycake.shiro.RedisManager] is not eligible for getting processed by all BeanPostProcessors (for example: not eligible for auto-proxying)
13:42:11.369 default [main] INFO  o.s.c.s.PostProcessorRegistrationDelegate$BeanPostProcessorChecker - Bean 'cacheManager' of type [org.crazycake.shiro.RedisCacheManager] is not eligible for getting processed by all BeanPostProcessors (for example: not eligible for auto-proxying)
13:42:11.375 default [main] INFO  o.s.c.s.PostProcessorRegistrationDelegate$BeanPostProcessorChecker - Bean 'securityManager' of type [org.apache.shiro.web.mgt.DefaultWebSecurityManager] is not eligible for getting processed by all BeanPostProcessors (for example: not eligible for auto-proxying)
13:42:11.426 default [main] INFO  o.s.c.s.PostProcessorRegistrationDelegate$BeanPostProcessorChecker - Bean 'authorizationAttributeSourceAdvisor' of type [org.apache.shiro.spring.security.interceptor.AuthorizationAttributeSourceAdvisor] is not eligible for getting processed by all BeanPostProcessors (for example: not eligible for auto-proxying)
13:42:11.470 default [main] INFO  o.s.c.s.PostProcessorRegistrationDelegate$BeanPostProcessorChecker - Bean 'org.springframework.transaction.annotation.ProxyTransactionManagementConfiguration' of type [org.springframework.transaction.annotation.ProxyTransactionManagementConfiguration$$EnhancerBySpringCGLIB$$8a698eb7] is not eligible for getting processed by all BeanPostProcessors (for example: not eligible for auto-proxying)
13:42:12.063 default [main] INFO  o.s.b.w.e.tomcat.TomcatWebServer - Tomcat initialized with port(s): 5200 (http)
13:42:12.080 default [main] INFO  o.a.coyote.http11.Http11NioProtocol - Initializing ProtocolHandler ["http-nio-5200"]
13:42:12.089 default [main] INFO  o.a.catalina.core.StandardService - Starting service [Tomcat]
13:42:12.089 default [main] INFO  o.a.catalina.core.StandardEngine - Starting Servlet engine: [Apache Tomcat/9.0.16]
13:42:12.096 default [main] INFO  o.a.c.core.AprLifecycleListener - The APR based Apache Tomcat Native library which allows optimal performance in production environments was not found on the java.library.path: [C:\Program Files\Java\jdk1.8.0_191\bin;C:\WINDOWS\Sun\Java\bin;C:\WINDOWS\system32;C:\WINDOWS;D:\Xshell\;D:\maven\apache-maven-3.6.0\bin;C:\Program Files (x86)\Common Files\Oracle\Java\javapath;C:\Program Files\Java\jdk1.8.0_191\bin;C:\Program Files (x86)\Intel\Intel(R) Management Engine Components\iCLS\;C:\Program Files\Intel\Intel(R) Management Engine Components\iCLS\;C:\Windows\system32;C:\Windows;C:\Windows\System32\Wbem;C:\Windows\System32\WindowsPowerShell\v1.0\;C:\Program Files (x86)\NVIDIA Corporation\PhysX\Common;C:\Program Files\Intel\WiFi\bin\;C:\Program Files\Common Files\Intel\WirelessCommon\;D:\MySQL\mysql-5.7.23-winx64\bin;C:\WINDOWS\system32;C:\WINDOWS;C:\WINDOWS\System32\Wbem;C:\WINDOWS\System32\WindowsPowerShell\v1.0\;C:\WINDOWS\System32\OpenSSH\;C:\Program Files (x86)\Intel\Intel(R) Management Engine Components\DAL;C:\Program Files\Intel\Intel(R) Management Engine Components\DAL;C:\Program Files (x86)\Intel\Intel(R) Management Engine Components\IPT;C:\Program Files\Intel\Intel(R) Management Engine Components\IPT;C:\Program Files\Java\jdk1.8.0_191\jre\bin;C:\Program Files\nodejs\;D:\SVN\bin;D:\GitHub\Git\cmd;D:\Gradle\gradle-5.3\bin;;C:\Program Files\NVIDIA Corporation\NVIDIA NvDLISR;D:\node.js\node_global;C:\Users\18609\AppData\Local\Microsoft\WindowsApps;C:\Program Files\Intel\WiFi\bin\;C:\Program Files\Common Files\Intel\WirelessCommon\;C:\Users\18609\AppData\Local\GitHubDesktop\bin;C:\Users\18609\AppData\Local\Microsoft\WindowsApps;C:\Users\18609\AppData\Roaming\npm;D:\VScode\Microsoft VS Code\bin;.]
13:42:12.274 default [main] INFO  o.a.c.c.C.[Tomcat].[localhost].[/] - Initializing Spring embedded WebApplicationContext
13:42:12.274 default [main] INFO  o.s.web.context.ContextLoader - Root WebApplicationContext: initialization completed in 3442 ms
13:42:14.036 default [main] INFO  o.s.s.c.ThreadPoolTaskExecutor - Initializing ExecutorService 'applicationTaskExecutor'
13:42:14.321 default [main] INFO  o.s.b.a.w.s.WelcomePageHandlerMapping - Adding welcome page template: index
13:42:14.369 default [main] INFO  t.m.m.a.MapperCacheDisabler - Clear tk.mybatis.mapper.util.MsUtil CLASS_CACHE cache.
13:42:14.370 default [main] INFO  t.m.m.a.MapperCacheDisabler - Clear tk.mybatis.mapper.genid.GenIdUtil CACHE cache.
13:42:14.370 default [main] INFO  t.m.m.a.MapperCacheDisabler - Clear tk.mybatis.mapper.version.VersionUtil CACHE cache.
13:42:14.370 default [main] INFO  t.m.m.a.MapperCacheDisabler - Clear EntityHelper entityTableMap cache.
13:42:14.941 default [main] INFO  o.a.coyote.http11.Http11NioProtocol - Starting ProtocolHandler ["http-nio-5200"]
13:42:14.974 default [main] INFO  o.s.b.w.e.tomcat.TomcatWebServer - Tomcat started on port(s): 5200 (http) with context path ''
13:42:14.979 default [main] INFO  cn.cllover.myblog.MyblogApplication - Started MyblogApplication in 8.584 seconds (JVM running for 10.628)
13:42:14.982 default [main] INFO  cn.cllover.myblog.MyblogApplication - ====================cllover--INFO============
13:46:45.627 default [http-nio-5200-exec-2] INFO  o.a.c.c.C.[Tomcat].[localhost].[/] - Initializing Spring DispatcherServlet 'dispatcherServlet'
13:46:45.627 default [http-nio-5200-exec-2] INFO  o.s.web.servlet.DispatcherServlet - Initializing Servlet 'dispatcherServlet'
13:46:45.643 default [http-nio-5200-exec-2] INFO  o.s.web.servlet.DispatcherServlet - Completed initialization in 16 ms
13:46:45.667 default [http-nio-5200-exec-2] INFO  o.a.s.s.m.AbstractValidatingSessionManager - Enabling session validation scheduler...
13:46:45.869 default [http-nio-5200-exec-2] INFO  c.alibaba.druid.pool.DruidDataSource - {dataSource-1} inited
13:46:46.758 default [http-nio-5200-exec-1] INFO  c.c.myblog.common.Aspect.SLogAspect - 目标方法在执行:---:getAll
13:46:47.054 default [http-nio-5200-exec-1] INFO  c.c.myblog.common.Aspect.SLogAspect - 当前请求用户id:15436996140；当前请求地址:/u/home/getArt/15436996140；当前类名:cn.cllover.myblog.front.controller.UserController
13:46:47.054 default [http-nio-5200-exec-1] INFO  c.c.myblog.common.Aspect.SLogAspect - 当前方法名:getAll；当前方法参数值:[15436996140, 1]
13:48:15.264 default [main] INFO  cn.cllover.myblog.MyblogApplication - Starting MyblogApplication on Hello with PID 15596 (D:\workspace\myblog\target\classes started by 18609 in D:\workspace\myblog)
13:48:15.270 default [main] INFO  cn.cllover.myblog.MyblogApplication - No active profile set, falling back to default profiles: default
13:48:16.825 default [main] INFO  o.s.d.r.c.RepositoryConfigurationDelegate - Multiple Spring Data modules found, entering strict repository configuration mode!
13:48:16.830 default [main] INFO  o.s.d.r.c.RepositoryConfigurationDelegate - Bootstrapping Spring Data repositories in DEFAULT mode.
13:48:16.933 default [main] INFO  o.s.d.r.c.RepositoryConfigurationDelegate - Finished Spring Data repository scanning in 79ms. Found 0 repository interfaces.
13:48:17.630 default [main] INFO  o.s.c.s.PostProcessorRegistrationDelegate$BeanPostProcessorChecker - Bean 'shiroConfig' of type [cn.cllover.myblog.common.config.ShiroConfig$$EnhancerBySpringCGLIB$$c2a55dd8] is not eligible for getting processed by all BeanPostProcessors (for example: not eligible for auto-proxying)
13:48:18.440 default [main] INFO  o.s.c.s.PostProcessorRegistrationDelegate$BeanPostProcessorChecker - Bean 'hashedCredentialsMatcher' of type [org.apache.shiro.authc.credential.HashedCredentialsMatcher] is not eligible for getting processed by all BeanPostProcessors (for example: not eligible for auto-proxying)
13:48:18.518 default [main] INFO  o.s.c.s.PostProcessorRegistrationDelegate$BeanPostProcessorChecker - Bean 'mybatis-tk.mybatis.mapper.autoconfigure.MybatisProperties' of type [tk.mybatis.mapper.autoconfigure.MybatisProperties] is not eligible for getting processed by all BeanPostProcessors (for example: not eligible for auto-proxying)
13:48:18.529 default [main] INFO  o.s.c.s.PostProcessorRegistrationDelegate$BeanPostProcessorChecker - Bean 'tk.mybatis.mapper.autoconfigure.MapperAutoConfiguration' of type [tk.mybatis.mapper.autoconfigure.MapperAutoConfiguration$$EnhancerBySpringCGLIB$$d1b19ac8] is not eligible for getting processed by all BeanPostProcessors (for example: not eligible for auto-proxying)
13:48:18.532 default [main] INFO  o.s.c.s.PostProcessorRegistrationDelegate$BeanPostProcessorChecker - Bean 'org.springframework.boot.autoconfigure.jdbc.DataSourceConfiguration$Generic' of type [org.springframework.boot.autoconfigure.jdbc.DataSourceConfiguration$Generic] is not eligible for getting processed by all BeanPostProcessors (for example: not eligible for auto-proxying)
13:48:18.553 default [main] INFO  o.s.c.s.PostProcessorRegistrationDelegate$BeanPostProcessorChecker - Bean 'spring.datasource-org.springframework.boot.autoconfigure.jdbc.DataSourceProperties' of type [org.springframework.boot.autoconfigure.jdbc.DataSourceProperties] is not eligible for getting processed by all BeanPostProcessors (for example: not eligible for auto-proxying)
13:48:18.620 default [main] INFO  o.s.c.s.PostProcessorRegistrationDelegate$BeanPostProcessorChecker - Bean 'dataSource' of type [com.alibaba.druid.pool.DruidDataSource] is not eligible for getting processed by all BeanPostProcessors (for example: not eligible for auto-proxying)
13:48:19.057 default [main] INFO  o.s.c.s.PostProcessorRegistrationDelegate$BeanPostProcessorChecker - Bean 'sqlSessionFactory' of type [org.apache.ibatis.session.defaults.DefaultSqlSessionFactory] is not eligible for getting processed by all BeanPostProcessors (for example: not eligible for auto-proxying)
13:48:19.064 default [main] INFO  o.s.c.s.PostProcessorRegistrationDelegate$BeanPostProcessorChecker - Bean 'sqlSessionTemplate' of type [org.mybatis.spring.SqlSessionTemplate] is not eligible for getting processed by all BeanPostProcessors (for example: not eligible for auto-proxying)
13:48:19.149 default [main] INFO  o.s.c.s.PostProcessorRegistrationDelegate$BeanPostProcessorChecker - Bean 'userMapper' of type [tk.mybatis.spring.mapper.MapperFactoryBean] is not eligible for getting processed by all BeanPostProcessors (for example: not eligible for auto-proxying)
13:48:19.151 default [main] INFO  o.s.c.s.PostProcessorRegistrationDelegate$BeanPostProcessorChecker - Bean 'userMapper' of type [com.sun.proxy.$Proxy67] is not eligible for getting processed by all BeanPostProcessors (for example: not eligible for auto-proxying)
13:48:19.153 default [main] INFO  o.s.c.s.PostProcessorRegistrationDelegate$BeanPostProcessorChecker - Bean 'UserService' of type [cn.cllover.myblog.front.service.impl.UserServiceimpl] is not eligible for getting processed by all BeanPostProcessors (for example: not eligible for auto-proxying)
13:48:19.154 default [main] INFO  o.s.c.s.PostProcessorRegistrationDelegate$BeanPostProcessorChecker - Bean 'userRealm' of type [cn.cllover.myblog.common.Realm.UserRealm] is not eligible for getting processed by all BeanPostProcessors (for example: not eligible for auto-proxying)
13:48:19.159 default [main] INFO  o.s.c.s.PostProcessorRegistrationDelegate$BeanPostProcessorChecker - Bean 'redisManager' of type [org.crazycake.shiro.RedisManager] is not eligible for getting processed by all BeanPostProcessors (for example: not eligible for auto-proxying)
13:48:19.159 default [main] INFO  o.s.c.s.PostProcessorRegistrationDelegate$BeanPostProcessorChecker - Bean 'cacheManager' of type [org.crazycake.shiro.RedisCacheManager] is not eligible for getting processed by all BeanPostProcessors (for example: not eligible for auto-proxying)
13:48:19.164 default [main] INFO  o.s.c.s.PostProcessorRegistrationDelegate$BeanPostProcessorChecker - Bean 'securityManager' of type [org.apache.shiro.web.mgt.DefaultWebSecurityManager] is not eligible for getting processed by all BeanPostProcessors (for example: not eligible for auto-proxying)
13:48:19.218 default [main] INFO  o.s.c.s.PostProcessorRegistrationDelegate$BeanPostProcessorChecker - Bean 'authorizationAttributeSourceAdvisor' of type [org.apache.shiro.spring.security.interceptor.AuthorizationAttributeSourceAdvisor] is not eligible for getting processed by all BeanPostProcessors (for example: not eligible for auto-proxying)
13:48:19.264 default [main] INFO  o.s.c.s.PostProcessorRegistrationDelegate$BeanPostProcessorChecker - Bean 'org.springframework.transaction.annotation.ProxyTransactionManagementConfiguration' of type [org.springframework.transaction.annotation.ProxyTransactionManagementConfiguration$$EnhancerBySpringCGLIB$$1bc0f32f] is not eligible for getting processed by all BeanPostProcessors (for example: not eligible for auto-proxying)
13:48:19.899 default [main] INFO  o.s.b.w.e.tomcat.TomcatWebServer - Tomcat initialized with port(s): 5200 (http)
13:48:19.914 default [main] INFO  o.a.coyote.http11.Http11NioProtocol - Initializing ProtocolHandler ["http-nio-5200"]
13:48:19.922 default [main] INFO  o.a.catalina.core.StandardService - Starting service [Tomcat]
13:48:19.923 default [main] INFO  o.a.catalina.core.StandardEngine - Starting Servlet engine: [Apache Tomcat/9.0.16]
13:48:19.929 default [main] INFO  o.a.c.core.AprLifecycleListener - The APR based Apache Tomcat Native library which allows optimal performance in production environments was not found on the java.library.path: [C:\Program Files\Java\jdk1.8.0_191\bin;C:\WINDOWS\Sun\Java\bin;C:\WINDOWS\system32;C:\WINDOWS;D:\Xshell\;D:\maven\apache-maven-3.6.0\bin;C:\Program Files (x86)\Common Files\Oracle\Java\javapath;C:\Program Files\Java\jdk1.8.0_191\bin;C:\Program Files (x86)\Intel\Intel(R) Management Engine Components\iCLS\;C:\Program Files\Intel\Intel(R) Management Engine Components\iCLS\;C:\Windows\system32;C:\Windows;C:\Windows\System32\Wbem;C:\Windows\System32\WindowsPowerShell\v1.0\;C:\Program Files (x86)\NVIDIA Corporation\PhysX\Common;C:\Program Files\Intel\WiFi\bin\;C:\Program Files\Common Files\Intel\WirelessCommon\;D:\MySQL\mysql-5.7.23-winx64\bin;C:\WINDOWS\system32;C:\WINDOWS;C:\WINDOWS\System32\Wbem;C:\WINDOWS\System32\WindowsPowerShell\v1.0\;C:\WINDOWS\System32\OpenSSH\;C:\Program Files (x86)\Intel\Intel(R) Management Engine Components\DAL;C:\Program Files\Intel\Intel(R) Management Engine Components\DAL;C:\Program Files (x86)\Intel\Intel(R) Management Engine Components\IPT;C:\Program Files\Intel\Intel(R) Management Engine Components\IPT;C:\Program Files\Java\jdk1.8.0_191\jre\bin;C:\Program Files\nodejs\;D:\SVN\bin;D:\GitHub\Git\cmd;D:\Gradle\gradle-5.3\bin;;C:\Program Files\NVIDIA Corporation\NVIDIA NvDLISR;D:\node.js\node_global;C:\Users\18609\AppData\Local\Microsoft\WindowsApps;C:\Program Files\Intel\WiFi\bin\;C:\Program Files\Common Files\Intel\WirelessCommon\;C:\Users\18609\AppData\Local\GitHubDesktop\bin;C:\Users\18609\AppData\Local\Microsoft\WindowsApps;C:\Users\18609\AppData\Roaming\npm;D:\VScode\Microsoft VS Code\bin;.]
13:48:20.130 default [main] INFO  o.a.c.c.C.[Tomcat].[localhost].[/] - Initializing Spring embedded WebApplicationContext
13:48:20.130 default [main] INFO  o.s.web.context.ContextLoader - Root WebApplicationContext: initialization completed in 4702 ms
13:48:21.611 default [main] INFO  o.s.s.c.ThreadPoolTaskExecutor - Initializing ExecutorService 'applicationTaskExecutor'
13:48:21.899 default [main] INFO  o.s.b.a.w.s.WelcomePageHandlerMapping - Adding welcome page template: index
13:48:21.947 default [main] INFO  t.m.m.a.MapperCacheDisabler - Clear tk.mybatis.mapper.util.MsUtil CLASS_CACHE cache.
13:48:21.949 default [main] INFO  t.m.m.a.MapperCacheDisabler - Clear tk.mybatis.mapper.genid.GenIdUtil CACHE cache.
13:48:21.949 default [main] INFO  t.m.m.a.MapperCacheDisabler - Clear tk.mybatis.mapper.version.VersionUtil CACHE cache.
13:48:21.949 default [main] INFO  t.m.m.a.MapperCacheDisabler - Clear EntityHelper entityTableMap cache.
13:48:22.519 default [main] INFO  o.a.coyote.http11.Http11NioProtocol - Starting ProtocolHandler ["http-nio-5200"]
13:48:22.551 default [main] INFO  o.s.b.w.e.tomcat.TomcatWebServer - Tomcat started on port(s): 5200 (http) with context path ''
13:48:22.555 default [main] INFO  cn.cllover.myblog.MyblogApplication - Started MyblogApplication in 8.317 seconds (JVM running for 9.954)
13:48:22.558 default [main] INFO  cn.cllover.myblog.MyblogApplication - ====================cllover--INFO============
13:55:53.886 default [http-nio-5200-exec-2] INFO  o.a.c.c.C.[Tomcat].[localhost].[/] - Initializing Spring DispatcherServlet 'dispatcherServlet'
13:55:53.887 default [http-nio-5200-exec-2] INFO  o.s.web.servlet.DispatcherServlet - Initializing Servlet 'dispatcherServlet'
13:55:53.934 default [http-nio-5200-exec-2] INFO  o.s.web.servlet.DispatcherServlet - Completed initialization in 47 ms
13:55:53.981 default [http-nio-5200-exec-2] INFO  o.a.s.s.m.AbstractValidatingSessionManager - Enabling session validation scheduler...
13:55:54.218 default [http-nio-5200-exec-2] INFO  c.alibaba.druid.pool.DruidDataSource - {dataSource-1} inited
13:55:55.293 default [http-nio-5200-exec-1] INFO  c.c.myblog.common.Aspect.SLogAspect - 目标方法在执行:---:getAll
13:55:55.388 default [http-nio-5200-exec-1] INFO  c.c.myblog.common.Aspect.SLogAspect - 当前请求用户id:15436996140；当前请求地址:/u/home/getArt/15436996140；当前类名:cn.cllover.myblog.front.controller.UserController
13:55:55.388 default [http-nio-5200-exec-1] INFO  c.c.myblog.common.Aspect.SLogAspect - 当前方法名:getAll；当前方法参数值:[15436996140, 1]
13:57:48.115 default [main] INFO  cn.cllover.myblog.MyblogApplication - Starting MyblogApplication on Hello with PID 16596 (D:\workspace\myblog\target\classes started by 18609 in D:\workspace\myblog)
13:57:48.120 default [main] INFO  cn.cllover.myblog.MyblogApplication - No active profile set, falling back to default profiles: default
13:57:50.056 default [main] INFO  o.s.d.r.c.RepositoryConfigurationDelegate - Multiple Spring Data modules found, entering strict repository configuration mode!
13:57:50.061 default [main] INFO  o.s.d.r.c.RepositoryConfigurationDelegate - Bootstrapping Spring Data repositories in DEFAULT mode.
13:57:50.206 default [main] INFO  o.s.d.r.c.RepositoryConfigurationDelegate - Finished Spring Data repository scanning in 111ms. Found 0 repository interfaces.
13:57:50.716 default [main] INFO  o.s.c.s.PostProcessorRegistrationDelegate$BeanPostProcessorChecker - Bean 'shiroConfig' of type [cn.cllover.myblog.common.config.ShiroConfig$$EnhancerBySpringCGLIB$$ba0398d8] is not eligible for getting processed by all BeanPostProcessors (for example: not eligible for auto-proxying)
13:57:51.261 default [main] INFO  o.s.c.s.PostProcessorRegistrationDelegate$BeanPostProcessorChecker - Bean 'hashedCredentialsMatcher' of type [org.apache.shiro.authc.credential.HashedCredentialsMatcher] is not eligible for getting processed by all BeanPostProcessors (for example: not eligible for auto-proxying)
13:57:51.344 default [main] INFO  o.s.c.s.PostProcessorRegistrationDelegate$BeanPostProcessorChecker - Bean 'mybatis-tk.mybatis.mapper.autoconfigure.MybatisProperties' of type [tk.mybatis.mapper.autoconfigure.MybatisProperties] is not eligible for getting processed by all BeanPostProcessors (for example: not eligible for auto-proxying)
13:57:51.353 default [main] INFO  o.s.c.s.PostProcessorRegistrationDelegate$BeanPostProcessorChecker - Bean 'tk.mybatis.mapper.autoconfigure.MapperAutoConfiguration' of type [tk.mybatis.mapper.autoconfigure.MapperAutoConfiguration$$EnhancerBySpringCGLIB$$c90fd5c8] is not eligible for getting processed by all BeanPostProcessors (for example: not eligible for auto-proxying)
13:57:51.355 default [main] INFO  o.s.c.s.PostProcessorRegistrationDelegate$BeanPostProcessorChecker - Bean 'org.springframework.boot.autoconfigure.jdbc.DataSourceConfiguration$Generic' of type [org.springframework.boot.autoconfigure.jdbc.DataSourceConfiguration$Generic] is not eligible for getting processed by all BeanPostProcessors (for example: not eligible for auto-proxying)
13:57:51.372 default [main] INFO  o.s.c.s.PostProcessorRegistrationDelegate$BeanPostProcessorChecker - Bean 'spring.datasource-org.springframework.boot.autoconfigure.jdbc.DataSourceProperties' of type [org.springframework.boot.autoconfigure.jdbc.DataSourceProperties] is not eligible for getting processed by all BeanPostProcessors (for example: not eligible for auto-proxying)
13:57:51.430 default [main] INFO  o.s.c.s.PostProcessorRegistrationDelegate$BeanPostProcessorChecker - Bean 'dataSource' of type [com.alibaba.druid.pool.DruidDataSource] is not eligible for getting processed by all BeanPostProcessors (for example: not eligible for auto-proxying)
13:57:51.844 default [main] INFO  o.s.c.s.PostProcessorRegistrationDelegate$BeanPostProcessorChecker - Bean 'sqlSessionFactory' of type [org.apache.ibatis.session.defaults.DefaultSqlSessionFactory] is not eligible for getting processed by all BeanPostProcessors (for example: not eligible for auto-proxying)
13:57:51.852 default [main] INFO  o.s.c.s.PostProcessorRegistrationDelegate$BeanPostProcessorChecker - Bean 'sqlSessionTemplate' of type [org.mybatis.spring.SqlSessionTemplate] is not eligible for getting processed by all BeanPostProcessors (for example: not eligible for auto-proxying)
13:57:51.972 default [main] INFO  o.s.c.s.PostProcessorRegistrationDelegate$BeanPostProcessorChecker - Bean 'userMapper' of type [tk.mybatis.spring.mapper.MapperFactoryBean] is not eligible for getting processed by all BeanPostProcessors (for example: not eligible for auto-proxying)
13:57:51.977 default [main] INFO  o.s.c.s.PostProcessorRegistrationDelegate$BeanPostProcessorChecker - Bean 'userMapper' of type [com.sun.proxy.$Proxy67] is not eligible for getting processed by all BeanPostProcessors (for example: not eligible for auto-proxying)
13:57:51.981 default [main] INFO  o.s.c.s.PostProcessorRegistrationDelegate$BeanPostProcessorChecker - Bean 'UserService' of type [cn.cllover.myblog.front.service.impl.UserServiceimpl] is not eligible for getting processed by all BeanPostProcessors (for example: not eligible for auto-proxying)
13:57:51.982 default [main] INFO  o.s.c.s.PostProcessorRegistrationDelegate$BeanPostProcessorChecker - Bean 'userRealm' of type [cn.cllover.myblog.common.Realm.UserRealm] is not eligible for getting processed by all BeanPostProcessors (for example: not eligible for auto-proxying)
13:57:51.988 default [main] INFO  o.s.c.s.PostProcessorRegistrationDelegate$BeanPostProcessorChecker - Bean 'redisManager' of type [org.crazycake.shiro.RedisManager] is not eligible for getting processed by all BeanPostProcessors (for example: not eligible for auto-proxying)
13:57:51.989 default [main] INFO  o.s.c.s.PostProcessorRegistrationDelegate$BeanPostProcessorChecker - Bean 'cacheManager' of type [org.crazycake.shiro.RedisCacheManager] is not eligible for getting processed by all BeanPostProcessors (for example: not eligible for auto-proxying)
13:57:51.995 default [main] INFO  o.s.c.s.PostProcessorRegistrationDelegate$BeanPostProcessorChecker - Bean 'securityManager' of type [org.apache.shiro.web.mgt.DefaultWebSecurityManager] is not eligible for getting processed by all BeanPostProcessors (for example: not eligible for auto-proxying)
13:57:52.095 default [main] INFO  o.s.c.s.PostProcessorRegistrationDelegate$BeanPostProcessorChecker - Bean 'authorizationAttributeSourceAdvisor' of type [org.apache.shiro.spring.security.interceptor.AuthorizationAttributeSourceAdvisor] is not eligible for getting processed by all BeanPostProcessors (for example: not eligible for auto-proxying)
13:57:52.159 default [main] INFO  o.s.c.s.PostProcessorRegistrationDelegate$BeanPostProcessorChecker - Bean 'org.springframework.transaction.annotation.ProxyTransactionManagementConfiguration' of type [org.springframework.transaction.annotation.ProxyTransactionManagementConfiguration$$EnhancerBySpringCGLIB$$131f2e2f] is not eligible for getting processed by all BeanPostProcessors (for example: not eligible for auto-proxying)
13:57:52.809 default [main] INFO  o.s.b.w.e.tomcat.TomcatWebServer - Tomcat initialized with port(s): 5200 (http)
13:57:52.827 default [main] INFO  o.a.coyote.http11.Http11NioProtocol - Initializing ProtocolHandler ["http-nio-5200"]
13:57:52.838 default [main] INFO  o.a.catalina.core.StandardService - Starting service [Tomcat]
13:57:52.838 default [main] INFO  o.a.catalina.core.StandardEngine - Starting Servlet engine: [Apache Tomcat/9.0.16]
13:57:52.849 default [main] INFO  o.a.c.core.AprLifecycleListener - The APR based Apache Tomcat Native library which allows optimal performance in production environments was not found on the java.library.path: [C:\Program Files\Java\jdk1.8.0_191\bin;C:\WINDOWS\Sun\Java\bin;C:\WINDOWS\system32;C:\WINDOWS;D:\Xshell\;D:\maven\apache-maven-3.6.0\bin;C:\Program Files (x86)\Common Files\Oracle\Java\javapath;C:\Program Files\Java\jdk1.8.0_191\bin;C:\Program Files (x86)\Intel\Intel(R) Management Engine Components\iCLS\;C:\Program Files\Intel\Intel(R) Management Engine Components\iCLS\;C:\Windows\system32;C:\Windows;C:\Windows\System32\Wbem;C:\Windows\System32\WindowsPowerShell\v1.0\;C:\Program Files (x86)\NVIDIA Corporation\PhysX\Common;C:\Program Files\Intel\WiFi\bin\;C:\Program Files\Common Files\Intel\WirelessCommon\;D:\MySQL\mysql-5.7.23-winx64\bin;C:\WINDOWS\system32;C:\WINDOWS;C:\WINDOWS\System32\Wbem;C:\WINDOWS\System32\WindowsPowerShell\v1.0\;C:\WINDOWS\System32\OpenSSH\;C:\Program Files (x86)\Intel\Intel(R) Management Engine Components\DAL;C:\Program Files\Intel\Intel(R) Management Engine Components\DAL;C:\Program Files (x86)\Intel\Intel(R) Management Engine Components\IPT;C:\Program Files\Intel\Intel(R) Management Engine Components\IPT;C:\Program Files\Java\jdk1.8.0_191\jre\bin;C:\Program Files\nodejs\;D:\SVN\bin;D:\GitHub\Git\cmd;D:\Gradle\gradle-5.3\bin;;C:\Program Files\NVIDIA Corporation\NVIDIA NvDLISR;D:\node.js\node_global;C:\Users\18609\AppData\Local\Microsoft\WindowsApps;C:\Program Files\Intel\WiFi\bin\;C:\Program Files\Common Files\Intel\WirelessCommon\;C:\Users\18609\AppData\Local\GitHubDesktop\bin;C:\Users\18609\AppData\Local\Microsoft\WindowsApps;C:\Users\18609\AppData\Roaming\npm;D:\VScode\Microsoft VS Code\bin;.]
13:57:53.103 default [main] INFO  o.a.c.c.C.[Tomcat].[localhost].[/] - Initializing Spring embedded WebApplicationContext
13:57:53.103 default [main] INFO  o.s.web.context.ContextLoader - Root WebApplicationContext: initialization completed in 4770 ms
13:57:55.051 default [main] INFO  o.s.s.c.ThreadPoolTaskExecutor - Initializing ExecutorService 'applicationTaskExecutor'
13:57:55.378 default [main] INFO  o.s.b.a.w.s.WelcomePageHandlerMapping - Adding welcome page template: index
13:57:55.427 default [main] INFO  t.m.m.a.MapperCacheDisabler - Clear tk.mybatis.mapper.util.MsUtil CLASS_CACHE cache.
13:57:55.427 default [main] INFO  t.m.m.a.MapperCacheDisabler - Clear tk.mybatis.mapper.genid.GenIdUtil CACHE cache.
13:57:55.428 default [main] INFO  t.m.m.a.MapperCacheDisabler - Clear tk.mybatis.mapper.version.VersionUtil CACHE cache.
13:57:55.428 default [main] INFO  t.m.m.a.MapperCacheDisabler - Clear EntityHelper entityTableMap cache.
13:57:56.185 default [main] INFO  o.a.coyote.http11.Http11NioProtocol - Starting ProtocolHandler ["http-nio-5200"]
13:57:56.244 default [main] INFO  o.s.b.w.e.tomcat.TomcatWebServer - Tomcat started on port(s): 5200 (http) with context path ''
13:57:56.248 default [main] INFO  cn.cllover.myblog.MyblogApplication - Started MyblogApplication in 9.009 seconds (JVM running for 10.817)
13:57:56.251 default [main] INFO  cn.cllover.myblog.MyblogApplication - ====================cllover--INFO============
13:58:48.188 default [http-nio-5200-exec-1] INFO  o.a.c.c.C.[Tomcat].[localhost].[/] - Initializing Spring DispatcherServlet 'dispatcherServlet'
13:58:48.188 default [http-nio-5200-exec-1] INFO  o.s.web.servlet.DispatcherServlet - Initializing Servlet 'dispatcherServlet'
13:58:48.206 default [http-nio-5200-exec-1] INFO  o.s.web.servlet.DispatcherServlet - Completed initialization in 18 ms
13:58:48.231 default [http-nio-5200-exec-1] INFO  o.a.s.s.m.AbstractValidatingSessionManager - Enabling session validation scheduler...
13:58:48.429 default [http-nio-5200-exec-1] INFO  c.alibaba.druid.pool.DruidDataSource - {dataSource-1} inited
13:58:49.833 default [http-nio-5200-exec-2] INFO  c.c.myblog.common.Aspect.SLogAspect - 目标方法在执行:---:getAll
13:58:49.920 default [http-nio-5200-exec-2] INFO  c.c.myblog.common.Aspect.SLogAspect - 当前请求用户id:15436996140；当前请求地址:/u/home/getArt/15436996140；当前类名:cn.cllover.myblog.front.controller.UserController
13:58:49.921 default [http-nio-5200-exec-2] INFO  c.c.myblog.common.Aspect.SLogAspect - 当前方法名:getAll；当前方法参数值:[15436996140, 1]
