12:35:06.498 default [main] INFO  cn.cllover.myblog.MyblogApplication - Starting MyblogApplication on Hello with PID 49316 (D:\workspace\myblog\target\classes started by 18609 in D:\workspace\myblog)
12:35:06.503 default [main] INFO  cn.cllover.myblog.MyblogApplication - No active profile set, falling back to default profiles: default
12:35:08.452 default [main] INFO  o.s.d.r.c.RepositoryConfigurationDelegate - Multiple Spring Data modules found, entering strict repository configuration mode!
12:35:08.456 default [main] INFO  o.s.d.r.c.RepositoryConfigurationDelegate - Bootstrapping Spring Data repositories in DEFAULT mode.
12:35:08.573 default [main] INFO  o.s.d.r.c.RepositoryConfigurationDelegate - Finished Spring Data repository scanning in 75ms. Found 0 repository interfaces.
12:35:09.059 default [main] INFO  o.s.c.s.PostProcessorRegistrationDelegate$BeanPostProcessorChecker - Bean 'shiroConfig' of type [cn.cllover.myblog.common.config.ShiroConfig$$EnhancerBySpringCGLIB$$96c64658] is not eligible for getting processed by all BeanPostProcessors (for example: not eligible for auto-proxying)
12:35:09.601 default [main] INFO  o.s.c.s.PostProcessorRegistrationDelegate$BeanPostProcessorChecker - Bean 'hashedCredentialsMatcher' of type [org.apache.shiro.authc.credential.HashedCredentialsMatcher] is not eligible for getting processed by all BeanPostProcessors (for example: not eligible for auto-proxying)
12:35:09.714 default [main] INFO  o.s.c.s.PostProcessorRegistrationDelegate$BeanPostProcessorChecker - Bean 'mybatis-tk.mybatis.mapper.autoconfigure.MybatisProperties' of type [tk.mybatis.mapper.autoconfigure.MybatisProperties] is not eligible for getting processed by all BeanPostProcessors (for example: not eligible for auto-proxying)
12:35:09.725 default [main] INFO  o.s.c.s.PostProcessorRegistrationDelegate$BeanPostProcessorChecker - Bean 'tk.mybatis.mapper.autoconfigure.MapperAutoConfiguration' of type [tk.mybatis.mapper.autoconfigure.MapperAutoConfiguration$$EnhancerBySpringCGLIB$$a5d28348] is not eligible for getting processed by all BeanPostProcessors (for example: not eligible for auto-proxying)
12:35:09.729 default [main] INFO  o.s.c.s.PostProcessorRegistrationDelegate$BeanPostProcessorChecker - Bean 'org.springframework.boot.autoconfigure.jdbc.DataSourceConfiguration$Generic' of type [org.springframework.boot.autoconfigure.jdbc.DataSourceConfiguration$Generic] is not eligible for getting processed by all BeanPostProcessors (for example: not eligible for auto-proxying)
12:35:09.754 default [main] INFO  o.s.c.s.PostProcessorRegistrationDelegate$BeanPostProcessorChecker - Bean 'spring.datasource-org.springframework.boot.autoconfigure.jdbc.DataSourceProperties' of type [org.springframework.boot.autoconfigure.jdbc.DataSourceProperties] is not eligible for getting processed by all BeanPostProcessors (for example: not eligible for auto-proxying)
12:35:09.864 default [main] INFO  o.s.c.s.PostProcessorRegistrationDelegate$BeanPostProcessorChecker - Bean 'dataSource' of type [com.alibaba.druid.pool.DruidDataSource] is not eligible for getting processed by all BeanPostProcessors (for example: not eligible for auto-proxying)
12:35:10.678 default [main] INFO  o.s.c.s.PostProcessorRegistrationDelegate$BeanPostProcessorChecker - Bean 'sqlSessionFactory' of type [org.apache.ibatis.session.defaults.DefaultSqlSessionFactory] is not eligible for getting processed by all BeanPostProcessors (for example: not eligible for auto-proxying)
12:35:10.685 default [main] INFO  o.s.c.s.PostProcessorRegistrationDelegate$BeanPostProcessorChecker - Bean 'sqlSessionTemplate' of type [org.mybatis.spring.SqlSessionTemplate] is not eligible for getting processed by all BeanPostProcessors (for example: not eligible for auto-proxying)
12:35:10.835 default [main] INFO  o.s.c.s.PostProcessorRegistrationDelegate$BeanPostProcessorChecker - Bean 'userMapper' of type [tk.mybatis.spring.mapper.MapperFactoryBean] is not eligible for getting processed by all BeanPostProcessors (for example: not eligible for auto-proxying)
12:35:10.837 default [main] INFO  o.s.c.s.PostProcessorRegistrationDelegate$BeanPostProcessorChecker - Bean 'userMapper' of type [com.sun.proxy.$Proxy67] is not eligible for getting processed by all BeanPostProcessors (for example: not eligible for auto-proxying)
12:35:10.840 default [main] INFO  o.s.c.s.PostProcessorRegistrationDelegate$BeanPostProcessorChecker - Bean 'UserService' of type [cn.cllover.myblog.front.service.impl.UserServiceimpl] is not eligible for getting processed by all BeanPostProcessors (for example: not eligible for auto-proxying)
12:35:10.841 default [main] INFO  o.s.c.s.PostProcessorRegistrationDelegate$BeanPostProcessorChecker - Bean 'userRealm' of type [cn.cllover.myblog.common.Realm.UserRealm] is not eligible for getting processed by all BeanPostProcessors (for example: not eligible for auto-proxying)
12:35:10.852 default [main] INFO  o.s.c.s.PostProcessorRegistrationDelegate$BeanPostProcessorChecker - Bean 'redisManager' of type [org.crazycake.shiro.RedisManager] is not eligible for getting processed by all BeanPostProcessors (for example: not eligible for auto-proxying)
12:35:10.853 default [main] INFO  o.s.c.s.PostProcessorRegistrationDelegate$BeanPostProcessorChecker - Bean 'cacheManager' of type [org.crazycake.shiro.RedisCacheManager] is not eligible for getting processed by all BeanPostProcessors (for example: not eligible for auto-proxying)
12:35:10.862 default [main] INFO  o.s.c.s.PostProcessorRegistrationDelegate$BeanPostProcessorChecker - Bean 'securityManager' of type [org.apache.shiro.web.mgt.DefaultWebSecurityManager] is not eligible for getting processed by all BeanPostProcessors (for example: not eligible for auto-proxying)
12:35:11.020 default [main] INFO  o.s.c.s.PostProcessorRegistrationDelegate$BeanPostProcessorChecker - Bean 'authorizationAttributeSourceAdvisor' of type [org.apache.shiro.spring.security.interceptor.AuthorizationAttributeSourceAdvisor] is not eligible for getting processed by all BeanPostProcessors (for example: not eligible for auto-proxying)
12:35:11.113 default [main] INFO  o.s.c.s.PostProcessorRegistrationDelegate$BeanPostProcessorChecker - Bean 'org.springframework.transaction.annotation.ProxyTransactionManagementConfiguration' of type [org.springframework.transaction.annotation.ProxyTransactionManagementConfiguration$$EnhancerBySpringCGLIB$$efe1dbaf] is not eligible for getting processed by all BeanPostProcessors (for example: not eligible for auto-proxying)
12:35:12.057 default [main] INFO  o.s.b.w.e.tomcat.TomcatWebServer - Tomcat initialized with port(s): 5200 (http)
12:35:12.082 default [main] INFO  o.a.coyote.http11.Http11NioProtocol - Initializing ProtocolHandler ["http-nio-5200"]
12:35:12.098 default [main] INFO  o.a.catalina.core.StandardService - Starting service [Tomcat]
12:35:12.098 default [main] INFO  o.a.catalina.core.StandardEngine - Starting Servlet engine: [Apache Tomcat/9.0.16]
12:35:12.108 default [main] INFO  o.a.c.core.AprLifecycleListener - The APR based Apache Tomcat Native library which allows optimal performance in production environments was not found on the java.library.path: [C:\Program Files\Java\jdk1.8.0_191\bin;C:\WINDOWS\Sun\Java\bin;C:\WINDOWS\system32;C:\WINDOWS;D:\Xshell\;D:\maven\apache-maven-3.6.0\bin;C:\Program Files (x86)\Common Files\Oracle\Java\javapath;C:\Program Files\Java\jdk1.8.0_191\bin;C:\Program Files (x86)\Intel\Intel(R) Management Engine Components\iCLS\;C:\Program Files\Intel\Intel(R) Management Engine Components\iCLS\;C:\Windows\system32;C:\Windows;C:\Windows\System32\Wbem;C:\Windows\System32\WindowsPowerShell\v1.0\;C:\Program Files (x86)\NVIDIA Corporation\PhysX\Common;C:\Program Files\Intel\WiFi\bin\;C:\Program Files\Common Files\Intel\WirelessCommon\;D:\MySQL\mysql-5.7.23-winx64\bin;C:\WINDOWS\system32;C:\WINDOWS;C:\WINDOWS\System32\Wbem;C:\WINDOWS\System32\WindowsPowerShell\v1.0\;C:\WINDOWS\System32\OpenSSH\;C:\Program Files (x86)\Intel\Intel(R) Management Engine Components\DAL;C:\Program Files\Intel\Intel(R) Management Engine Components\DAL;C:\Program Files (x86)\Intel\Intel(R) Management Engine Components\IPT;C:\Program Files\Intel\Intel(R) Management Engine Components\IPT;C:\Program Files\Java\jdk1.8.0_191\jre\bin;C:\Program Files\nodejs\;D:\SVN\bin;D:\GitHub\Git\cmd;D:\Gradle\gradle-5.3\bin;;C:\Program Files\NVIDIA Corporation\NVIDIA NvDLISR;D:\node.js\node_global;C:\Users\18609\AppData\Local\Microsoft\WindowsApps;C:\Program Files\Intel\WiFi\bin\;C:\Program Files\Common Files\Intel\WirelessCommon\;C:\Users\18609\AppData\Local\GitHubDesktop\bin;C:\Users\18609\AppData\Local\Microsoft\WindowsApps;C:\Users\18609\AppData\Roaming\npm;D:\VScode\Microsoft VS Code\bin;.]
12:35:12.460 default [main] INFO  o.a.c.c.C.[Tomcat].[localhost].[/] - Initializing Spring embedded WebApplicationContext
12:35:12.460 default [main] INFO  o.s.web.context.ContextLoader - Root WebApplicationContext: initialization completed in 5766 ms
12:35:14.279 default [main] INFO  o.s.s.c.ThreadPoolTaskExecutor - Initializing ExecutorService 'applicationTaskExecutor'
12:35:14.752 default [main] INFO  o.s.b.a.w.s.WelcomePageHandlerMapping - Adding welcome page template: index
12:35:14.814 default [main] INFO  t.m.m.a.MapperCacheDisabler - Clear tk.mybatis.mapper.util.MsUtil CLASS_CACHE cache.
12:35:14.816 default [main] INFO  t.m.m.a.MapperCacheDisabler - Clear tk.mybatis.mapper.genid.GenIdUtil CACHE cache.
12:35:14.817 default [main] INFO  t.m.m.a.MapperCacheDisabler - Clear tk.mybatis.mapper.version.VersionUtil CACHE cache.
12:35:14.817 default [main] INFO  t.m.m.a.MapperCacheDisabler - Clear EntityHelper entityTableMap cache.
12:35:15.649 default [main] INFO  o.a.coyote.http11.Http11NioProtocol - Starting ProtocolHandler ["http-nio-5200"]
12:35:15.692 default [main] INFO  o.s.b.w.e.tomcat.TomcatWebServer - Tomcat started on port(s): 5200 (http) with context path ''
12:35:15.698 default [main] INFO  cn.cllover.myblog.MyblogApplication - Started MyblogApplication in 10.726 seconds (JVM running for 16.9)
12:35:15.701 default [main] INFO  cn.cllover.myblog.MyblogApplication - ====================cllover--INFO============
12:35:48.687 default [http-nio-5200-exec-1] INFO  o.a.c.c.C.[Tomcat].[localhost].[/] - Initializing Spring DispatcherServlet 'dispatcherServlet'
12:35:48.687 default [http-nio-5200-exec-1] INFO  o.s.web.servlet.DispatcherServlet - Initializing Servlet 'dispatcherServlet'
12:35:48.714 default [http-nio-5200-exec-1] INFO  o.s.web.servlet.DispatcherServlet - Completed initialization in 26 ms
12:35:48.791 default [http-nio-5200-exec-1] INFO  o.a.s.s.m.AbstractValidatingSessionManager - Enabling session validation scheduler...
12:35:51.914 default [http-nio-5200-exec-7] INFO  c.alibaba.druid.pool.DruidDataSource - {dataSource-1} inited
12:36:06.732 default [http-nio-5200-exec-4] INFO  c.c.myblog.common.Aspect.SLogAspect - 目标方法在执行:---:login
12:36:07.036 default [http-nio-5200-exec-4] INFO  c.c.myblog.common.Aspect.SLogAspect - 当前请求用户id:15436996140；当前请求地址:/login；当前类名:cn.cllover.myblog.front.controller.loginController
12:36:07.037 default [http-nio-5200-exec-4] INFO  c.c.myblog.common.Aspect.SLogAspect - 当前方法名:login；当前方法参数值:[org.apache.shiro.web.servlet.ShiroHttpServletRequest@74126a0c, org.apache.shiro.web.servlet.ShiroHttpServletResponse@15692a40, root, 082999, 6yby, false]
12:36:07.080 default [http-nio-5200-exec-1] INFO  c.c.myblog.common.Aspect.SLogAspect - 目标方法在执行:---:index
12:36:07.087 default [http-nio-5200-exec-1] INFO  c.c.myblog.common.Aspect.SLogAspect - 当前请求用户id:15436996140；当前请求地址:/index；当前类名:cn.cllover.myblog.front.controller.loginController
12:36:07.087 default [http-nio-5200-exec-1] INFO  c.c.myblog.common.Aspect.SLogAspect - 当前方法名:index；当前方法参数值:[{user=User{userId=15436996140, userUsname='生而自由', userPass='6e7a49dc064e7e65d4d591f4fbbf845d', userPhone=1860993956, userEmail='18609933956@163.com', userQq=1543699614, userAge=22, userName='root', userSex='1', userBirthday=Thu Jul 31 00:00:00 CST 1997, userAddress='天津市', userPhoto='static/head_photo/u=3198678.jpg', userStatus=1, userDesc='AAAAAAAAAAAAAA', userRegisterDate=Wed Apr 24 09:22:05 CST 2019, userRegisterIp='192.168.0.1', userFrozen=1000}}, org.apache.shiro.web.servlet.ShiroHttpSession@2bbf5916, org.apache.shiro.web.servlet.ShiroHttpServletRequest@3cc5d6a2]
12:36:10.313 default [http-nio-5200-exec-6] INFO  c.c.myblog.common.Aspect.SLogAspect - 目标方法在执行:---:getAll
12:36:10.459 default [http-nio-5200-exec-6] INFO  c.c.myblog.common.Aspect.SLogAspect - 当前请求用户id:15436996140；当前请求地址:/u/home/getArt/15436996140；当前类名:cn.cllover.myblog.front.controller.UserController
12:36:10.460 default [http-nio-5200-exec-6] INFO  c.c.myblog.common.Aspect.SLogAspect - 当前方法名:getAll；当前方法参数值:[15436996140, 1]
12:36:12.160 default [http-nio-5200-exec-1] INFO  c.c.myblog.common.Aspect.SLogAspect - 目标方法在执行:---:getAll
12:36:12.220 default [http-nio-5200-exec-1] INFO  c.c.myblog.common.Aspect.SLogAspect - 当前请求用户id:15436996140；当前请求地址:/u/home/getArt/15436996140；当前类名:cn.cllover.myblog.front.controller.UserController
12:36:12.220 default [http-nio-5200-exec-1] INFO  c.c.myblog.common.Aspect.SLogAspect - 当前方法名:getAll；当前方法参数值:[15436996140, 1]
13:20:06.571 default [main] INFO  c.c.myblog.MyblogApplicationTests - Starting MyblogApplicationTests on Hello with PID 40096 (started by 18609 in D:\workspace\myblog)
13:20:06.573 default [main] INFO  c.c.myblog.MyblogApplicationTests - No active profile set, falling back to default profiles: default
13:20:09.285 default [main] INFO  o.s.d.r.c.RepositoryConfigurationDelegate - Multiple Spring Data modules found, entering strict repository configuration mode!
13:20:09.290 default [main] INFO  o.s.d.r.c.RepositoryConfigurationDelegate - Bootstrapping Spring Data repositories in DEFAULT mode.
13:20:09.431 default [main] INFO  o.s.d.r.c.RepositoryConfigurationDelegate - Finished Spring Data repository scanning in 92ms. Found 0 repository interfaces.
13:20:10.269 default [main] INFO  o.s.c.s.PostProcessorRegistrationDelegate$BeanPostProcessorChecker - Bean 'shiroConfig' of type [cn.cllover.myblog.common.config.ShiroConfig$$EnhancerBySpringCGLIB$$ff5f9aab] is not eligible for getting processed by all BeanPostProcessors (for example: not eligible for auto-proxying)
13:20:11.229 default [main] INFO  o.s.c.s.PostProcessorRegistrationDelegate$BeanPostProcessorChecker - Bean 'hashedCredentialsMatcher' of type [org.apache.shiro.authc.credential.HashedCredentialsMatcher] is not eligible for getting processed by all BeanPostProcessors (for example: not eligible for auto-proxying)
13:20:11.368 default [main] INFO  o.s.c.s.PostProcessorRegistrationDelegate$BeanPostProcessorChecker - Bean 'mybatis-tk.mybatis.mapper.autoconfigure.MybatisProperties' of type [tk.mybatis.mapper.autoconfigure.MybatisProperties] is not eligible for getting processed by all BeanPostProcessors (for example: not eligible for auto-proxying)
13:20:11.390 default [main] INFO  o.s.c.s.PostProcessorRegistrationDelegate$BeanPostProcessorChecker - Bean 'tk.mybatis.mapper.autoconfigure.MapperAutoConfiguration' of type [tk.mybatis.mapper.autoconfigure.MapperAutoConfiguration$$EnhancerBySpringCGLIB$$e6bd79b] is not eligible for getting processed by all BeanPostProcessors (for example: not eligible for auto-proxying)
13:20:11.398 default [main] INFO  o.s.c.s.PostProcessorRegistrationDelegate$BeanPostProcessorChecker - Bean 'org.springframework.boot.autoconfigure.jdbc.DataSourceConfiguration$Generic' of type [org.springframework.boot.autoconfigure.jdbc.DataSourceConfiguration$Generic] is not eligible for getting processed by all BeanPostProcessors (for example: not eligible for auto-proxying)
13:20:11.443 default [main] INFO  o.s.c.s.PostProcessorRegistrationDelegate$BeanPostProcessorChecker - Bean 'spring.datasource-org.springframework.boot.autoconfigure.jdbc.DataSourceProperties' of type [org.springframework.boot.autoconfigure.jdbc.DataSourceProperties] is not eligible for getting processed by all BeanPostProcessors (for example: not eligible for auto-proxying)
13:20:11.597 default [main] INFO  o.s.c.s.PostProcessorRegistrationDelegate$BeanPostProcessorChecker - Bean 'dataSource' of type [com.alibaba.druid.pool.DruidDataSource] is not eligible for getting processed by all BeanPostProcessors (for example: not eligible for auto-proxying)
13:20:12.312 default [main] INFO  o.s.c.s.PostProcessorRegistrationDelegate$BeanPostProcessorChecker - Bean 'sqlSessionFactory' of type [org.apache.ibatis.session.defaults.DefaultSqlSessionFactory] is not eligible for getting processed by all BeanPostProcessors (for example: not eligible for auto-proxying)
13:20:12.335 default [main] INFO  o.s.c.s.PostProcessorRegistrationDelegate$BeanPostProcessorChecker - Bean 'sqlSessionTemplate' of type [org.mybatis.spring.SqlSessionTemplate] is not eligible for getting processed by all BeanPostProcessors (for example: not eligible for auto-proxying)
13:20:12.496 default [main] INFO  o.s.c.s.PostProcessorRegistrationDelegate$BeanPostProcessorChecker - Bean 'userMapper' of type [tk.mybatis.spring.mapper.MapperFactoryBean] is not eligible for getting processed by all BeanPostProcessors (for example: not eligible for auto-proxying)
13:20:12.501 default [main] INFO  o.s.c.s.PostProcessorRegistrationDelegate$BeanPostProcessorChecker - Bean 'userMapper' of type [com.sun.proxy.$Proxy81] is not eligible for getting processed by all BeanPostProcessors (for example: not eligible for auto-proxying)
13:20:12.504 default [main] INFO  o.s.c.s.PostProcessorRegistrationDelegate$BeanPostProcessorChecker - Bean 'UserService' of type [cn.cllover.myblog.front.service.impl.UserServiceimpl] is not eligible for getting processed by all BeanPostProcessors (for example: not eligible for auto-proxying)
13:20:12.505 default [main] INFO  o.s.c.s.PostProcessorRegistrationDelegate$BeanPostProcessorChecker - Bean 'userRealm' of type [cn.cllover.myblog.common.Realm.UserRealm] is not eligible for getting processed by all BeanPostProcessors (for example: not eligible for auto-proxying)
13:20:12.518 default [main] INFO  o.s.c.s.PostProcessorRegistrationDelegate$BeanPostProcessorChecker - Bean 'redisManager' of type [org.crazycake.shiro.RedisManager] is not eligible for getting processed by all BeanPostProcessors (for example: not eligible for auto-proxying)
13:20:12.524 default [main] INFO  o.s.c.s.PostProcessorRegistrationDelegate$BeanPostProcessorChecker - Bean 'cacheManager' of type [org.crazycake.shiro.RedisCacheManager] is not eligible for getting processed by all BeanPostProcessors (for example: not eligible for auto-proxying)
13:20:12.570 default [main] INFO  o.s.c.s.PostProcessorRegistrationDelegate$BeanPostProcessorChecker - Bean 'securityManager' of type [org.apache.shiro.web.mgt.DefaultWebSecurityManager] is not eligible for getting processed by all BeanPostProcessors (for example: not eligible for auto-proxying)
13:20:12.769 default [main] INFO  o.s.c.s.PostProcessorRegistrationDelegate$BeanPostProcessorChecker - Bean 'authorizationAttributeSourceAdvisor' of type [org.apache.shiro.spring.security.interceptor.AuthorizationAttributeSourceAdvisor] is not eligible for getting processed by all BeanPostProcessors (for example: not eligible for auto-proxying)
13:20:12.839 default [main] INFO  o.s.c.s.PostProcessorRegistrationDelegate$BeanPostProcessorChecker - Bean 'org.springframework.transaction.annotation.ProxyTransactionManagementConfiguration' of type [org.springframework.transaction.annotation.ProxyTransactionManagementConfiguration$$EnhancerBySpringCGLIB$$587b3002] is not eligible for getting processed by all BeanPostProcessors (for example: not eligible for auto-proxying)
13:20:17.824 default [main] INFO  o.s.s.c.ThreadPoolTaskExecutor - Initializing ExecutorService 'applicationTaskExecutor'
13:20:18.777 default [main] INFO  o.s.b.a.w.s.WelcomePageHandlerMapping - Adding welcome page template: index
13:20:19.034 default [main] INFO  t.m.m.a.MapperCacheDisabler - Clear tk.mybatis.mapper.util.MsUtil CLASS_CACHE cache.
13:20:19.037 default [main] INFO  t.m.m.a.MapperCacheDisabler - Clear tk.mybatis.mapper.genid.GenIdUtil CACHE cache.
13:20:19.039 default [main] INFO  t.m.m.a.MapperCacheDisabler - Clear tk.mybatis.mapper.version.VersionUtil CACHE cache.
13:20:19.040 default [main] INFO  t.m.m.a.MapperCacheDisabler - Clear EntityHelper entityTableMap cache.
13:20:20.532 default [main] INFO  c.c.myblog.MyblogApplicationTests - Started MyblogApplicationTests in 15.113 seconds (JVM running for 16.868)
13:20:21.342 default [Thread-2] INFO  o.s.s.c.ThreadPoolTaskExecutor - Shutting down ExecutorService 'applicationTaskExecutor'
14:06:45.185 default [main] INFO  cn.cllover.myblog.MyblogApplication - Starting MyblogApplication on Hello with PID 3100 (D:\workspace\myblog\target\classes started by 18609 in D:\workspace\myblog)
14:06:45.257 default [main] INFO  cn.cllover.myblog.MyblogApplication - No active profile set, falling back to default profiles: default
14:06:46.745 default [main] INFO  o.s.d.r.c.RepositoryConfigurationDelegate - Multiple Spring Data modules found, entering strict repository configuration mode!
14:06:46.747 default [main] INFO  o.s.d.r.c.RepositoryConfigurationDelegate - Bootstrapping Spring Data repositories in DEFAULT mode.
14:06:46.809 default [main] INFO  o.s.d.r.c.RepositoryConfigurationDelegate - Finished Spring Data repository scanning in 43ms. Found 0 repository interfaces.
14:06:47.114 default [main] INFO  o.s.c.s.PostProcessorRegistrationDelegate$BeanPostProcessorChecker - Bean 'shiroConfig' of type [cn.cllover.myblog.common.config.ShiroConfig$$EnhancerBySpringCGLIB$$cdc1ab60] is not eligible for getting processed by all BeanPostProcessors (for example: not eligible for auto-proxying)
14:06:47.515 default [main] INFO  o.s.c.s.PostProcessorRegistrationDelegate$BeanPostProcessorChecker - Bean 'hashedCredentialsMatcher' of type [org.apache.shiro.authc.credential.HashedCredentialsMatcher] is not eligible for getting processed by all BeanPostProcessors (for example: not eligible for auto-proxying)
14:06:47.622 default [main] INFO  o.s.c.s.PostProcessorRegistrationDelegate$BeanPostProcessorChecker - Bean 'mybatis-tk.mybatis.mapper.autoconfigure.MybatisProperties' of type [tk.mybatis.mapper.autoconfigure.MybatisProperties] is not eligible for getting processed by all BeanPostProcessors (for example: not eligible for auto-proxying)
14:06:47.632 default [main] INFO  o.s.c.s.PostProcessorRegistrationDelegate$BeanPostProcessorChecker - Bean 'tk.mybatis.mapper.autoconfigure.MapperAutoConfiguration' of type [tk.mybatis.mapper.autoconfigure.MapperAutoConfiguration$$EnhancerBySpringCGLIB$$dccde850] is not eligible for getting processed by all BeanPostProcessors (for example: not eligible for auto-proxying)
14:06:47.634 default [main] INFO  o.s.c.s.PostProcessorRegistrationDelegate$BeanPostProcessorChecker - Bean 'org.springframework.boot.autoconfigure.jdbc.DataSourceConfiguration$Generic' of type [org.springframework.boot.autoconfigure.jdbc.DataSourceConfiguration$Generic] is not eligible for getting processed by all BeanPostProcessors (for example: not eligible for auto-proxying)
14:06:47.655 default [main] INFO  o.s.c.s.PostProcessorRegistrationDelegate$BeanPostProcessorChecker - Bean 'spring.datasource-org.springframework.boot.autoconfigure.jdbc.DataSourceProperties' of type [org.springframework.boot.autoconfigure.jdbc.DataSourceProperties] is not eligible for getting processed by all BeanPostProcessors (for example: not eligible for auto-proxying)
14:06:47.721 default [main] INFO  o.s.c.s.PostProcessorRegistrationDelegate$BeanPostProcessorChecker - Bean 'dataSource' of type [com.alibaba.druid.pool.DruidDataSource] is not eligible for getting processed by all BeanPostProcessors (for example: not eligible for auto-proxying)
14:06:48.474 default [main] INFO  o.s.c.s.PostProcessorRegistrationDelegate$BeanPostProcessorChecker - Bean 'sqlSessionFactory' of type [org.apache.ibatis.session.defaults.DefaultSqlSessionFactory] is not eligible for getting processed by all BeanPostProcessors (for example: not eligible for auto-proxying)
14:06:48.482 default [main] INFO  o.s.c.s.PostProcessorRegistrationDelegate$BeanPostProcessorChecker - Bean 'sqlSessionTemplate' of type [org.mybatis.spring.SqlSessionTemplate] is not eligible for getting processed by all BeanPostProcessors (for example: not eligible for auto-proxying)
14:06:48.612 default [main] INFO  o.s.c.s.PostProcessorRegistrationDelegate$BeanPostProcessorChecker - Bean 'userMapper' of type [tk.mybatis.spring.mapper.MapperFactoryBean] is not eligible for getting processed by all BeanPostProcessors (for example: not eligible for auto-proxying)
14:06:48.614 default [main] INFO  o.s.c.s.PostProcessorRegistrationDelegate$BeanPostProcessorChecker - Bean 'userMapper' of type [com.sun.proxy.$Proxy67] is not eligible for getting processed by all BeanPostProcessors (for example: not eligible for auto-proxying)
14:06:48.618 default [main] INFO  o.s.c.s.PostProcessorRegistrationDelegate$BeanPostProcessorChecker - Bean 'UserService' of type [cn.cllover.myblog.front.service.impl.UserServiceimpl] is not eligible for getting processed by all BeanPostProcessors (for example: not eligible for auto-proxying)
14:06:48.618 default [main] INFO  o.s.c.s.PostProcessorRegistrationDelegate$BeanPostProcessorChecker - Bean 'userRealm' of type [cn.cllover.myblog.common.Realm.UserRealm] is not eligible for getting processed by all BeanPostProcessors (for example: not eligible for auto-proxying)
14:06:48.626 default [main] INFO  o.s.c.s.PostProcessorRegistrationDelegate$BeanPostProcessorChecker - Bean 'redisManager' of type [org.crazycake.shiro.RedisManager] is not eligible for getting processed by all BeanPostProcessors (for example: not eligible for auto-proxying)
14:06:48.627 default [main] INFO  o.s.c.s.PostProcessorRegistrationDelegate$BeanPostProcessorChecker - Bean 'cacheManager' of type [org.crazycake.shiro.RedisCacheManager] is not eligible for getting processed by all BeanPostProcessors (for example: not eligible for auto-proxying)
14:06:48.635 default [main] INFO  o.s.c.s.PostProcessorRegistrationDelegate$BeanPostProcessorChecker - Bean 'securityManager' of type [org.apache.shiro.web.mgt.DefaultWebSecurityManager] is not eligible for getting processed by all BeanPostProcessors (for example: not eligible for auto-proxying)
14:06:48.712 default [main] INFO  o.s.c.s.PostProcessorRegistrationDelegate$BeanPostProcessorChecker - Bean 'authorizationAttributeSourceAdvisor' of type [org.apache.shiro.spring.security.interceptor.AuthorizationAttributeSourceAdvisor] is not eligible for getting processed by all BeanPostProcessors (for example: not eligible for auto-proxying)
14:06:48.779 default [main] INFO  o.s.c.s.PostProcessorRegistrationDelegate$BeanPostProcessorChecker - Bean 'org.springframework.transaction.annotation.ProxyTransactionManagementConfiguration' of type [org.springframework.transaction.annotation.ProxyTransactionManagementConfiguration$$EnhancerBySpringCGLIB$$26dd40b7] is not eligible for getting processed by all BeanPostProcessors (for example: not eligible for auto-proxying)
14:06:49.614 default [main] INFO  o.s.b.w.e.tomcat.TomcatWebServer - Tomcat initialized with port(s): 5200 (http)
14:06:49.635 default [main] INFO  o.a.coyote.http11.Http11NioProtocol - Initializing ProtocolHandler ["http-nio-5200"]
14:06:49.647 default [main] INFO  o.a.catalina.core.StandardService - Starting service [Tomcat]
14:06:49.647 default [main] INFO  o.a.catalina.core.StandardEngine - Starting Servlet engine: [Apache Tomcat/9.0.16]
14:06:49.654 default [main] INFO  o.a.c.core.AprLifecycleListener - The APR based Apache Tomcat Native library which allows optimal performance in production environments was not found on the java.library.path: [C:\Program Files\Java\jdk1.8.0_191\bin;C:\WINDOWS\Sun\Java\bin;C:\WINDOWS\system32;C:\WINDOWS;D:\Xshell\;D:\maven\apache-maven-3.6.0\bin;C:\Program Files (x86)\Common Files\Oracle\Java\javapath;C:\Program Files\Java\jdk1.8.0_191\bin;C:\Program Files (x86)\Intel\Intel(R) Management Engine Components\iCLS\;C:\Program Files\Intel\Intel(R) Management Engine Components\iCLS\;C:\Windows\system32;C:\Windows;C:\Windows\System32\Wbem;C:\Windows\System32\WindowsPowerShell\v1.0\;C:\Program Files (x86)\NVIDIA Corporation\PhysX\Common;C:\Program Files\Intel\WiFi\bin\;C:\Program Files\Common Files\Intel\WirelessCommon\;D:\MySQL\mysql-5.7.23-winx64\bin;C:\WINDOWS\system32;C:\WINDOWS;C:\WINDOWS\System32\Wbem;C:\WINDOWS\System32\WindowsPowerShell\v1.0\;C:\WINDOWS\System32\OpenSSH\;C:\Program Files (x86)\Intel\Intel(R) Management Engine Components\DAL;C:\Program Files\Intel\Intel(R) Management Engine Components\DAL;C:\Program Files (x86)\Intel\Intel(R) Management Engine Components\IPT;C:\Program Files\Intel\Intel(R) Management Engine Components\IPT;C:\Program Files\Java\jdk1.8.0_191\jre\bin;C:\Program Files\nodejs\;D:\SVN\bin;D:\GitHub\Git\cmd;D:\Gradle\gradle-5.3\bin;;C:\Program Files\NVIDIA Corporation\NVIDIA NvDLISR;D:\node.js\node_global;C:\Users\18609\AppData\Local\Microsoft\WindowsApps;C:\Program Files\Intel\WiFi\bin\;C:\Program Files\Common Files\Intel\WirelessCommon\;C:\Users\18609\AppData\Local\GitHubDesktop\bin;C:\Users\18609\AppData\Local\Microsoft\WindowsApps;C:\Users\18609\AppData\Roaming\npm;D:\VScode\Microsoft VS Code\bin;.]
14:06:49.906 default [main] INFO  o.a.c.c.C.[Tomcat].[localhost].[/] - Initializing Spring embedded WebApplicationContext
14:06:49.906 default [main] INFO  o.s.web.context.ContextLoader - Root WebApplicationContext: initialization completed in 4567 ms
14:06:51.695 default [main] INFO  o.s.s.c.ThreadPoolTaskExecutor - Initializing ExecutorService 'applicationTaskExecutor'
14:06:52.105 default [main] INFO  o.s.b.a.w.s.WelcomePageHandlerMapping - Adding welcome page template: index
14:06:52.150 default [main] INFO  t.m.m.a.MapperCacheDisabler - Clear tk.mybatis.mapper.util.MsUtil CLASS_CACHE cache.
14:06:52.151 default [main] INFO  t.m.m.a.MapperCacheDisabler - Clear tk.mybatis.mapper.genid.GenIdUtil CACHE cache.
14:06:52.151 default [main] INFO  t.m.m.a.MapperCacheDisabler - Clear tk.mybatis.mapper.version.VersionUtil CACHE cache.
14:06:52.151 default [main] INFO  t.m.m.a.MapperCacheDisabler - Clear EntityHelper entityTableMap cache.
14:06:52.782 default [main] INFO  o.a.coyote.http11.Http11NioProtocol - Starting ProtocolHandler ["http-nio-5200"]
14:06:52.822 default [main] INFO  o.s.b.w.e.tomcat.TomcatWebServer - Tomcat started on port(s): 5200 (http) with context path ''
14:06:52.827 default [main] INFO  cn.cllover.myblog.MyblogApplication - Started MyblogApplication in 8.635 seconds (JVM running for 10.338)
14:06:52.830 default [main] INFO  cn.cllover.myblog.MyblogApplication - ====================cllover--INFO============
14:07:20.384 default [http-nio-5200-exec-2] INFO  o.a.c.c.C.[Tomcat].[localhost].[/] - Initializing Spring DispatcherServlet 'dispatcherServlet'
14:07:20.385 default [http-nio-5200-exec-2] INFO  o.s.web.servlet.DispatcherServlet - Initializing Servlet 'dispatcherServlet'
14:07:20.399 default [http-nio-5200-exec-2] INFO  o.s.web.servlet.DispatcherServlet - Completed initialization in 14 ms
14:07:20.422 default [http-nio-5200-exec-2] INFO  o.a.s.s.m.AbstractValidatingSessionManager - Enabling session validation scheduler...
14:07:30.692 default [http-nio-5200-exec-5] INFO  c.alibaba.druid.pool.DruidDataSource - {dataSource-1} inited
14:07:48.044 default [http-nio-5200-exec-10] INFO  c.c.myblog.common.Aspect.SLogAspect - 目标方法在执行:---:login
14:07:48.531 default [http-nio-5200-exec-10] INFO  c.c.myblog.common.Aspect.SLogAspect - 当前请求用户id:15436996140；当前请求地址:/login；当前类名:cn.cllover.myblog.front.controller.loginController
14:07:48.531 default [http-nio-5200-exec-10] INFO  c.c.myblog.common.Aspect.SLogAspect - 当前方法名:login；当前方法参数值:[org.apache.shiro.web.servlet.ShiroHttpServletRequest@5d9fd9c7, org.apache.shiro.web.servlet.ShiroHttpServletResponse@7eaa6a45, root, 082999, w5dp, false]
14:07:48.597 default [http-nio-5200-exec-8] INFO  c.c.myblog.common.Aspect.SLogAspect - 目标方法在执行:---:index
14:07:48.613 default [http-nio-5200-exec-8] INFO  c.c.myblog.common.Aspect.SLogAspect - 当前请求用户id:15436996140；当前请求地址:/index；当前类名:cn.cllover.myblog.front.controller.loginController
14:07:48.613 default [http-nio-5200-exec-8] INFO  c.c.myblog.common.Aspect.SLogAspect - 当前方法名:index；当前方法参数值:[{user=User{userId=15436996140, userUsname='生而自由', userPass='6e7a49dc064e7e65d4d591f4fbbf845d', userPhone=1860993956, userEmail='18609933956@163.com', userQq=1543699614, userAge=22, userName='root', userSex='1', userBirthday=Thu Jul 31 00:00:00 CST 1997, userAddress='天津市', userPhoto='static/head_photo/u=3198678.jpg', userStatus=1, userDesc='AAAAAAAAAAAAAA', userRegisterDate=Wed Apr 24 09:22:05 CST 2019, userRegisterIp='192.168.0.1', userFrozen=1000}}, org.apache.shiro.web.servlet.ShiroHttpSession@6af09e3, org.apache.shiro.web.servlet.ShiroHttpServletRequest@665c92b9]
14:07:54.541 default [http-nio-5200-exec-9] INFO  c.c.myblog.common.Aspect.SLogAspect - 目标方法在执行:---:getAll
14:07:54.636 default [http-nio-5200-exec-9] INFO  c.c.myblog.common.Aspect.SLogAspect - 当前请求用户id:15436996140；当前请求地址:/u/home/getArt/15436996140；当前类名:cn.cllover.myblog.front.controller.UserController
14:07:54.636 default [http-nio-5200-exec-9] INFO  c.c.myblog.common.Aspect.SLogAspect - 当前方法名:getAll；当前方法参数值:[15436996140, 1]
14:07:57.778 default [http-nio-5200-exec-4] INFO  c.c.myblog.common.Aspect.SLogAspect - 目标方法在执行:---:getAll
14:07:57.822 default [http-nio-5200-exec-4] INFO  c.c.myblog.common.Aspect.SLogAspect - 当前请求用户id:15436996140；当前请求地址:/u/home/getArt/15436996140；当前类名:cn.cllover.myblog.front.controller.UserController
14:07:57.822 default [http-nio-5200-exec-4] INFO  c.c.myblog.common.Aspect.SLogAspect - 当前方法名:getAll；当前方法参数值:[15436996140, 1]
14:13:18.873 default [main] INFO  cn.cllover.myblog.MyblogApplication - Starting MyblogApplication on Hello with PID 5304 (D:\workspace\myblog\target\classes started by 18609 in D:\workspace\myblog)
14:13:18.880 default [main] INFO  cn.cllover.myblog.MyblogApplication - No active profile set, falling back to default profiles: default
14:13:20.743 default [main] INFO  o.s.d.r.c.RepositoryConfigurationDelegate - Multiple Spring Data modules found, entering strict repository configuration mode!
14:13:20.751 default [main] INFO  o.s.d.r.c.RepositoryConfigurationDelegate - Bootstrapping Spring Data repositories in DEFAULT mode.
14:13:20.868 default [main] INFO  o.s.d.r.c.RepositoryConfigurationDelegate - Finished Spring Data repository scanning in 86ms. Found 0 repository interfaces.
14:13:21.720 default [main] INFO  o.s.c.s.PostProcessorRegistrationDelegate$BeanPostProcessorChecker - Bean 'shiroConfig' of type [cn.cllover.myblog.common.config.ShiroConfig$$EnhancerBySpringCGLIB$$a367e672] is not eligible for getting processed by all BeanPostProcessors (for example: not eligible for auto-proxying)
14:13:22.351 default [main] INFO  o.s.c.s.PostProcessorRegistrationDelegate$BeanPostProcessorChecker - Bean 'hashedCredentialsMatcher' of type [org.apache.shiro.authc.credential.HashedCredentialsMatcher] is not eligible for getting processed by all BeanPostProcessors (for example: not eligible for auto-proxying)
14:13:22.453 default [main] INFO  o.s.c.s.PostProcessorRegistrationDelegate$BeanPostProcessorChecker - Bean 'mybatis-tk.mybatis.mapper.autoconfigure.MybatisProperties' of type [tk.mybatis.mapper.autoconfigure.MybatisProperties] is not eligible for getting processed by all BeanPostProcessors (for example: not eligible for auto-proxying)
14:13:22.462 default [main] INFO  o.s.c.s.PostProcessorRegistrationDelegate$BeanPostProcessorChecker - Bean 'tk.mybatis.mapper.autoconfigure.MapperAutoConfiguration' of type [tk.mybatis.mapper.autoconfigure.MapperAutoConfiguration$$EnhancerBySpringCGLIB$$b2742362] is not eligible for getting processed by all BeanPostProcessors (for example: not eligible for auto-proxying)
14:13:22.465 default [main] INFO  o.s.c.s.PostProcessorRegistrationDelegate$BeanPostProcessorChecker - Bean 'org.springframework.boot.autoconfigure.jdbc.DataSourceConfiguration$Generic' of type [org.springframework.boot.autoconfigure.jdbc.DataSourceConfiguration$Generic] is not eligible for getting processed by all BeanPostProcessors (for example: not eligible for auto-proxying)
14:13:22.489 default [main] INFO  o.s.c.s.PostProcessorRegistrationDelegate$BeanPostProcessorChecker - Bean 'spring.datasource-org.springframework.boot.autoconfigure.jdbc.DataSourceProperties' of type [org.springframework.boot.autoconfigure.jdbc.DataSourceProperties] is not eligible for getting processed by all BeanPostProcessors (for example: not eligible for auto-proxying)
14:13:22.586 default [main] INFO  o.s.c.s.PostProcessorRegistrationDelegate$BeanPostProcessorChecker - Bean 'dataSource' of type [com.alibaba.druid.pool.DruidDataSource] is not eligible for getting processed by all BeanPostProcessors (for example: not eligible for auto-proxying)
14:13:23.269 default [main] INFO  o.s.c.s.PostProcessorRegistrationDelegate$BeanPostProcessorChecker - Bean 'sqlSessionFactory' of type [org.apache.ibatis.session.defaults.DefaultSqlSessionFactory] is not eligible for getting processed by all BeanPostProcessors (for example: not eligible for auto-proxying)
14:13:23.277 default [main] INFO  o.s.c.s.PostProcessorRegistrationDelegate$BeanPostProcessorChecker - Bean 'sqlSessionTemplate' of type [org.mybatis.spring.SqlSessionTemplate] is not eligible for getting processed by all BeanPostProcessors (for example: not eligible for auto-proxying)
14:13:23.408 default [main] INFO  o.s.c.s.PostProcessorRegistrationDelegate$BeanPostProcessorChecker - Bean 'userMapper' of type [tk.mybatis.spring.mapper.MapperFactoryBean] is not eligible for getting processed by all BeanPostProcessors (for example: not eligible for auto-proxying)
14:13:23.411 default [main] INFO  o.s.c.s.PostProcessorRegistrationDelegate$BeanPostProcessorChecker - Bean 'userMapper' of type [com.sun.proxy.$Proxy67] is not eligible for getting processed by all BeanPostProcessors (for example: not eligible for auto-proxying)
14:13:23.413 default [main] INFO  o.s.c.s.PostProcessorRegistrationDelegate$BeanPostProcessorChecker - Bean 'UserService' of type [cn.cllover.myblog.front.service.impl.UserServiceimpl] is not eligible for getting processed by all BeanPostProcessors (for example: not eligible for auto-proxying)
14:13:23.414 default [main] INFO  o.s.c.s.PostProcessorRegistrationDelegate$BeanPostProcessorChecker - Bean 'userRealm' of type [cn.cllover.myblog.common.Realm.UserRealm] is not eligible for getting processed by all BeanPostProcessors (for example: not eligible for auto-proxying)
14:13:23.419 default [main] INFO  o.s.c.s.PostProcessorRegistrationDelegate$BeanPostProcessorChecker - Bean 'redisManager' of type [org.crazycake.shiro.RedisManager] is not eligible for getting processed by all BeanPostProcessors (for example: not eligible for auto-proxying)
14:13:23.420 default [main] INFO  o.s.c.s.PostProcessorRegistrationDelegate$BeanPostProcessorChecker - Bean 'cacheManager' of type [org.crazycake.shiro.RedisCacheManager] is not eligible for getting processed by all BeanPostProcessors (for example: not eligible for auto-proxying)
14:13:23.428 default [main] INFO  o.s.c.s.PostProcessorRegistrationDelegate$BeanPostProcessorChecker - Bean 'securityManager' of type [org.apache.shiro.web.mgt.DefaultWebSecurityManager] is not eligible for getting processed by all BeanPostProcessors (for example: not eligible for auto-proxying)
14:13:23.509 default [main] INFO  o.s.c.s.PostProcessorRegistrationDelegate$BeanPostProcessorChecker - Bean 'authorizationAttributeSourceAdvisor' of type [org.apache.shiro.spring.security.interceptor.AuthorizationAttributeSourceAdvisor] is not eligible for getting processed by all BeanPostProcessors (for example: not eligible for auto-proxying)
14:13:23.586 default [main] INFO  o.s.c.s.PostProcessorRegistrationDelegate$BeanPostProcessorChecker - Bean 'org.springframework.transaction.annotation.ProxyTransactionManagementConfiguration' of type [org.springframework.transaction.annotation.ProxyTransactionManagementConfiguration$$EnhancerBySpringCGLIB$$fc837bc9] is not eligible for getting processed by all BeanPostProcessors (for example: not eligible for auto-proxying)
14:13:24.776 default [main] INFO  o.s.b.w.e.tomcat.TomcatWebServer - Tomcat initialized with port(s): 5200 (http)
14:13:24.814 default [main] INFO  o.a.coyote.http11.Http11NioProtocol - Initializing ProtocolHandler ["http-nio-5200"]
14:13:24.831 default [main] INFO  o.a.catalina.core.StandardService - Starting service [Tomcat]
14:13:24.831 default [main] INFO  o.a.catalina.core.StandardEngine - Starting Servlet engine: [Apache Tomcat/9.0.16]
14:13:24.845 default [main] INFO  o.a.c.core.AprLifecycleListener - The APR based Apache Tomcat Native library which allows optimal performance in production environments was not found on the java.library.path: [C:\Program Files\Java\jdk1.8.0_191\bin;C:\WINDOWS\Sun\Java\bin;C:\WINDOWS\system32;C:\WINDOWS;D:\Xshell\;D:\maven\apache-maven-3.6.0\bin;C:\Program Files (x86)\Common Files\Oracle\Java\javapath;C:\Program Files\Java\jdk1.8.0_191\bin;C:\Program Files (x86)\Intel\Intel(R) Management Engine Components\iCLS\;C:\Program Files\Intel\Intel(R) Management Engine Components\iCLS\;C:\Windows\system32;C:\Windows;C:\Windows\System32\Wbem;C:\Windows\System32\WindowsPowerShell\v1.0\;C:\Program Files (x86)\NVIDIA Corporation\PhysX\Common;C:\Program Files\Intel\WiFi\bin\;C:\Program Files\Common Files\Intel\WirelessCommon\;D:\MySQL\mysql-5.7.23-winx64\bin;C:\WINDOWS\system32;C:\WINDOWS;C:\WINDOWS\System32\Wbem;C:\WINDOWS\System32\WindowsPowerShell\v1.0\;C:\WINDOWS\System32\OpenSSH\;C:\Program Files (x86)\Intel\Intel(R) Management Engine Components\DAL;C:\Program Files\Intel\Intel(R) Management Engine Components\DAL;C:\Program Files (x86)\Intel\Intel(R) Management Engine Components\IPT;C:\Program Files\Intel\Intel(R) Management Engine Components\IPT;C:\Program Files\Java\jdk1.8.0_191\jre\bin;C:\Program Files\nodejs\;D:\SVN\bin;D:\GitHub\Git\cmd;D:\Gradle\gradle-5.3\bin;;C:\Program Files\NVIDIA Corporation\NVIDIA NvDLISR;D:\node.js\node_global;C:\Users\18609\AppData\Local\Microsoft\WindowsApps;C:\Program Files\Intel\WiFi\bin\;C:\Program Files\Common Files\Intel\WirelessCommon\;C:\Users\18609\AppData\Local\GitHubDesktop\bin;C:\Users\18609\AppData\Local\Microsoft\WindowsApps;C:\Users\18609\AppData\Roaming\npm;D:\VScode\Microsoft VS Code\bin;.]
14:13:25.122 default [main] INFO  o.a.c.c.C.[Tomcat].[localhost].[/] - Initializing Spring embedded WebApplicationContext
14:13:25.123 default [main] INFO  o.s.web.context.ContextLoader - Root WebApplicationContext: initialization completed in 6056 ms
14:13:27.851 default [main] INFO  o.s.s.c.ThreadPoolTaskExecutor - Initializing ExecutorService 'applicationTaskExecutor'
14:13:28.380 default [main] INFO  o.s.b.a.w.s.WelcomePageHandlerMapping - Adding welcome page template: index
14:13:28.452 default [main] INFO  t.m.m.a.MapperCacheDisabler - Clear tk.mybatis.mapper.util.MsUtil CLASS_CACHE cache.
14:13:28.452 default [main] INFO  t.m.m.a.MapperCacheDisabler - Clear tk.mybatis.mapper.genid.GenIdUtil CACHE cache.
14:13:28.453 default [main] INFO  t.m.m.a.MapperCacheDisabler - Clear tk.mybatis.mapper.version.VersionUtil CACHE cache.
14:13:28.453 default [main] INFO  t.m.m.a.MapperCacheDisabler - Clear EntityHelper entityTableMap cache.
14:13:29.091 default [main] INFO  o.a.coyote.http11.Http11NioProtocol - Starting ProtocolHandler ["http-nio-5200"]
14:13:29.139 default [main] INFO  o.s.b.w.e.tomcat.TomcatWebServer - Tomcat started on port(s): 5200 (http) with context path ''
14:13:29.145 default [main] INFO  cn.cllover.myblog.MyblogApplication - Started MyblogApplication in 11.885 seconds (JVM running for 14.965)
14:13:29.147 default [main] INFO  cn.cllover.myblog.MyblogApplication - ====================cllover--INFO============
14:13:33.332 default [http-nio-5200-exec-2] INFO  o.a.c.c.C.[Tomcat].[localhost].[/] - Initializing Spring DispatcherServlet 'dispatcherServlet'
14:13:33.332 default [http-nio-5200-exec-2] INFO  o.s.web.servlet.DispatcherServlet - Initializing Servlet 'dispatcherServlet'
14:13:33.360 default [http-nio-5200-exec-2] INFO  o.s.web.servlet.DispatcherServlet - Completed initialization in 28 ms
14:13:33.394 default [http-nio-5200-exec-2] INFO  o.a.s.s.m.AbstractValidatingSessionManager - Enabling session validation scheduler...
14:13:33.797 default [http-nio-5200-exec-2] INFO  c.alibaba.druid.pool.DruidDataSource - {dataSource-1} inited
14:13:35.651 default [http-nio-5200-exec-5] INFO  c.c.myblog.common.Aspect.SLogAspect - 目标方法在执行:---:getAll
14:13:35.814 default [http-nio-5200-exec-5] INFO  c.c.myblog.common.Aspect.SLogAspect - 当前请求用户id:15436996140；当前请求地址:/u/home/getArt/15436996140；当前类名:cn.cllover.myblog.front.controller.UserController
14:13:35.815 default [http-nio-5200-exec-5] INFO  c.c.myblog.common.Aspect.SLogAspect - 当前方法名:getAll；当前方法参数值:[15436996140, 1]
14:14:29.448 default [main] INFO  cn.cllover.myblog.MyblogApplication - Starting MyblogApplication on Hello with PID 57580 (D:\workspace\myblog\target\classes started by 18609 in D:\workspace\myblog)
14:14:29.453 default [main] INFO  cn.cllover.myblog.MyblogApplication - No active profile set, falling back to default profiles: default
14:14:31.199 default [main] INFO  o.s.d.r.c.RepositoryConfigurationDelegate - Multiple Spring Data modules found, entering strict repository configuration mode!
14:14:31.203 default [main] INFO  o.s.d.r.c.RepositoryConfigurationDelegate - Bootstrapping Spring Data repositories in DEFAULT mode.
14:14:31.280 default [main] INFO  o.s.d.r.c.RepositoryConfigurationDelegate - Finished Spring Data repository scanning in 57ms. Found 0 repository interfaces.
14:14:31.821 default [main] INFO  o.s.c.s.PostProcessorRegistrationDelegate$BeanPostProcessorChecker - Bean 'shiroConfig' of type [cn.cllover.myblog.common.config.ShiroConfig$$EnhancerBySpringCGLIB$$8b23aec4] is not eligible for getting processed by all BeanPostProcessors (for example: not eligible for auto-proxying)
14:14:32.544 default [main] INFO  o.s.c.s.PostProcessorRegistrationDelegate$BeanPostProcessorChecker - Bean 'hashedCredentialsMatcher' of type [org.apache.shiro.authc.credential.HashedCredentialsMatcher] is not eligible for getting processed by all BeanPostProcessors (for example: not eligible for auto-proxying)
14:14:32.636 default [main] INFO  o.s.c.s.PostProcessorRegistrationDelegate$BeanPostProcessorChecker - Bean 'mybatis-tk.mybatis.mapper.autoconfigure.MybatisProperties' of type [tk.mybatis.mapper.autoconfigure.MybatisProperties] is not eligible for getting processed by all BeanPostProcessors (for example: not eligible for auto-proxying)
14:14:32.648 default [main] INFO  o.s.c.s.PostProcessorRegistrationDelegate$BeanPostProcessorChecker - Bean 'tk.mybatis.mapper.autoconfigure.MapperAutoConfiguration' of type [tk.mybatis.mapper.autoconfigure.MapperAutoConfiguration$$EnhancerBySpringCGLIB$$9a2febb4] is not eligible for getting processed by all BeanPostProcessors (for example: not eligible for auto-proxying)
14:14:32.650 default [main] INFO  o.s.c.s.PostProcessorRegistrationDelegate$BeanPostProcessorChecker - Bean 'org.springframework.boot.autoconfigure.jdbc.DataSourceConfiguration$Generic' of type [org.springframework.boot.autoconfigure.jdbc.DataSourceConfiguration$Generic] is not eligible for getting processed by all BeanPostProcessors (for example: not eligible for auto-proxying)
14:14:32.672 default [main] INFO  o.s.c.s.PostProcessorRegistrationDelegate$BeanPostProcessorChecker - Bean 'spring.datasource-org.springframework.boot.autoconfigure.jdbc.DataSourceProperties' of type [org.springframework.boot.autoconfigure.jdbc.DataSourceProperties] is not eligible for getting processed by all BeanPostProcessors (for example: not eligible for auto-proxying)
14:14:32.745 default [main] INFO  o.s.c.s.PostProcessorRegistrationDelegate$BeanPostProcessorChecker - Bean 'dataSource' of type [com.alibaba.druid.pool.DruidDataSource] is not eligible for getting processed by all BeanPostProcessors (for example: not eligible for auto-proxying)
14:14:33.267 default [main] INFO  o.s.c.s.PostProcessorRegistrationDelegate$BeanPostProcessorChecker - Bean 'sqlSessionFactory' of type [org.apache.ibatis.session.defaults.DefaultSqlSessionFactory] is not eligible for getting processed by all BeanPostProcessors (for example: not eligible for auto-proxying)
14:14:33.275 default [main] INFO  o.s.c.s.PostProcessorRegistrationDelegate$BeanPostProcessorChecker - Bean 'sqlSessionTemplate' of type [org.mybatis.spring.SqlSessionTemplate] is not eligible for getting processed by all BeanPostProcessors (for example: not eligible for auto-proxying)
14:14:33.400 default [main] INFO  o.s.c.s.PostProcessorRegistrationDelegate$BeanPostProcessorChecker - Bean 'userMapper' of type [tk.mybatis.spring.mapper.MapperFactoryBean] is not eligible for getting processed by all BeanPostProcessors (for example: not eligible for auto-proxying)
14:14:33.403 default [main] INFO  o.s.c.s.PostProcessorRegistrationDelegate$BeanPostProcessorChecker - Bean 'userMapper' of type [com.sun.proxy.$Proxy67] is not eligible for getting processed by all BeanPostProcessors (for example: not eligible for auto-proxying)
14:14:33.406 default [main] INFO  o.s.c.s.PostProcessorRegistrationDelegate$BeanPostProcessorChecker - Bean 'UserService' of type [cn.cllover.myblog.front.service.impl.UserServiceimpl] is not eligible for getting processed by all BeanPostProcessors (for example: not eligible for auto-proxying)
14:14:33.406 default [main] INFO  o.s.c.s.PostProcessorRegistrationDelegate$BeanPostProcessorChecker - Bean 'userRealm' of type [cn.cllover.myblog.common.Realm.UserRealm] is not eligible for getting processed by all BeanPostProcessors (for example: not eligible for auto-proxying)
14:14:33.414 default [main] INFO  o.s.c.s.PostProcessorRegistrationDelegate$BeanPostProcessorChecker - Bean 'redisManager' of type [org.crazycake.shiro.RedisManager] is not eligible for getting processed by all BeanPostProcessors (for example: not eligible for auto-proxying)
14:14:33.416 default [main] INFO  o.s.c.s.PostProcessorRegistrationDelegate$BeanPostProcessorChecker - Bean 'cacheManager' of type [org.crazycake.shiro.RedisCacheManager] is not eligible for getting processed by all BeanPostProcessors (for example: not eligible for auto-proxying)
14:14:33.427 default [main] INFO  o.s.c.s.PostProcessorRegistrationDelegate$BeanPostProcessorChecker - Bean 'securityManager' of type [org.apache.shiro.web.mgt.DefaultWebSecurityManager] is not eligible for getting processed by all BeanPostProcessors (for example: not eligible for auto-proxying)
14:14:33.519 default [main] INFO  o.s.c.s.PostProcessorRegistrationDelegate$BeanPostProcessorChecker - Bean 'authorizationAttributeSourceAdvisor' of type [org.apache.shiro.spring.security.interceptor.AuthorizationAttributeSourceAdvisor] is not eligible for getting processed by all BeanPostProcessors (for example: not eligible for auto-proxying)
14:14:33.585 default [main] INFO  o.s.c.s.PostProcessorRegistrationDelegate$BeanPostProcessorChecker - Bean 'org.springframework.transaction.annotation.ProxyTransactionManagementConfiguration' of type [org.springframework.transaction.annotation.ProxyTransactionManagementConfiguration$$EnhancerBySpringCGLIB$$e43f441b] is not eligible for getting processed by all BeanPostProcessors (for example: not eligible for auto-proxying)
14:14:34.304 default [main] INFO  o.s.b.w.e.tomcat.TomcatWebServer - Tomcat initialized with port(s): 5200 (http)
14:14:34.322 default [main] INFO  o.a.coyote.http11.Http11NioProtocol - Initializing ProtocolHandler ["http-nio-5200"]
14:14:34.332 default [main] INFO  o.a.catalina.core.StandardService - Starting service [Tomcat]
14:14:34.332 default [main] INFO  o.a.catalina.core.StandardEngine - Starting Servlet engine: [Apache Tomcat/9.0.16]
14:14:34.339 default [main] INFO  o.a.c.core.AprLifecycleListener - The APR based Apache Tomcat Native library which allows optimal performance in production environments was not found on the java.library.path: [C:\Program Files\Java\jdk1.8.0_191\bin;C:\WINDOWS\Sun\Java\bin;C:\WINDOWS\system32;C:\WINDOWS;D:\Xshell\;D:\maven\apache-maven-3.6.0\bin;C:\Program Files (x86)\Common Files\Oracle\Java\javapath;C:\Program Files\Java\jdk1.8.0_191\bin;C:\Program Files (x86)\Intel\Intel(R) Management Engine Components\iCLS\;C:\Program Files\Intel\Intel(R) Management Engine Components\iCLS\;C:\Windows\system32;C:\Windows;C:\Windows\System32\Wbem;C:\Windows\System32\WindowsPowerShell\v1.0\;C:\Program Files (x86)\NVIDIA Corporation\PhysX\Common;C:\Program Files\Intel\WiFi\bin\;C:\Program Files\Common Files\Intel\WirelessCommon\;D:\MySQL\mysql-5.7.23-winx64\bin;C:\WINDOWS\system32;C:\WINDOWS;C:\WINDOWS\System32\Wbem;C:\WINDOWS\System32\WindowsPowerShell\v1.0\;C:\WINDOWS\System32\OpenSSH\;C:\Program Files (x86)\Intel\Intel(R) Management Engine Components\DAL;C:\Program Files\Intel\Intel(R) Management Engine Components\DAL;C:\Program Files (x86)\Intel\Intel(R) Management Engine Components\IPT;C:\Program Files\Intel\Intel(R) Management Engine Components\IPT;C:\Program Files\Java\jdk1.8.0_191\jre\bin;C:\Program Files\nodejs\;D:\SVN\bin;D:\GitHub\Git\cmd;D:\Gradle\gradle-5.3\bin;;C:\Program Files\NVIDIA Corporation\NVIDIA NvDLISR;D:\node.js\node_global;C:\Users\18609\AppData\Local\Microsoft\WindowsApps;C:\Program Files\Intel\WiFi\bin\;C:\Program Files\Common Files\Intel\WirelessCommon\;C:\Users\18609\AppData\Local\GitHubDesktop\bin;C:\Users\18609\AppData\Local\Microsoft\WindowsApps;C:\Users\18609\AppData\Roaming\npm;D:\VScode\Microsoft VS Code\bin;.]
14:14:34.523 default [main] INFO  o.a.c.c.C.[Tomcat].[localhost].[/] - Initializing Spring embedded WebApplicationContext
14:14:34.523 default [main] INFO  o.s.web.context.ContextLoader - Root WebApplicationContext: initialization completed in 4881 ms
14:14:36.021 default [main] INFO  o.s.s.c.ThreadPoolTaskExecutor - Initializing ExecutorService 'applicationTaskExecutor'
14:14:36.321 default [main] INFO  o.s.b.a.w.s.WelcomePageHandlerMapping - Adding welcome page template: index
14:14:36.373 default [main] INFO  t.m.m.a.MapperCacheDisabler - Clear tk.mybatis.mapper.util.MsUtil CLASS_CACHE cache.
14:14:36.374 default [main] INFO  t.m.m.a.MapperCacheDisabler - Clear tk.mybatis.mapper.genid.GenIdUtil CACHE cache.
14:14:36.375 default [main] INFO  t.m.m.a.MapperCacheDisabler - Clear tk.mybatis.mapper.version.VersionUtil CACHE cache.
14:14:36.375 default [main] INFO  t.m.m.a.MapperCacheDisabler - Clear EntityHelper entityTableMap cache.
14:14:36.979 default [main] INFO  o.a.coyote.http11.Http11NioProtocol - Starting ProtocolHandler ["http-nio-5200"]
14:14:37.019 default [main] INFO  o.s.b.w.e.tomcat.TomcatWebServer - Tomcat started on port(s): 5200 (http) with context path ''
14:14:37.024 default [main] INFO  cn.cllover.myblog.MyblogApplication - Started MyblogApplication in 8.769 seconds (JVM running for 10.474)
14:14:37.027 default [main] INFO  cn.cllover.myblog.MyblogApplication - ====================cllover--INFO============
14:14:39.426 default [http-nio-5200-exec-1] INFO  o.a.c.c.C.[Tomcat].[localhost].[/] - Initializing Spring DispatcherServlet 'dispatcherServlet'
14:14:39.426 default [http-nio-5200-exec-1] INFO  o.s.web.servlet.DispatcherServlet - Initializing Servlet 'dispatcherServlet'
14:14:39.440 default [http-nio-5200-exec-1] INFO  o.s.web.servlet.DispatcherServlet - Completed initialization in 14 ms
14:14:39.455 default [http-nio-5200-exec-1] INFO  o.a.s.s.m.AbstractValidatingSessionManager - Enabling session validation scheduler...
14:14:39.627 default [http-nio-5200-exec-1] INFO  c.alibaba.druid.pool.DruidDataSource - {dataSource-1} inited
14:14:40.474 default [http-nio-5200-exec-5] INFO  c.c.myblog.common.Aspect.SLogAspect - 目标方法在执行:---:getAll
14:14:40.989 default [http-nio-5200-exec-5] INFO  c.c.myblog.common.Aspect.SLogAspect - 当前请求用户id:15436996140；当前请求地址:/u/home/getArt/15436996140；当前类名:cn.cllover.myblog.front.controller.UserController
14:14:40.990 default [http-nio-5200-exec-5] INFO  c.c.myblog.common.Aspect.SLogAspect - 当前方法名:getAll；当前方法参数值:[15436996140, 1]
14:16:02.108 default [main] INFO  cn.cllover.myblog.MyblogApplication - Starting MyblogApplication on Hello with PID 56528 (D:\workspace\myblog\target\classes started by 18609 in D:\workspace\myblog)
14:16:02.114 default [main] INFO  cn.cllover.myblog.MyblogApplication - No active profile set, falling back to default profiles: default
14:16:03.789 default [main] INFO  o.s.d.r.c.RepositoryConfigurationDelegate - Multiple Spring Data modules found, entering strict repository configuration mode!
14:16:03.794 default [main] INFO  o.s.d.r.c.RepositoryConfigurationDelegate - Bootstrapping Spring Data repositories in DEFAULT mode.
14:16:03.905 default [main] INFO  o.s.d.r.c.RepositoryConfigurationDelegate - Finished Spring Data repository scanning in 82ms. Found 0 repository interfaces.
14:16:04.471 default [main] INFO  o.s.c.s.PostProcessorRegistrationDelegate$BeanPostProcessorChecker - Bean 'shiroConfig' of type [cn.cllover.myblog.common.config.ShiroConfig$$EnhancerBySpringCGLIB$$b402d8c5] is not eligible for getting processed by all BeanPostProcessors (for example: not eligible for auto-proxying)
14:16:05.141 default [main] INFO  o.s.c.s.PostProcessorRegistrationDelegate$BeanPostProcessorChecker - Bean 'hashedCredentialsMatcher' of type [org.apache.shiro.authc.credential.HashedCredentialsMatcher] is not eligible for getting processed by all BeanPostProcessors (for example: not eligible for auto-proxying)
14:16:05.224 default [main] INFO  o.s.c.s.PostProcessorRegistrationDelegate$BeanPostProcessorChecker - Bean 'mybatis-tk.mybatis.mapper.autoconfigure.MybatisProperties' of type [tk.mybatis.mapper.autoconfigure.MybatisProperties] is not eligible for getting processed by all BeanPostProcessors (for example: not eligible for auto-proxying)
14:16:05.232 default [main] INFO  o.s.c.s.PostProcessorRegistrationDelegate$BeanPostProcessorChecker - Bean 'tk.mybatis.mapper.autoconfigure.MapperAutoConfiguration' of type [tk.mybatis.mapper.autoconfigure.MapperAutoConfiguration$$EnhancerBySpringCGLIB$$c30f15b5] is not eligible for getting processed by all BeanPostProcessors (for example: not eligible for auto-proxying)
14:16:05.234 default [main] INFO  o.s.c.s.PostProcessorRegistrationDelegate$BeanPostProcessorChecker - Bean 'org.springframework.boot.autoconfigure.jdbc.DataSourceConfiguration$Generic' of type [org.springframework.boot.autoconfigure.jdbc.DataSourceConfiguration$Generic] is not eligible for getting processed by all BeanPostProcessors (for example: not eligible for auto-proxying)
14:16:05.256 default [main] INFO  o.s.c.s.PostProcessorRegistrationDelegate$BeanPostProcessorChecker - Bean 'spring.datasource-org.springframework.boot.autoconfigure.jdbc.DataSourceProperties' of type [org.springframework.boot.autoconfigure.jdbc.DataSourceProperties] is not eligible for getting processed by all BeanPostProcessors (for example: not eligible for auto-proxying)
14:16:05.313 default [main] INFO  o.s.c.s.PostProcessorRegistrationDelegate$BeanPostProcessorChecker - Bean 'dataSource' of type [com.alibaba.druid.pool.DruidDataSource] is not eligible for getting processed by all BeanPostProcessors (for example: not eligible for auto-proxying)
14:16:05.715 default [main] INFO  o.s.c.s.PostProcessorRegistrationDelegate$BeanPostProcessorChecker - Bean 'sqlSessionFactory' of type [org.apache.ibatis.session.defaults.DefaultSqlSessionFactory] is not eligible for getting processed by all BeanPostProcessors (for example: not eligible for auto-proxying)
14:16:05.720 default [main] INFO  o.s.c.s.PostProcessorRegistrationDelegate$BeanPostProcessorChecker - Bean 'sqlSessionTemplate' of type [org.mybatis.spring.SqlSessionTemplate] is not eligible for getting processed by all BeanPostProcessors (for example: not eligible for auto-proxying)
14:16:05.805 default [main] INFO  o.s.c.s.PostProcessorRegistrationDelegate$BeanPostProcessorChecker - Bean 'userMapper' of type [tk.mybatis.spring.mapper.MapperFactoryBean] is not eligible for getting processed by all BeanPostProcessors (for example: not eligible for auto-proxying)
14:16:05.807 default [main] INFO  o.s.c.s.PostProcessorRegistrationDelegate$BeanPostProcessorChecker - Bean 'userMapper' of type [com.sun.proxy.$Proxy67] is not eligible for getting processed by all BeanPostProcessors (for example: not eligible for auto-proxying)
14:16:05.810 default [main] INFO  o.s.c.s.PostProcessorRegistrationDelegate$BeanPostProcessorChecker - Bean 'UserService' of type [cn.cllover.myblog.front.service.impl.UserServiceimpl] is not eligible for getting processed by all BeanPostProcessors (for example: not eligible for auto-proxying)
14:16:05.811 default [main] INFO  o.s.c.s.PostProcessorRegistrationDelegate$BeanPostProcessorChecker - Bean 'userRealm' of type [cn.cllover.myblog.common.Realm.UserRealm] is not eligible for getting processed by all BeanPostProcessors (for example: not eligible for auto-proxying)
14:16:05.815 default [main] INFO  o.s.c.s.PostProcessorRegistrationDelegate$BeanPostProcessorChecker - Bean 'redisManager' of type [org.crazycake.shiro.RedisManager] is not eligible for getting processed by all BeanPostProcessors (for example: not eligible for auto-proxying)
14:16:05.815 default [main] INFO  o.s.c.s.PostProcessorRegistrationDelegate$BeanPostProcessorChecker - Bean 'cacheManager' of type [org.crazycake.shiro.RedisCacheManager] is not eligible for getting processed by all BeanPostProcessors (for example: not eligible for auto-proxying)
14:16:05.820 default [main] INFO  o.s.c.s.PostProcessorRegistrationDelegate$BeanPostProcessorChecker - Bean 'securityManager' of type [org.apache.shiro.web.mgt.DefaultWebSecurityManager] is not eligible for getting processed by all BeanPostProcessors (for example: not eligible for auto-proxying)
14:16:05.874 default [main] INFO  o.s.c.s.PostProcessorRegistrationDelegate$BeanPostProcessorChecker - Bean 'authorizationAttributeSourceAdvisor' of type [org.apache.shiro.spring.security.interceptor.AuthorizationAttributeSourceAdvisor] is not eligible for getting processed by all BeanPostProcessors (for example: not eligible for auto-proxying)
14:16:05.923 default [main] INFO  o.s.c.s.PostProcessorRegistrationDelegate$BeanPostProcessorChecker - Bean 'org.springframework.transaction.annotation.ProxyTransactionManagementConfiguration' of type [org.springframework.transaction.annotation.ProxyTransactionManagementConfiguration$$EnhancerBySpringCGLIB$$d1e6e1c] is not eligible for getting processed by all BeanPostProcessors (for example: not eligible for auto-proxying)
14:16:06.536 default [main] INFO  o.s.b.w.e.tomcat.TomcatWebServer - Tomcat initialized with port(s): 5200 (http)
14:16:06.554 default [main] INFO  o.a.coyote.http11.Http11NioProtocol - Initializing ProtocolHandler ["http-nio-5200"]
14:16:06.564 default [main] INFO  o.a.catalina.core.StandardService - Starting service [Tomcat]
14:16:06.564 default [main] INFO  o.a.catalina.core.StandardEngine - Starting Servlet engine: [Apache Tomcat/9.0.16]
14:16:06.570 default [main] INFO  o.a.c.core.AprLifecycleListener - The APR based Apache Tomcat Native library which allows optimal performance in production environments was not found on the java.library.path: [C:\Program Files\Java\jdk1.8.0_191\bin;C:\WINDOWS\Sun\Java\bin;C:\WINDOWS\system32;C:\WINDOWS;D:\Xshell\;D:\maven\apache-maven-3.6.0\bin;C:\Program Files (x86)\Common Files\Oracle\Java\javapath;C:\Program Files\Java\jdk1.8.0_191\bin;C:\Program Files (x86)\Intel\Intel(R) Management Engine Components\iCLS\;C:\Program Files\Intel\Intel(R) Management Engine Components\iCLS\;C:\Windows\system32;C:\Windows;C:\Windows\System32\Wbem;C:\Windows\System32\WindowsPowerShell\v1.0\;C:\Program Files (x86)\NVIDIA Corporation\PhysX\Common;C:\Program Files\Intel\WiFi\bin\;C:\Program Files\Common Files\Intel\WirelessCommon\;D:\MySQL\mysql-5.7.23-winx64\bin;C:\WINDOWS\system32;C:\WINDOWS;C:\WINDOWS\System32\Wbem;C:\WINDOWS\System32\WindowsPowerShell\v1.0\;C:\WINDOWS\System32\OpenSSH\;C:\Program Files (x86)\Intel\Intel(R) Management Engine Components\DAL;C:\Program Files\Intel\Intel(R) Management Engine Components\DAL;C:\Program Files (x86)\Intel\Intel(R) Management Engine Components\IPT;C:\Program Files\Intel\Intel(R) Management Engine Components\IPT;C:\Program Files\Java\jdk1.8.0_191\jre\bin;C:\Program Files\nodejs\;D:\SVN\bin;D:\GitHub\Git\cmd;D:\Gradle\gradle-5.3\bin;;C:\Program Files\NVIDIA Corporation\NVIDIA NvDLISR;D:\node.js\node_global;C:\Users\18609\AppData\Local\Microsoft\WindowsApps;C:\Program Files\Intel\WiFi\bin\;C:\Program Files\Common Files\Intel\WirelessCommon\;C:\Users\18609\AppData\Local\GitHubDesktop\bin;C:\Users\18609\AppData\Local\Microsoft\WindowsApps;C:\Users\18609\AppData\Roaming\npm;D:\VScode\Microsoft VS Code\bin;.]
14:16:06.763 default [main] INFO  o.a.c.c.C.[Tomcat].[localhost].[/] - Initializing Spring embedded WebApplicationContext
14:16:06.763 default [main] INFO  o.s.web.context.ContextLoader - Root WebApplicationContext: initialization completed in 4454 ms
14:16:08.219 default [main] INFO  o.s.s.c.ThreadPoolTaskExecutor - Initializing ExecutorService 'applicationTaskExecutor'
14:16:08.595 default [main] INFO  o.s.b.a.w.s.WelcomePageHandlerMapping - Adding welcome page template: index
14:16:08.652 default [main] INFO  t.m.m.a.MapperCacheDisabler - Clear tk.mybatis.mapper.util.MsUtil CLASS_CACHE cache.
14:16:08.653 default [main] INFO  t.m.m.a.MapperCacheDisabler - Clear tk.mybatis.mapper.genid.GenIdUtil CACHE cache.
14:16:08.654 default [main] INFO  t.m.m.a.MapperCacheDisabler - Clear tk.mybatis.mapper.version.VersionUtil CACHE cache.
14:16:08.654 default [main] INFO  t.m.m.a.MapperCacheDisabler - Clear EntityHelper entityTableMap cache.
14:16:09.243 default [main] INFO  o.a.coyote.http11.Http11NioProtocol - Starting ProtocolHandler ["http-nio-5200"]
14:16:09.279 default [main] INFO  o.s.b.w.e.tomcat.TomcatWebServer - Tomcat started on port(s): 5200 (http) with context path ''
14:16:09.283 default [main] INFO  cn.cllover.myblog.MyblogApplication - Started MyblogApplication in 8.417 seconds (JVM running for 9.872)
14:16:09.286 default [main] INFO  cn.cllover.myblog.MyblogApplication - ====================cllover--INFO============
14:16:46.003 default [http-nio-5200-exec-2] INFO  o.a.c.c.C.[Tomcat].[localhost].[/] - Initializing Spring DispatcherServlet 'dispatcherServlet'
14:16:46.003 default [http-nio-5200-exec-2] INFO  o.s.web.servlet.DispatcherServlet - Initializing Servlet 'dispatcherServlet'
14:16:46.016 default [http-nio-5200-exec-2] INFO  o.s.web.servlet.DispatcherServlet - Completed initialization in 13 ms
14:16:46.033 default [http-nio-5200-exec-2] INFO  o.a.s.s.m.AbstractValidatingSessionManager - Enabling session validation scheduler...
14:16:46.215 default [http-nio-5200-exec-2] INFO  c.alibaba.druid.pool.DruidDataSource - {dataSource-1} inited
14:16:47.214 default [http-nio-5200-exec-5] INFO  c.c.myblog.common.Aspect.SLogAspect - 目标方法在执行:---:getAll
14:16:47.304 default [http-nio-5200-exec-5] INFO  c.c.myblog.common.Aspect.SLogAspect - 当前请求用户id:15436996140；当前请求地址:/u/home/getArt/15436996140；当前类名:cn.cllover.myblog.front.controller.UserController
14:16:47.304 default [http-nio-5200-exec-5] INFO  c.c.myblog.common.Aspect.SLogAspect - 当前方法名:getAll；当前方法参数值:[15436996140, 1]
14:17:41.747 default [main] INFO  cn.cllover.myblog.MyblogApplication - Starting MyblogApplication on Hello with PID 37580 (D:\workspace\myblog\target\classes started by 18609 in D:\workspace\myblog)
14:17:41.755 default [main] INFO  cn.cllover.myblog.MyblogApplication - No active profile set, falling back to default profiles: default
14:17:44.301 default [main] INFO  o.s.d.r.c.RepositoryConfigurationDelegate - Multiple Spring Data modules found, entering strict repository configuration mode!
14:17:44.307 default [main] INFO  o.s.d.r.c.RepositoryConfigurationDelegate - Bootstrapping Spring Data repositories in DEFAULT mode.
14:17:44.459 default [main] INFO  o.s.d.r.c.RepositoryConfigurationDelegate - Finished Spring Data repository scanning in 121ms. Found 0 repository interfaces.
14:17:45.353 default [main] INFO  o.s.c.s.PostProcessorRegistrationDelegate$BeanPostProcessorChecker - Bean 'shiroConfig' of type [cn.cllover.myblog.common.config.ShiroConfig$$EnhancerBySpringCGLIB$$2388f6bf] is not eligible for getting processed by all BeanPostProcessors (for example: not eligible for auto-proxying)
14:17:46.226 default [main] INFO  o.s.c.s.PostProcessorRegistrationDelegate$BeanPostProcessorChecker - Bean 'hashedCredentialsMatcher' of type [org.apache.shiro.authc.credential.HashedCredentialsMatcher] is not eligible for getting processed by all BeanPostProcessors (for example: not eligible for auto-proxying)
14:17:46.351 default [main] INFO  o.s.c.s.PostProcessorRegistrationDelegate$BeanPostProcessorChecker - Bean 'mybatis-tk.mybatis.mapper.autoconfigure.MybatisProperties' of type [tk.mybatis.mapper.autoconfigure.MybatisProperties] is not eligible for getting processed by all BeanPostProcessors (for example: not eligible for auto-proxying)
14:17:46.364 default [main] INFO  o.s.c.s.PostProcessorRegistrationDelegate$BeanPostProcessorChecker - Bean 'tk.mybatis.mapper.autoconfigure.MapperAutoConfiguration' of type [tk.mybatis.mapper.autoconfigure.MapperAutoConfiguration$$EnhancerBySpringCGLIB$$329533af] is not eligible for getting processed by all BeanPostProcessors (for example: not eligible for auto-proxying)
14:17:46.366 default [main] INFO  o.s.c.s.PostProcessorRegistrationDelegate$BeanPostProcessorChecker - Bean 'org.springframework.boot.autoconfigure.jdbc.DataSourceConfiguration$Generic' of type [org.springframework.boot.autoconfigure.jdbc.DataSourceConfiguration$Generic] is not eligible for getting processed by all BeanPostProcessors (for example: not eligible for auto-proxying)
14:17:46.392 default [main] INFO  o.s.c.s.PostProcessorRegistrationDelegate$BeanPostProcessorChecker - Bean 'spring.datasource-org.springframework.boot.autoconfigure.jdbc.DataSourceProperties' of type [org.springframework.boot.autoconfigure.jdbc.DataSourceProperties] is not eligible for getting processed by all BeanPostProcessors (for example: not eligible for auto-proxying)
14:17:46.497 default [main] INFO  o.s.c.s.PostProcessorRegistrationDelegate$BeanPostProcessorChecker - Bean 'dataSource' of type [com.alibaba.druid.pool.DruidDataSource] is not eligible for getting processed by all BeanPostProcessors (for example: not eligible for auto-proxying)
14:17:47.418 default [main] INFO  o.s.c.s.PostProcessorRegistrationDelegate$BeanPostProcessorChecker - Bean 'sqlSessionFactory' of type [org.apache.ibatis.session.defaults.DefaultSqlSessionFactory] is not eligible for getting processed by all BeanPostProcessors (for example: not eligible for auto-proxying)
14:17:47.427 default [main] INFO  o.s.c.s.PostProcessorRegistrationDelegate$BeanPostProcessorChecker - Bean 'sqlSessionTemplate' of type [org.mybatis.spring.SqlSessionTemplate] is not eligible for getting processed by all BeanPostProcessors (for example: not eligible for auto-proxying)
14:17:47.585 default [main] INFO  o.s.c.s.PostProcessorRegistrationDelegate$BeanPostProcessorChecker - Bean 'userMapper' of type [tk.mybatis.spring.mapper.MapperFactoryBean] is not eligible for getting processed by all BeanPostProcessors (for example: not eligible for auto-proxying)
14:17:47.590 default [main] INFO  o.s.c.s.PostProcessorRegistrationDelegate$BeanPostProcessorChecker - Bean 'userMapper' of type [com.sun.proxy.$Proxy67] is not eligible for getting processed by all BeanPostProcessors (for example: not eligible for auto-proxying)
14:17:47.593 default [main] INFO  o.s.c.s.PostProcessorRegistrationDelegate$BeanPostProcessorChecker - Bean 'UserService' of type [cn.cllover.myblog.front.service.impl.UserServiceimpl] is not eligible for getting processed by all BeanPostProcessors (for example: not eligible for auto-proxying)
14:17:47.594 default [main] INFO  o.s.c.s.PostProcessorRegistrationDelegate$BeanPostProcessorChecker - Bean 'userRealm' of type [cn.cllover.myblog.common.Realm.UserRealm] is not eligible for getting processed by all BeanPostProcessors (for example: not eligible for auto-proxying)
14:17:47.602 default [main] INFO  o.s.c.s.PostProcessorRegistrationDelegate$BeanPostProcessorChecker - Bean 'redisManager' of type [org.crazycake.shiro.RedisManager] is not eligible for getting processed by all BeanPostProcessors (for example: not eligible for auto-proxying)
14:17:47.605 default [main] INFO  o.s.c.s.PostProcessorRegistrationDelegate$BeanPostProcessorChecker - Bean 'cacheManager' of type [org.crazycake.shiro.RedisCacheManager] is not eligible for getting processed by all BeanPostProcessors (for example: not eligible for auto-proxying)
14:17:47.620 default [main] INFO  o.s.c.s.PostProcessorRegistrationDelegate$BeanPostProcessorChecker - Bean 'securityManager' of type [org.apache.shiro.web.mgt.DefaultWebSecurityManager] is not eligible for getting processed by all BeanPostProcessors (for example: not eligible for auto-proxying)
14:17:47.732 default [main] INFO  o.s.c.s.PostProcessorRegistrationDelegate$BeanPostProcessorChecker - Bean 'authorizationAttributeSourceAdvisor' of type [org.apache.shiro.spring.security.interceptor.AuthorizationAttributeSourceAdvisor] is not eligible for getting processed by all BeanPostProcessors (for example: not eligible for auto-proxying)
14:17:47.822 default [main] INFO  o.s.c.s.PostProcessorRegistrationDelegate$BeanPostProcessorChecker - Bean 'org.springframework.transaction.annotation.ProxyTransactionManagementConfiguration' of type [org.springframework.transaction.annotation.ProxyTransactionManagementConfiguration$$EnhancerBySpringCGLIB$$7ca48c16] is not eligible for getting processed by all BeanPostProcessors (for example: not eligible for auto-proxying)
14:17:49.196 default [main] INFO  o.s.b.w.e.tomcat.TomcatWebServer - Tomcat initialized with port(s): 5200 (http)
14:17:49.229 default [main] INFO  o.a.coyote.http11.Http11NioProtocol - Initializing ProtocolHandler ["http-nio-5200"]
14:17:49.244 default [main] INFO  o.a.catalina.core.StandardService - Starting service [Tomcat]
14:17:49.244 default [main] INFO  o.a.catalina.core.StandardEngine - Starting Servlet engine: [Apache Tomcat/9.0.16]
14:17:49.256 default [main] INFO  o.a.c.core.AprLifecycleListener - The APR based Apache Tomcat Native library which allows optimal performance in production environments was not found on the java.library.path: [C:\Program Files\Java\jdk1.8.0_191\bin;C:\WINDOWS\Sun\Java\bin;C:\WINDOWS\system32;C:\WINDOWS;D:\Xshell\;D:\maven\apache-maven-3.6.0\bin;C:\Program Files (x86)\Common Files\Oracle\Java\javapath;C:\Program Files\Java\jdk1.8.0_191\bin;C:\Program Files (x86)\Intel\Intel(R) Management Engine Components\iCLS\;C:\Program Files\Intel\Intel(R) Management Engine Components\iCLS\;C:\Windows\system32;C:\Windows;C:\Windows\System32\Wbem;C:\Windows\System32\WindowsPowerShell\v1.0\;C:\Program Files (x86)\NVIDIA Corporation\PhysX\Common;C:\Program Files\Intel\WiFi\bin\;C:\Program Files\Common Files\Intel\WirelessCommon\;D:\MySQL\mysql-5.7.23-winx64\bin;C:\WINDOWS\system32;C:\WINDOWS;C:\WINDOWS\System32\Wbem;C:\WINDOWS\System32\WindowsPowerShell\v1.0\;C:\WINDOWS\System32\OpenSSH\;C:\Program Files (x86)\Intel\Intel(R) Management Engine Components\DAL;C:\Program Files\Intel\Intel(R) Management Engine Components\DAL;C:\Program Files (x86)\Intel\Intel(R) Management Engine Components\IPT;C:\Program Files\Intel\Intel(R) Management Engine Components\IPT;C:\Program Files\Java\jdk1.8.0_191\jre\bin;C:\Program Files\nodejs\;D:\SVN\bin;D:\GitHub\Git\cmd;D:\Gradle\gradle-5.3\bin;;C:\Program Files\NVIDIA Corporation\NVIDIA NvDLISR;D:\node.js\node_global;C:\Users\18609\AppData\Local\Microsoft\WindowsApps;C:\Program Files\Intel\WiFi\bin\;C:\Program Files\Common Files\Intel\WirelessCommon\;C:\Users\18609\AppData\Local\GitHubDesktop\bin;C:\Users\18609\AppData\Local\Microsoft\WindowsApps;C:\Users\18609\AppData\Roaming\npm;D:\VScode\Microsoft VS Code\bin;.]
14:17:49.580 default [main] INFO  o.a.c.c.C.[Tomcat].[localhost].[/] - Initializing Spring embedded WebApplicationContext
14:17:49.581 default [main] INFO  o.s.web.context.ContextLoader - Root WebApplicationContext: initialization completed in 7581 ms
14:17:51.570 default [main] INFO  o.s.s.c.ThreadPoolTaskExecutor - Initializing ExecutorService 'applicationTaskExecutor'
14:17:51.903 default [main] INFO  o.s.b.a.w.s.WelcomePageHandlerMapping - Adding welcome page template: index
14:17:51.958 default [main] INFO  t.m.m.a.MapperCacheDisabler - Clear tk.mybatis.mapper.util.MsUtil CLASS_CACHE cache.
14:17:51.958 default [main] INFO  t.m.m.a.MapperCacheDisabler - Clear tk.mybatis.mapper.genid.GenIdUtil CACHE cache.
14:17:51.959 default [main] INFO  t.m.m.a.MapperCacheDisabler - Clear tk.mybatis.mapper.version.VersionUtil CACHE cache.
14:17:51.959 default [main] INFO  t.m.m.a.MapperCacheDisabler - Clear EntityHelper entityTableMap cache.
14:17:52.619 default [main] INFO  o.a.coyote.http11.Http11NioProtocol - Starting ProtocolHandler ["http-nio-5200"]
14:17:52.658 default [main] INFO  o.s.b.w.e.tomcat.TomcatWebServer - Tomcat started on port(s): 5200 (http) with context path ''
14:17:52.663 default [main] INFO  cn.cllover.myblog.MyblogApplication - Started MyblogApplication in 12.331 seconds (JVM running for 15.176)
14:17:52.667 default [main] INFO  cn.cllover.myblog.MyblogApplication - ====================cllover--INFO============
14:17:55.849 default [http-nio-5200-exec-1] INFO  o.a.c.c.C.[Tomcat].[localhost].[/] - Initializing Spring DispatcherServlet 'dispatcherServlet'
14:17:55.849 default [http-nio-5200-exec-1] INFO  o.s.web.servlet.DispatcherServlet - Initializing Servlet 'dispatcherServlet'
14:17:55.877 default [http-nio-5200-exec-1] INFO  o.s.web.servlet.DispatcherServlet - Completed initialization in 28 ms
14:17:55.925 default [http-nio-5200-exec-1] INFO  o.a.s.s.m.AbstractValidatingSessionManager - Enabling session validation scheduler...
14:17:56.230 default [http-nio-5200-exec-1] INFO  c.alibaba.druid.pool.DruidDataSource - {dataSource-1} inited
14:17:57.729 default [http-nio-5200-exec-5] INFO  c.c.myblog.common.Aspect.SLogAspect - 目标方法在执行:---:getAll
14:17:57.848 default [http-nio-5200-exec-5] INFO  c.c.myblog.common.Aspect.SLogAspect - 当前请求用户id:15436996140；当前请求地址:/u/home/getArt/15436996140；当前类名:cn.cllover.myblog.front.controller.UserController
14:17:57.848 default [http-nio-5200-exec-5] INFO  c.c.myblog.common.Aspect.SLogAspect - 当前方法名:getAll；当前方法参数值:[15436996140, 1]
14:50:01.684 default [http-nio-5200-exec-8] INFO  c.c.myblog.common.Aspect.SLogAspect - 目标方法在执行:---:login
14:50:01.849 default [http-nio-5200-exec-8] INFO  c.c.myblog.common.Aspect.SLogAspect - 当前请求用户id:15436996140；当前请求地址:/login；当前类名:cn.cllover.myblog.front.controller.loginController
14:50:01.849 default [http-nio-5200-exec-8] INFO  c.c.myblog.common.Aspect.SLogAspect - 当前方法名:login；当前方法参数值:[org.apache.shiro.web.servlet.ShiroHttpServletRequest@28058b40, org.apache.shiro.web.servlet.ShiroHttpServletResponse@2b0a9e34, root, 082999, ny75, false]
14:50:01.880 default [http-nio-5200-exec-6] INFO  c.c.myblog.common.Aspect.SLogAspect - 目标方法在执行:---:index
14:50:01.885 default [http-nio-5200-exec-6] INFO  c.c.myblog.common.Aspect.SLogAspect - 当前请求用户id:15436996140；当前请求地址:/index；当前类名:cn.cllover.myblog.front.controller.loginController
14:50:01.885 default [http-nio-5200-exec-6] INFO  c.c.myblog.common.Aspect.SLogAspect - 当前方法名:index；当前方法参数值:[{user=User{userId=15436996140, userUsname='生而自由', userPass='6e7a49dc064e7e65d4d591f4fbbf845d', userPhone=1860993956, userEmail='18609933956@163.com', userQq=1543699614, userAge=22, userName='root', userSex='1', userBirthday=Thu Jul 31 00:00:00 CST 1997, userAddress='天津市', userPhoto='static/head_photo/u=3198678.jpg', userStatus=1, userDesc='AAAAAAAAAAAAAA', userRegisterDate=Wed Apr 24 09:22:05 CST 2019, userRegisterIp='192.168.0.1', userFrozen=1000}}, org.apache.shiro.web.servlet.ShiroHttpSession@5cf887bc, org.apache.shiro.web.servlet.ShiroHttpServletRequest@6427b8fb]
14:50:03.860 default [http-nio-5200-exec-5] INFO  c.c.myblog.common.Aspect.SLogAspect - 目标方法在执行:---:getAll
14:50:03.922 default [http-nio-5200-exec-5] INFO  c.c.myblog.common.Aspect.SLogAspect - 当前请求用户id:15436996140；当前请求地址:/u/home/getArt/15436996140；当前类名:cn.cllover.myblog.front.controller.UserController
14:50:03.923 default [http-nio-5200-exec-5] INFO  c.c.myblog.common.Aspect.SLogAspect - 当前方法名:getAll；当前方法参数值:[15436996140, 1]
14:50:05.368 default [http-nio-5200-exec-8] INFO  c.c.myblog.common.Aspect.SLogAspect - 目标方法在执行:---:getAll
14:50:05.442 default [http-nio-5200-exec-8] INFO  c.c.myblog.common.Aspect.SLogAspect - 当前请求用户id:15436996140；当前请求地址:/u/home/getArt/15436996140；当前类名:cn.cllover.myblog.front.controller.UserController
14:50:05.442 default [http-nio-5200-exec-8] INFO  c.c.myblog.common.Aspect.SLogAspect - 当前方法名:getAll；当前方法参数值:[15436996140, 1]
15:03:51.822 default [http-nio-5200-exec-6] INFO  c.c.myblog.common.Aspect.SLogAspect - 目标方法在执行:---:login
15:03:52.068 default [http-nio-5200-exec-6] INFO  c.c.myblog.common.Aspect.SLogAspect - 当前请求用户id:15436996140；当前请求地址:/login；当前类名:cn.cllover.myblog.front.controller.loginController
15:03:52.069 default [http-nio-5200-exec-6] INFO  c.c.myblog.common.Aspect.SLogAspect - 当前方法名:login；当前方法参数值:[org.apache.shiro.web.servlet.ShiroHttpServletRequest@48640f6, org.apache.shiro.web.servlet.ShiroHttpServletResponse@44e4cf8e, root, 082999, x535, false]
15:03:52.108 default [http-nio-5200-exec-10] INFO  c.c.myblog.common.Aspect.SLogAspect - 目标方法在执行:---:index
15:03:52.115 default [http-nio-5200-exec-10] INFO  c.c.myblog.common.Aspect.SLogAspect - 当前请求用户id:15436996140；当前请求地址:/index；当前类名:cn.cllover.myblog.front.controller.loginController
15:03:52.116 default [http-nio-5200-exec-10] INFO  c.c.myblog.common.Aspect.SLogAspect - 当前方法名:index；当前方法参数值:[{user=User{userId=15436996140, userUsname='生而自由', userPass='6e7a49dc064e7e65d4d591f4fbbf845d', userPhone=1860993956, userEmail='18609933956@163.com', userQq=1543699614, userAge=22, userName='root', userSex='1', userBirthday=Thu Jul 31 00:00:00 CST 1997, userAddress='天津市', userPhoto='static/head_photo/u=3198678.jpg', userStatus=1, userDesc='AAAAAAAAAAAAAA', userRegisterDate=Wed Apr 24 09:22:05 CST 2019, userRegisterIp='192.168.0.1', userFrozen=1000}}, org.apache.shiro.web.servlet.ShiroHttpSession@2c2c75a7, org.apache.shiro.web.servlet.ShiroHttpServletRequest@2df5074d]
15:03:53.943 default [http-nio-5200-exec-2] INFO  c.c.myblog.common.Aspect.SLogAspect - 目标方法在执行:---:getAll
15:03:53.993 default [http-nio-5200-exec-2] INFO  c.c.myblog.common.Aspect.SLogAspect - 当前请求用户id:15436996140；当前请求地址:/u/home/getArt/15436996140；当前类名:cn.cllover.myblog.front.controller.UserController
15:03:53.994 default [http-nio-5200-exec-2] INFO  c.c.myblog.common.Aspect.SLogAspect - 当前方法名:getAll；当前方法参数值:[15436996140, 1]
15:04:00.800 default [http-nio-5200-exec-2] INFO  c.c.myblog.common.Aspect.SLogAspect - 目标方法在执行:---:getAll
15:04:00.827 default [http-nio-5200-exec-2] INFO  c.c.myblog.common.Aspect.SLogAspect - 当前请求用户id:15436996140；当前请求地址:/u/home/getArt/15436996140；当前类名:cn.cllover.myblog.front.controller.UserController
15:04:00.828 default [http-nio-5200-exec-2] INFO  c.c.myblog.common.Aspect.SLogAspect - 当前方法名:getAll；当前方法参数值:[15436996140, 1]
15:04:04.322 default [http-nio-5200-exec-4] INFO  c.c.myblog.common.Aspect.SLogAspect - 目标方法在执行:---:getAll
15:04:04.372 default [http-nio-5200-exec-4] INFO  c.c.myblog.common.Aspect.SLogAspect - 当前请求用户id:15436996140；当前请求地址:/u/home/getArt/15436996140；当前类名:cn.cllover.myblog.front.controller.UserController
15:04:04.373 default [http-nio-5200-exec-4] INFO  c.c.myblog.common.Aspect.SLogAspect - 当前方法名:getAll；当前方法参数值:[15436996140, 1]
15:04:07.294 default [http-nio-5200-exec-7] INFO  c.c.myblog.common.Aspect.SLogAspect - 目标方法在执行:---:getAll
15:04:07.316 default [http-nio-5200-exec-7] INFO  c.c.myblog.common.Aspect.SLogAspect - 当前请求用户id:15436996140；当前请求地址:/u/home/getArt/15436996140；当前类名:cn.cllover.myblog.front.controller.UserController
15:04:07.316 default [http-nio-5200-exec-7] INFO  c.c.myblog.common.Aspect.SLogAspect - 当前方法名:getAll；当前方法参数值:[15436996140, 1]
15:04:57.416 default [http-nio-5200-exec-5] INFO  c.c.myblog.common.Aspect.SLogAspect - 目标方法在执行:---:getAll
15:04:57.467 default [http-nio-5200-exec-5] INFO  c.c.myblog.common.Aspect.SLogAspect - 当前请求用户id:15436996140；当前请求地址:/u/home/getArt/15436996140；当前类名:cn.cllover.myblog.front.controller.UserController
15:04:57.468 default [http-nio-5200-exec-5] INFO  c.c.myblog.common.Aspect.SLogAspect - 当前方法名:getAll；当前方法参数值:[15436996140, 1]
15:17:55.930 default [SessionValidationThread-1] INFO  o.a.s.s.m.AbstractValidatingSessionManager - Validating all active sessions...
15:17:55.990 default [SessionValidationThread-1] INFO  o.a.s.s.m.AbstractValidatingSessionManager - Finished session validation.  No sessions were stopped.
