18:47:46.116 default [http-nio-5200-exec-1] ERROR o.a.c.c.C.[.[.[.[dispatcherServlet] - Servlet.service() for servlet [dispatcherServlet] in context with path [] threw exception [redis.clients.jedis.exceptions.JedisDataException: MISCONF Redis is configured to save RDB snapshots, but it is currently not able to persist on disk. Commands that may modify the data set are disabled, because this instance is configured to report errors during writes if RDB snapshotting fails (stop-writes-on-bgsave-error option). Please check the Redis logs for details about the RDB error.] with root cause
redis.clients.jedis.exceptions.JedisDataException: MISCONF Redis is configured to save RDB snapshots, but it is currently not able to persist on disk. Commands that may modify the data set are disabled, because this instance is configured to report errors during writes if RDB snapshotting fails (stop-writes-on-bgsave-error option). Please check the Redis logs for details about the RDB error.
	at redis.clients.jedis.Protocol.processError(Protocol.java:130)
	at redis.clients.jedis.Protocol.process(Protocol.java:164)
	at redis.clients.jedis.Protocol.read(Protocol.java:218)
	at redis.clients.jedis.Connection.readProtocolWithCheckingBroken(Connection.java:341)
	at redis.clients.jedis.Connection.getStatusCodeReply(Connection.java:240)
	at redis.clients.jedis.BinaryJedis.set(BinaryJedis.java:211)
	at org.crazycake.shiro.BaseRedisManager.set(BaseRedisManager.java:77)
	at org.crazycake.shiro.RedisSessionDAO.saveSession(RedisSessionDAO.java:73)
	at org.crazycake.shiro.RedisSessionDAO.doCreate(RedisSessionDAO.java:124)
	at org.apache.shiro.session.mgt.eis.AbstractSessionDAO.create(AbstractSessionDAO.java:116)
	at org.apache.shiro.session.mgt.DefaultSessionManager.create(DefaultSessionManager.java:177)
	at org.apache.shiro.session.mgt.DefaultSessionManager.doCreateSession(DefaultSessionManager.java:158)
	at org.apache.shiro.session.mgt.AbstractValidatingSessionManager.createSession(AbstractValidatingSessionManager.java:136)
	at org.apache.shiro.session.mgt.AbstractNativeSessionManager.start(AbstractNativeSessionManager.java:99)
	at org.apache.shiro.mgt.SessionsSecurityManager.start(SessionsSecurityManager.java:152)
	at org.apache.shiro.subject.support.DelegatingSubject.getSession(DelegatingSubject.java:340)
	at org.apache.shiro.subject.support.DelegatingSubject.getSession(DelegatingSubject.java:316)
	at org.apache.shiro.web.util.WebUtils.saveRequest(WebUtils.java:607)
	at org.apache.shiro.web.filter.AccessControlFilter.saveRequest(AccessControlFilter.java:208)
	at org.apache.shiro.web.filter.AccessControlFilter.saveRequestAndRedirectToLogin(AccessControlFilter.java:191)
	at org.apache.shiro.web.filter.authc.FormAuthenticationFilter.onAccessDenied(FormAuthenticationFilter.java:168)
	at org.apache.shiro.web.filter.AccessControlFilter.onAccessDenied(AccessControlFilter.java:133)
	at org.apache.shiro.web.filter.AccessControlFilter.onPreHandle(AccessControlFilter.java:162)
	at org.apache.shiro.web.filter.PathMatchingFilter.isFilterChainContinued(PathMatchingFilter.java:203)
	at org.apache.shiro.web.filter.PathMatchingFilter.preHandle(PathMatchingFilter.java:178)
	at org.apache.shiro.web.servlet.AdviceFilter.doFilterInternal(AdviceFilter.java:131)
	at org.apache.shiro.web.servlet.OncePerRequestFilter.doFilter(OncePerRequestFilter.java:125)
	at org.apache.shiro.web.servlet.ProxiedFilterChain.doFilter(ProxiedFilterChain.java:66)
	at org.apache.shiro.web.servlet.AbstractShiroFilter.executeChain(AbstractShiroFilter.java:449)
	at org.apache.shiro.web.servlet.AbstractShiroFilter$1.call(AbstractShiroFilter.java:365)
	at org.apache.shiro.subject.support.SubjectCallable.doCall(SubjectCallable.java:90)
	at org.apache.shiro.subject.support.SubjectCallable.call(SubjectCallable.java:83)
	at org.apache.shiro.subject.support.DelegatingSubject.execute(DelegatingSubject.java:387)
	at org.apache.shiro.web.servlet.AbstractShiroFilter.doFilterInternal(AbstractShiroFilter.java:362)
	at org.apache.shiro.web.servlet.OncePerRequestFilter.doFilter(OncePerRequestFilter.java:125)
	at org.apache.catalina.core.ApplicationFilterChain.internalDoFilter(ApplicationFilterChain.java:193)
	at org.apache.catalina.core.ApplicationFilterChain.doFilter(ApplicationFilterChain.java:166)
	at org.springframework.web.filter.RequestContextFilter.doFilterInternal(RequestContextFilter.java:99)
	at org.springframework.web.filter.OncePerRequestFilter.doFilter(OncePerRequestFilter.java:107)
	at org.apache.catalina.core.ApplicationFilterChain.internalDoFilter(ApplicationFilterChain.java:193)
	at org.apache.catalina.core.ApplicationFilterChain.doFilter(ApplicationFilterChain.java:166)
	at org.springframework.web.filter.FormContentFilter.doFilterInternal(FormContentFilter.java:92)
	at org.springframework.web.filter.OncePerRequestFilter.doFilter(OncePerRequestFilter.java:107)
	at org.apache.catalina.core.ApplicationFilterChain.internalDoFilter(ApplicationFilterChain.java:193)
	at org.apache.catalina.core.ApplicationFilterChain.doFilter(ApplicationFilterChain.java:166)
	at org.springframework.web.filter.HiddenHttpMethodFilter.doFilterInternal(HiddenHttpMethodFilter.java:93)
	at org.springframework.web.filter.OncePerRequestFilter.doFilter(OncePerRequestFilter.java:107)
	at org.apache.catalina.core.ApplicationFilterChain.internalDoFilter(ApplicationFilterChain.java:193)
	at org.apache.catalina.core.ApplicationFilterChain.doFilter(ApplicationFilterChain.java:166)
	at org.springframework.web.filter.CharacterEncodingFilter.doFilterInternal(CharacterEncodingFilter.java:200)
	at org.springframework.web.filter.OncePerRequestFilter.doFilter(OncePerRequestFilter.java:107)
	at org.apache.catalina.core.ApplicationFilterChain.internalDoFilter(ApplicationFilterChain.java:193)
	at org.apache.catalina.core.ApplicationFilterChain.doFilter(ApplicationFilterChain.java:166)
	at org.apache.catalina.core.StandardWrapperValve.invoke(StandardWrapperValve.java:200)
	at org.apache.catalina.core.StandardContextValve.invoke(StandardContextValve.java:96)
	at org.apache.catalina.authenticator.AuthenticatorBase.invoke(AuthenticatorBase.java:490)
	at org.apache.catalina.core.StandardHostValve.invoke(StandardHostValve.java:139)
	at org.apache.catalina.valves.ErrorReportValve.invoke(ErrorReportValve.java:92)
	at org.apache.catalina.core.StandardEngineValve.invoke(StandardEngineValve.java:74)
	at org.apache.catalina.connector.CoyoteAdapter.service(CoyoteAdapter.java:343)
	at org.apache.coyote.http11.Http11Processor.service(Http11Processor.java:408)
	at org.apache.coyote.AbstractProcessorLight.process(AbstractProcessorLight.java:66)
	at org.apache.coyote.AbstractProtocol$ConnectionHandler.process(AbstractProtocol.java:834)
	at org.apache.tomcat.util.net.NioEndpoint$SocketProcessor.doRun(NioEndpoint.java:1415)
	at org.apache.tomcat.util.net.SocketProcessorBase.run(SocketProcessorBase.java:49)
	at java.util.concurrent.ThreadPoolExecutor.runWorker(ThreadPoolExecutor.java:1149)
	at java.util.concurrent.ThreadPoolExecutor$Worker.run(ThreadPoolExecutor.java:624)
	at org.apache.tomcat.util.threads.TaskThread$WrappingRunnable.run(TaskThread.java:61)
	at java.lang.Thread.run(Thread.java:748)
18:47:46.299 default [http-nio-5200-exec-3] ERROR o.a.c.c.C.[.[.[.[dispatcherServlet] - Servlet.service() for servlet [dispatcherServlet] in context with path [] threw exception [redis.clients.jedis.exceptions.JedisDataException: MISCONF Redis is configured to save RDB snapshots, but it is currently not able to persist on disk. Commands that may modify the data set are disabled, because this instance is configured to report errors during writes if RDB snapshotting fails (stop-writes-on-bgsave-error option). Please check the Redis logs for details about the RDB error.] with root cause
redis.clients.jedis.exceptions.JedisDataException: MISCONF Redis is configured to save RDB snapshots, but it is currently not able to persist on disk. Commands that may modify the data set are disabled, because this instance is configured to report errors during writes if RDB snapshotting fails (stop-writes-on-bgsave-error option). Please check the Redis logs for details about the RDB error.
	at redis.clients.jedis.Protocol.processError(Protocol.java:130)
	at redis.clients.jedis.Protocol.process(Protocol.java:164)
	at redis.clients.jedis.Protocol.read(Protocol.java:218)
	at redis.clients.jedis.Connection.readProtocolWithCheckingBroken(Connection.java:341)
	at redis.clients.jedis.Connection.getStatusCodeReply(Connection.java:240)
	at redis.clients.jedis.BinaryJedis.set(BinaryJedis.java:211)
	at org.crazycake.shiro.BaseRedisManager.set(BaseRedisManager.java:77)
	at org.crazycake.shiro.RedisSessionDAO.saveSession(RedisSessionDAO.java:73)
	at org.crazycake.shiro.RedisSessionDAO.doCreate(RedisSessionDAO.java:124)
	at org.apache.shiro.session.mgt.eis.AbstractSessionDAO.create(AbstractSessionDAO.java:116)
	at org.apache.shiro.session.mgt.DefaultSessionManager.create(DefaultSessionManager.java:177)
	at org.apache.shiro.session.mgt.DefaultSessionManager.doCreateSession(DefaultSessionManager.java:158)
	at org.apache.shiro.session.mgt.AbstractValidatingSessionManager.createSession(AbstractValidatingSessionManager.java:136)
	at org.apache.shiro.session.mgt.AbstractNativeSessionManager.start(AbstractNativeSessionManager.java:99)
	at org.apache.shiro.mgt.SessionsSecurityManager.start(SessionsSecurityManager.java:152)
	at org.apache.shiro.subject.support.DelegatingSubject.getSession(DelegatingSubject.java:340)
	at org.apache.shiro.subject.support.DelegatingSubject.getSession(DelegatingSubject.java:316)
	at org.apache.shiro.web.util.WebUtils.saveRequest(WebUtils.java:607)
	at org.apache.shiro.web.filter.AccessControlFilter.saveRequest(AccessControlFilter.java:208)
	at org.apache.shiro.web.filter.AccessControlFilter.saveRequestAndRedirectToLogin(AccessControlFilter.java:191)
	at org.apache.shiro.web.filter.authc.FormAuthenticationFilter.onAccessDenied(FormAuthenticationFilter.java:168)
	at org.apache.shiro.web.filter.AccessControlFilter.onAccessDenied(AccessControlFilter.java:133)
	at org.apache.shiro.web.filter.AccessControlFilter.onPreHandle(AccessControlFilter.java:162)
	at org.apache.shiro.web.filter.PathMatchingFilter.isFilterChainContinued(PathMatchingFilter.java:203)
	at org.apache.shiro.web.filter.PathMatchingFilter.preHandle(PathMatchingFilter.java:178)
	at org.apache.shiro.web.servlet.AdviceFilter.doFilterInternal(AdviceFilter.java:131)
	at org.apache.shiro.web.servlet.OncePerRequestFilter.doFilter(OncePerRequestFilter.java:125)
	at org.apache.shiro.web.servlet.ProxiedFilterChain.doFilter(ProxiedFilterChain.java:66)
	at org.apache.shiro.web.servlet.AbstractShiroFilter.executeChain(AbstractShiroFilter.java:449)
	at org.apache.shiro.web.servlet.AbstractShiroFilter$1.call(AbstractShiroFilter.java:365)
	at org.apache.shiro.subject.support.SubjectCallable.doCall(SubjectCallable.java:90)
	at org.apache.shiro.subject.support.SubjectCallable.call(SubjectCallable.java:83)
	at org.apache.shiro.subject.support.DelegatingSubject.execute(DelegatingSubject.java:387)
	at org.apache.shiro.web.servlet.AbstractShiroFilter.doFilterInternal(AbstractShiroFilter.java:362)
	at org.apache.shiro.web.servlet.OncePerRequestFilter.doFilter(OncePerRequestFilter.java:125)
	at org.apache.catalina.core.ApplicationFilterChain.internalDoFilter(ApplicationFilterChain.java:193)
	at org.apache.catalina.core.ApplicationFilterChain.doFilter(ApplicationFilterChain.java:166)
	at org.springframework.web.filter.RequestContextFilter.doFilterInternal(RequestContextFilter.java:99)
	at org.springframework.web.filter.OncePerRequestFilter.doFilter(OncePerRequestFilter.java:107)
	at org.apache.catalina.core.ApplicationFilterChain.internalDoFilter(ApplicationFilterChain.java:193)
	at org.apache.catalina.core.ApplicationFilterChain.doFilter(ApplicationFilterChain.java:166)
	at org.springframework.web.filter.FormContentFilter.doFilterInternal(FormContentFilter.java:92)
	at org.springframework.web.filter.OncePerRequestFilter.doFilter(OncePerRequestFilter.java:107)
	at org.apache.catalina.core.ApplicationFilterChain.internalDoFilter(ApplicationFilterChain.java:193)
	at org.apache.catalina.core.ApplicationFilterChain.doFilter(ApplicationFilterChain.java:166)
	at org.springframework.web.filter.HiddenHttpMethodFilter.doFilterInternal(HiddenHttpMethodFilter.java:93)
	at org.springframework.web.filter.OncePerRequestFilter.doFilter(OncePerRequestFilter.java:107)
	at org.apache.catalina.core.ApplicationFilterChain.internalDoFilter(ApplicationFilterChain.java:193)
	at org.apache.catalina.core.ApplicationFilterChain.doFilter(ApplicationFilterChain.java:166)
	at org.springframework.web.filter.CharacterEncodingFilter.doFilterInternal(CharacterEncodingFilter.java:200)
	at org.springframework.web.filter.OncePerRequestFilter.doFilter(OncePerRequestFilter.java:107)
	at org.apache.catalina.core.ApplicationFilterChain.internalDoFilter(ApplicationFilterChain.java:193)
	at org.apache.catalina.core.ApplicationFilterChain.doFilter(ApplicationFilterChain.java:166)
	at org.apache.catalina.core.StandardWrapperValve.invoke(StandardWrapperValve.java:200)
	at org.apache.catalina.core.StandardContextValve.invoke(StandardContextValve.java:96)
	at org.apache.catalina.authenticator.AuthenticatorBase.invoke(AuthenticatorBase.java:490)
	at org.apache.catalina.core.StandardHostValve.invoke(StandardHostValve.java:139)
	at org.apache.catalina.valves.ErrorReportValve.invoke(ErrorReportValve.java:92)
	at org.apache.catalina.core.StandardEngineValve.invoke(StandardEngineValve.java:74)
	at org.apache.catalina.connector.CoyoteAdapter.service(CoyoteAdapter.java:343)
	at org.apache.coyote.http11.Http11Processor.service(Http11Processor.java:408)
	at org.apache.coyote.AbstractProcessorLight.process(AbstractProcessorLight.java:66)
	at org.apache.coyote.AbstractProtocol$ConnectionHandler.process(AbstractProtocol.java:834)
	at org.apache.tomcat.util.net.NioEndpoint$SocketProcessor.doRun(NioEndpoint.java:1415)
	at org.apache.tomcat.util.net.SocketProcessorBase.run(SocketProcessorBase.java:49)
	at java.util.concurrent.ThreadPoolExecutor.runWorker(ThreadPoolExecutor.java:1149)
	at java.util.concurrent.ThreadPoolExecutor$Worker.run(ThreadPoolExecutor.java:624)
	at org.apache.tomcat.util.threads.TaskThread$WrappingRunnable.run(TaskThread.java:61)
	at java.lang.Thread.run(Thread.java:748)
18:47:50.523 default [http-nio-5200-exec-2] ERROR o.a.c.c.C.[.[.[.[dispatcherServlet] - Servlet.service() for servlet [dispatcherServlet] in context with path [] threw exception [redis.clients.jedis.exceptions.JedisDataException: MISCONF Redis is configured to save RDB snapshots, but it is currently not able to persist on disk. Commands that may modify the data set are disabled, because this instance is configured to report errors during writes if RDB snapshotting fails (stop-writes-on-bgsave-error option). Please check the Redis logs for details about the RDB error.] with root cause
redis.clients.jedis.exceptions.JedisDataException: MISCONF Redis is configured to save RDB snapshots, but it is currently not able to persist on disk. Commands that may modify the data set are disabled, because this instance is configured to report errors during writes if RDB snapshotting fails (stop-writes-on-bgsave-error option). Please check the Redis logs for details about the RDB error.
	at redis.clients.jedis.Protocol.processError(Protocol.java:130)
	at redis.clients.jedis.Protocol.process(Protocol.java:164)
	at redis.clients.jedis.Protocol.read(Protocol.java:218)
	at redis.clients.jedis.Connection.readProtocolWithCheckingBroken(Connection.java:341)
	at redis.clients.jedis.Connection.getStatusCodeReply(Connection.java:240)
	at redis.clients.jedis.BinaryJedis.set(BinaryJedis.java:211)
	at org.crazycake.shiro.BaseRedisManager.set(BaseRedisManager.java:77)
	at org.crazycake.shiro.RedisSessionDAO.saveSession(RedisSessionDAO.java:73)
	at org.crazycake.shiro.RedisSessionDAO.doCreate(RedisSessionDAO.java:124)
	at org.apache.shiro.session.mgt.eis.AbstractSessionDAO.create(AbstractSessionDAO.java:116)
	at org.apache.shiro.session.mgt.DefaultSessionManager.create(DefaultSessionManager.java:177)
	at org.apache.shiro.session.mgt.DefaultSessionManager.doCreateSession(DefaultSessionManager.java:158)
	at org.apache.shiro.session.mgt.AbstractValidatingSessionManager.createSession(AbstractValidatingSessionManager.java:136)
	at org.apache.shiro.session.mgt.AbstractNativeSessionManager.start(AbstractNativeSessionManager.java:99)
	at org.apache.shiro.mgt.SessionsSecurityManager.start(SessionsSecurityManager.java:152)
	at org.apache.shiro.subject.support.DelegatingSubject.getSession(DelegatingSubject.java:340)
	at org.apache.shiro.subject.support.DelegatingSubject.getSession(DelegatingSubject.java:316)
	at org.apache.shiro.web.util.WebUtils.saveRequest(WebUtils.java:607)
	at org.apache.shiro.web.filter.AccessControlFilter.saveRequest(AccessControlFilter.java:208)
	at org.apache.shiro.web.filter.AccessControlFilter.saveRequestAndRedirectToLogin(AccessControlFilter.java:191)
	at org.apache.shiro.web.filter.authc.FormAuthenticationFilter.onAccessDenied(FormAuthenticationFilter.java:168)
	at org.apache.shiro.web.filter.AccessControlFilter.onAccessDenied(AccessControlFilter.java:133)
	at org.apache.shiro.web.filter.AccessControlFilter.onPreHandle(AccessControlFilter.java:162)
	at org.apache.shiro.web.filter.PathMatchingFilter.isFilterChainContinued(PathMatchingFilter.java:203)
	at org.apache.shiro.web.filter.PathMatchingFilter.preHandle(PathMatchingFilter.java:178)
	at org.apache.shiro.web.servlet.AdviceFilter.doFilterInternal(AdviceFilter.java:131)
	at org.apache.shiro.web.servlet.OncePerRequestFilter.doFilter(OncePerRequestFilter.java:125)
	at org.apache.shiro.web.servlet.ProxiedFilterChain.doFilter(ProxiedFilterChain.java:66)
	at org.apache.shiro.web.servlet.AbstractShiroFilter.executeChain(AbstractShiroFilter.java:449)
	at org.apache.shiro.web.servlet.AbstractShiroFilter$1.call(AbstractShiroFilter.java:365)
	at org.apache.shiro.subject.support.SubjectCallable.doCall(SubjectCallable.java:90)
	at org.apache.shiro.subject.support.SubjectCallable.call(SubjectCallable.java:83)
	at org.apache.shiro.subject.support.DelegatingSubject.execute(DelegatingSubject.java:387)
	at org.apache.shiro.web.servlet.AbstractShiroFilter.doFilterInternal(AbstractShiroFilter.java:362)
	at org.apache.shiro.web.servlet.OncePerRequestFilter.doFilter(OncePerRequestFilter.java:125)
	at org.apache.catalina.core.ApplicationFilterChain.internalDoFilter(ApplicationFilterChain.java:193)
	at org.apache.catalina.core.ApplicationFilterChain.doFilter(ApplicationFilterChain.java:166)
	at org.springframework.web.filter.RequestContextFilter.doFilterInternal(RequestContextFilter.java:99)
	at org.springframework.web.filter.OncePerRequestFilter.doFilter(OncePerRequestFilter.java:107)
	at org.apache.catalina.core.ApplicationFilterChain.internalDoFilter(ApplicationFilterChain.java:193)
	at org.apache.catalina.core.ApplicationFilterChain.doFilter(ApplicationFilterChain.java:166)
	at org.springframework.web.filter.FormContentFilter.doFilterInternal(FormContentFilter.java:92)
	at org.springframework.web.filter.OncePerRequestFilter.doFilter(OncePerRequestFilter.java:107)
	at org.apache.catalina.core.ApplicationFilterChain.internalDoFilter(ApplicationFilterChain.java:193)
	at org.apache.catalina.core.ApplicationFilterChain.doFilter(ApplicationFilterChain.java:166)
	at org.springframework.web.filter.HiddenHttpMethodFilter.doFilterInternal(HiddenHttpMethodFilter.java:93)
	at org.springframework.web.filter.OncePerRequestFilter.doFilter(OncePerRequestFilter.java:107)
	at org.apache.catalina.core.ApplicationFilterChain.internalDoFilter(ApplicationFilterChain.java:193)
	at org.apache.catalina.core.ApplicationFilterChain.doFilter(ApplicationFilterChain.java:166)
	at org.springframework.web.filter.CharacterEncodingFilter.doFilterInternal(CharacterEncodingFilter.java:200)
	at org.springframework.web.filter.OncePerRequestFilter.doFilter(OncePerRequestFilter.java:107)
	at org.apache.catalina.core.ApplicationFilterChain.internalDoFilter(ApplicationFilterChain.java:193)
	at org.apache.catalina.core.ApplicationFilterChain.doFilter(ApplicationFilterChain.java:166)
	at org.apache.catalina.core.StandardWrapperValve.invoke(StandardWrapperValve.java:200)
	at org.apache.catalina.core.StandardContextValve.invoke(StandardContextValve.java:96)
	at org.apache.catalina.authenticator.AuthenticatorBase.invoke(AuthenticatorBase.java:490)
	at org.apache.catalina.core.StandardHostValve.invoke(StandardHostValve.java:139)
	at org.apache.catalina.valves.ErrorReportValve.invoke(ErrorReportValve.java:92)
	at org.apache.catalina.core.StandardEngineValve.invoke(StandardEngineValve.java:74)
	at org.apache.catalina.connector.CoyoteAdapter.service(CoyoteAdapter.java:343)
	at org.apache.coyote.http11.Http11Processor.service(Http11Processor.java:408)
	at org.apache.coyote.AbstractProcessorLight.process(AbstractProcessorLight.java:66)
	at org.apache.coyote.AbstractProtocol$ConnectionHandler.process(AbstractProtocol.java:834)
	at org.apache.tomcat.util.net.NioEndpoint$SocketProcessor.doRun(NioEndpoint.java:1415)
	at org.apache.tomcat.util.net.SocketProcessorBase.run(SocketProcessorBase.java:49)
	at java.util.concurrent.ThreadPoolExecutor.runWorker(ThreadPoolExecutor.java:1149)
	at java.util.concurrent.ThreadPoolExecutor$Worker.run(ThreadPoolExecutor.java:624)
	at org.apache.tomcat.util.threads.TaskThread$WrappingRunnable.run(TaskThread.java:61)
	at java.lang.Thread.run(Thread.java:748)
18:47:50.566 default [http-nio-5200-exec-4] ERROR o.a.c.c.C.[.[.[.[dispatcherServlet] - Servlet.service() for servlet [dispatcherServlet] in context with path [] threw exception [redis.clients.jedis.exceptions.JedisDataException: MISCONF Redis is configured to save RDB snapshots, but it is currently not able to persist on disk. Commands that may modify the data set are disabled, because this instance is configured to report errors during writes if RDB snapshotting fails (stop-writes-on-bgsave-error option). Please check the Redis logs for details about the RDB error.] with root cause
redis.clients.jedis.exceptions.JedisDataException: MISCONF Redis is configured to save RDB snapshots, but it is currently not able to persist on disk. Commands that may modify the data set are disabled, because this instance is configured to report errors during writes if RDB snapshotting fails (stop-writes-on-bgsave-error option). Please check the Redis logs for details about the RDB error.
	at redis.clients.jedis.Protocol.processError(Protocol.java:130)
	at redis.clients.jedis.Protocol.process(Protocol.java:164)
	at redis.clients.jedis.Protocol.read(Protocol.java:218)
	at redis.clients.jedis.Connection.readProtocolWithCheckingBroken(Connection.java:341)
	at redis.clients.jedis.Connection.getStatusCodeReply(Connection.java:240)
	at redis.clients.jedis.BinaryJedis.set(BinaryJedis.java:211)
	at org.crazycake.shiro.BaseRedisManager.set(BaseRedisManager.java:77)
	at org.crazycake.shiro.RedisSessionDAO.saveSession(RedisSessionDAO.java:73)
	at org.crazycake.shiro.RedisSessionDAO.doCreate(RedisSessionDAO.java:124)
	at org.apache.shiro.session.mgt.eis.AbstractSessionDAO.create(AbstractSessionDAO.java:116)
	at org.apache.shiro.session.mgt.DefaultSessionManager.create(DefaultSessionManager.java:177)
	at org.apache.shiro.session.mgt.DefaultSessionManager.doCreateSession(DefaultSessionManager.java:158)
	at org.apache.shiro.session.mgt.AbstractValidatingSessionManager.createSession(AbstractValidatingSessionManager.java:136)
	at org.apache.shiro.session.mgt.AbstractNativeSessionManager.start(AbstractNativeSessionManager.java:99)
	at org.apache.shiro.mgt.SessionsSecurityManager.start(SessionsSecurityManager.java:152)
	at org.apache.shiro.subject.support.DelegatingSubject.getSession(DelegatingSubject.java:340)
	at org.apache.shiro.subject.support.DelegatingSubject.getSession(DelegatingSubject.java:316)
	at org.apache.shiro.web.util.WebUtils.saveRequest(WebUtils.java:607)
	at org.apache.shiro.web.filter.AccessControlFilter.saveRequest(AccessControlFilter.java:208)
	at org.apache.shiro.web.filter.AccessControlFilter.saveRequestAndRedirectToLogin(AccessControlFilter.java:191)
	at org.apache.shiro.web.filter.authc.FormAuthenticationFilter.onAccessDenied(FormAuthenticationFilter.java:168)
	at org.apache.shiro.web.filter.AccessControlFilter.onAccessDenied(AccessControlFilter.java:133)
	at org.apache.shiro.web.filter.AccessControlFilter.onPreHandle(AccessControlFilter.java:162)
	at org.apache.shiro.web.filter.PathMatchingFilter.isFilterChainContinued(PathMatchingFilter.java:203)
	at org.apache.shiro.web.filter.PathMatchingFilter.preHandle(PathMatchingFilter.java:178)
	at org.apache.shiro.web.servlet.AdviceFilter.doFilterInternal(AdviceFilter.java:131)
	at org.apache.shiro.web.servlet.OncePerRequestFilter.doFilter(OncePerRequestFilter.java:125)
	at org.apache.shiro.web.servlet.ProxiedFilterChain.doFilter(ProxiedFilterChain.java:66)
	at org.apache.shiro.web.servlet.AbstractShiroFilter.executeChain(AbstractShiroFilter.java:449)
	at org.apache.shiro.web.servlet.AbstractShiroFilter$1.call(AbstractShiroFilter.java:365)
	at org.apache.shiro.subject.support.SubjectCallable.doCall(SubjectCallable.java:90)
	at org.apache.shiro.subject.support.SubjectCallable.call(SubjectCallable.java:83)
	at org.apache.shiro.subject.support.DelegatingSubject.execute(DelegatingSubject.java:387)
	at org.apache.shiro.web.servlet.AbstractShiroFilter.doFilterInternal(AbstractShiroFilter.java:362)
	at org.apache.shiro.web.servlet.OncePerRequestFilter.doFilter(OncePerRequestFilter.java:125)
	at org.apache.catalina.core.ApplicationFilterChain.internalDoFilter(ApplicationFilterChain.java:193)
	at org.apache.catalina.core.ApplicationFilterChain.doFilter(ApplicationFilterChain.java:166)
	at org.springframework.web.filter.RequestContextFilter.doFilterInternal(RequestContextFilter.java:99)
	at org.springframework.web.filter.OncePerRequestFilter.doFilter(OncePerRequestFilter.java:107)
	at org.apache.catalina.core.ApplicationFilterChain.internalDoFilter(ApplicationFilterChain.java:193)
	at org.apache.catalina.core.ApplicationFilterChain.doFilter(ApplicationFilterChain.java:166)
	at org.springframework.web.filter.FormContentFilter.doFilterInternal(FormContentFilter.java:92)
	at org.springframework.web.filter.OncePerRequestFilter.doFilter(OncePerRequestFilter.java:107)
	at org.apache.catalina.core.ApplicationFilterChain.internalDoFilter(ApplicationFilterChain.java:193)
	at org.apache.catalina.core.ApplicationFilterChain.doFilter(ApplicationFilterChain.java:166)
	at org.springframework.web.filter.HiddenHttpMethodFilter.doFilterInternal(HiddenHttpMethodFilter.java:93)
	at org.springframework.web.filter.OncePerRequestFilter.doFilter(OncePerRequestFilter.java:107)
	at org.apache.catalina.core.ApplicationFilterChain.internalDoFilter(ApplicationFilterChain.java:193)
	at org.apache.catalina.core.ApplicationFilterChain.doFilter(ApplicationFilterChain.java:166)
	at org.springframework.web.filter.CharacterEncodingFilter.doFilterInternal(CharacterEncodingFilter.java:200)
	at org.springframework.web.filter.OncePerRequestFilter.doFilter(OncePerRequestFilter.java:107)
	at org.apache.catalina.core.ApplicationFilterChain.internalDoFilter(ApplicationFilterChain.java:193)
	at org.apache.catalina.core.ApplicationFilterChain.doFilter(ApplicationFilterChain.java:166)
	at org.apache.catalina.core.StandardWrapperValve.invoke(StandardWrapperValve.java:200)
	at org.apache.catalina.core.StandardContextValve.invoke(StandardContextValve.java:96)
	at org.apache.catalina.authenticator.AuthenticatorBase.invoke(AuthenticatorBase.java:490)
	at org.apache.catalina.core.StandardHostValve.invoke(StandardHostValve.java:139)
	at org.apache.catalina.valves.ErrorReportValve.invoke(ErrorReportValve.java:92)
	at org.apache.catalina.core.StandardEngineValve.invoke(StandardEngineValve.java:74)
	at org.apache.catalina.connector.CoyoteAdapter.service(CoyoteAdapter.java:343)
	at org.apache.coyote.http11.Http11Processor.service(Http11Processor.java:408)
	at org.apache.coyote.AbstractProcessorLight.process(AbstractProcessorLight.java:66)
	at org.apache.coyote.AbstractProtocol$ConnectionHandler.process(AbstractProtocol.java:834)
	at org.apache.tomcat.util.net.NioEndpoint$SocketProcessor.doRun(NioEndpoint.java:1415)
	at org.apache.tomcat.util.net.SocketProcessorBase.run(SocketProcessorBase.java:49)
	at java.util.concurrent.ThreadPoolExecutor.runWorker(ThreadPoolExecutor.java:1149)
	at java.util.concurrent.ThreadPoolExecutor$Worker.run(ThreadPoolExecutor.java:624)
	at org.apache.tomcat.util.threads.TaskThread$WrappingRunnable.run(TaskThread.java:61)
	at java.lang.Thread.run(Thread.java:748)
18:47:52.310 default [http-nio-5200-exec-6] ERROR o.a.c.c.C.[.[.[.[dispatcherServlet] - Servlet.service() for servlet [dispatcherServlet] in context with path [] threw exception [redis.clients.jedis.exceptions.JedisDataException: MISCONF Redis is configured to save RDB snapshots, but it is currently not able to persist on disk. Commands that may modify the data set are disabled, because this instance is configured to report errors during writes if RDB snapshotting fails (stop-writes-on-bgsave-error option). Please check the Redis logs for details about the RDB error.] with root cause
redis.clients.jedis.exceptions.JedisDataException: MISCONF Redis is configured to save RDB snapshots, but it is currently not able to persist on disk. Commands that may modify the data set are disabled, because this instance is configured to report errors during writes if RDB snapshotting fails (stop-writes-on-bgsave-error option). Please check the Redis logs for details about the RDB error.
	at redis.clients.jedis.Protocol.processError(Protocol.java:130)
	at redis.clients.jedis.Protocol.process(Protocol.java:164)
	at redis.clients.jedis.Protocol.read(Protocol.java:218)
	at redis.clients.jedis.Connection.readProtocolWithCheckingBroken(Connection.java:341)
	at redis.clients.jedis.Connection.getStatusCodeReply(Connection.java:240)
	at redis.clients.jedis.BinaryJedis.set(BinaryJedis.java:211)
	at org.crazycake.shiro.BaseRedisManager.set(BaseRedisManager.java:77)
	at org.crazycake.shiro.RedisSessionDAO.saveSession(RedisSessionDAO.java:73)
	at org.crazycake.shiro.RedisSessionDAO.doCreate(RedisSessionDAO.java:124)
	at org.apache.shiro.session.mgt.eis.AbstractSessionDAO.create(AbstractSessionDAO.java:116)
	at org.apache.shiro.session.mgt.DefaultSessionManager.create(DefaultSessionManager.java:177)
	at org.apache.shiro.session.mgt.DefaultSessionManager.doCreateSession(DefaultSessionManager.java:158)
	at org.apache.shiro.session.mgt.AbstractValidatingSessionManager.createSession(AbstractValidatingSessionManager.java:136)
	at org.apache.shiro.session.mgt.AbstractNativeSessionManager.start(AbstractNativeSessionManager.java:99)
	at org.apache.shiro.mgt.SessionsSecurityManager.start(SessionsSecurityManager.java:152)
	at org.apache.shiro.subject.support.DelegatingSubject.getSession(DelegatingSubject.java:340)
	at org.apache.shiro.subject.support.DelegatingSubject.getSession(DelegatingSubject.java:316)
	at org.apache.shiro.web.util.WebUtils.saveRequest(WebUtils.java:607)
	at org.apache.shiro.web.filter.AccessControlFilter.saveRequest(AccessControlFilter.java:208)
	at org.apache.shiro.web.filter.AccessControlFilter.saveRequestAndRedirectToLogin(AccessControlFilter.java:191)
	at org.apache.shiro.web.filter.authc.FormAuthenticationFilter.onAccessDenied(FormAuthenticationFilter.java:168)
	at org.apache.shiro.web.filter.AccessControlFilter.onAccessDenied(AccessControlFilter.java:133)
	at org.apache.shiro.web.filter.AccessControlFilter.onPreHandle(AccessControlFilter.java:162)
	at org.apache.shiro.web.filter.PathMatchingFilter.isFilterChainContinued(PathMatchingFilter.java:203)
	at org.apache.shiro.web.filter.PathMatchingFilter.preHandle(PathMatchingFilter.java:178)
	at org.apache.shiro.web.servlet.AdviceFilter.doFilterInternal(AdviceFilter.java:131)
	at org.apache.shiro.web.servlet.OncePerRequestFilter.doFilter(OncePerRequestFilter.java:125)
	at org.apache.shiro.web.servlet.ProxiedFilterChain.doFilter(ProxiedFilterChain.java:66)
	at org.apache.shiro.web.servlet.AbstractShiroFilter.executeChain(AbstractShiroFilter.java:449)
	at org.apache.shiro.web.servlet.AbstractShiroFilter$1.call(AbstractShiroFilter.java:365)
	at org.apache.shiro.subject.support.SubjectCallable.doCall(SubjectCallable.java:90)
	at org.apache.shiro.subject.support.SubjectCallable.call(SubjectCallable.java:83)
	at org.apache.shiro.subject.support.DelegatingSubject.execute(DelegatingSubject.java:387)
	at org.apache.shiro.web.servlet.AbstractShiroFilter.doFilterInternal(AbstractShiroFilter.java:362)
	at org.apache.shiro.web.servlet.OncePerRequestFilter.doFilter(OncePerRequestFilter.java:125)
	at org.apache.catalina.core.ApplicationFilterChain.internalDoFilter(ApplicationFilterChain.java:193)
	at org.apache.catalina.core.ApplicationFilterChain.doFilter(ApplicationFilterChain.java:166)
	at org.springframework.web.filter.RequestContextFilter.doFilterInternal(RequestContextFilter.java:99)
	at org.springframework.web.filter.OncePerRequestFilter.doFilter(OncePerRequestFilter.java:107)
	at org.apache.catalina.core.ApplicationFilterChain.internalDoFilter(ApplicationFilterChain.java:193)
	at org.apache.catalina.core.ApplicationFilterChain.doFilter(ApplicationFilterChain.java:166)
	at org.springframework.web.filter.FormContentFilter.doFilterInternal(FormContentFilter.java:92)
	at org.springframework.web.filter.OncePerRequestFilter.doFilter(OncePerRequestFilter.java:107)
	at org.apache.catalina.core.ApplicationFilterChain.internalDoFilter(ApplicationFilterChain.java:193)
	at org.apache.catalina.core.ApplicationFilterChain.doFilter(ApplicationFilterChain.java:166)
	at org.springframework.web.filter.HiddenHttpMethodFilter.doFilterInternal(HiddenHttpMethodFilter.java:93)
	at org.springframework.web.filter.OncePerRequestFilter.doFilter(OncePerRequestFilter.java:107)
	at org.apache.catalina.core.ApplicationFilterChain.internalDoFilter(ApplicationFilterChain.java:193)
	at org.apache.catalina.core.ApplicationFilterChain.doFilter(ApplicationFilterChain.java:166)
	at org.springframework.web.filter.CharacterEncodingFilter.doFilterInternal(CharacterEncodingFilter.java:200)
	at org.springframework.web.filter.OncePerRequestFilter.doFilter(OncePerRequestFilter.java:107)
	at org.apache.catalina.core.ApplicationFilterChain.internalDoFilter(ApplicationFilterChain.java:193)
	at org.apache.catalina.core.ApplicationFilterChain.doFilter(ApplicationFilterChain.java:166)
	at org.apache.catalina.core.StandardWrapperValve.invoke(StandardWrapperValve.java:200)
	at org.apache.catalina.core.StandardContextValve.invoke(StandardContextValve.java:96)
	at org.apache.catalina.authenticator.AuthenticatorBase.invoke(AuthenticatorBase.java:490)
	at org.apache.catalina.core.StandardHostValve.invoke(StandardHostValve.java:139)
	at org.apache.catalina.valves.ErrorReportValve.invoke(ErrorReportValve.java:92)
	at org.apache.catalina.core.StandardEngineValve.invoke(StandardEngineValve.java:74)
	at org.apache.catalina.connector.CoyoteAdapter.service(CoyoteAdapter.java:343)
	at org.apache.coyote.http11.Http11Processor.service(Http11Processor.java:408)
	at org.apache.coyote.AbstractProcessorLight.process(AbstractProcessorLight.java:66)
	at org.apache.coyote.AbstractProtocol$ConnectionHandler.process(AbstractProtocol.java:834)
	at org.apache.tomcat.util.net.NioEndpoint$SocketProcessor.doRun(NioEndpoint.java:1415)
	at org.apache.tomcat.util.net.SocketProcessorBase.run(SocketProcessorBase.java:49)
	at java.util.concurrent.ThreadPoolExecutor.runWorker(ThreadPoolExecutor.java:1149)
	at java.util.concurrent.ThreadPoolExecutor$Worker.run(ThreadPoolExecutor.java:624)
	at org.apache.tomcat.util.threads.TaskThread$WrappingRunnable.run(TaskThread.java:61)
	at java.lang.Thread.run(Thread.java:748)
18:47:52.374 default [http-nio-5200-exec-8] ERROR o.a.c.c.C.[.[.[.[dispatcherServlet] - Servlet.service() for servlet [dispatcherServlet] in context with path [] threw exception [redis.clients.jedis.exceptions.JedisDataException: MISCONF Redis is configured to save RDB snapshots, but it is currently not able to persist on disk. Commands that may modify the data set are disabled, because this instance is configured to report errors during writes if RDB snapshotting fails (stop-writes-on-bgsave-error option). Please check the Redis logs for details about the RDB error.] with root cause
redis.clients.jedis.exceptions.JedisDataException: MISCONF Redis is configured to save RDB snapshots, but it is currently not able to persist on disk. Commands that may modify the data set are disabled, because this instance is configured to report errors during writes if RDB snapshotting fails (stop-writes-on-bgsave-error option). Please check the Redis logs for details about the RDB error.
	at redis.clients.jedis.Protocol.processError(Protocol.java:130)
	at redis.clients.jedis.Protocol.process(Protocol.java:164)
	at redis.clients.jedis.Protocol.read(Protocol.java:218)
	at redis.clients.jedis.Connection.readProtocolWithCheckingBroken(Connection.java:341)
	at redis.clients.jedis.Connection.getStatusCodeReply(Connection.java:240)
	at redis.clients.jedis.BinaryJedis.set(BinaryJedis.java:211)
	at org.crazycake.shiro.BaseRedisManager.set(BaseRedisManager.java:77)
	at org.crazycake.shiro.RedisSessionDAO.saveSession(RedisSessionDAO.java:73)
	at org.crazycake.shiro.RedisSessionDAO.doCreate(RedisSessionDAO.java:124)
	at org.apache.shiro.session.mgt.eis.AbstractSessionDAO.create(AbstractSessionDAO.java:116)
	at org.apache.shiro.session.mgt.DefaultSessionManager.create(DefaultSessionManager.java:177)
	at org.apache.shiro.session.mgt.DefaultSessionManager.doCreateSession(DefaultSessionManager.java:158)
	at org.apache.shiro.session.mgt.AbstractValidatingSessionManager.createSession(AbstractValidatingSessionManager.java:136)
	at org.apache.shiro.session.mgt.AbstractNativeSessionManager.start(AbstractNativeSessionManager.java:99)
	at org.apache.shiro.mgt.SessionsSecurityManager.start(SessionsSecurityManager.java:152)
	at org.apache.shiro.subject.support.DelegatingSubject.getSession(DelegatingSubject.java:340)
	at org.apache.shiro.subject.support.DelegatingSubject.getSession(DelegatingSubject.java:316)
	at org.apache.shiro.web.util.WebUtils.saveRequest(WebUtils.java:607)
	at org.apache.shiro.web.filter.AccessControlFilter.saveRequest(AccessControlFilter.java:208)
	at org.apache.shiro.web.filter.AccessControlFilter.saveRequestAndRedirectToLogin(AccessControlFilter.java:191)
	at org.apache.shiro.web.filter.authc.FormAuthenticationFilter.onAccessDenied(FormAuthenticationFilter.java:168)
	at org.apache.shiro.web.filter.AccessControlFilter.onAccessDenied(AccessControlFilter.java:133)
	at org.apache.shiro.web.filter.AccessControlFilter.onPreHandle(AccessControlFilter.java:162)
	at org.apache.shiro.web.filter.PathMatchingFilter.isFilterChainContinued(PathMatchingFilter.java:203)
	at org.apache.shiro.web.filter.PathMatchingFilter.preHandle(PathMatchingFilter.java:178)
	at org.apache.shiro.web.servlet.AdviceFilter.doFilterInternal(AdviceFilter.java:131)
	at org.apache.shiro.web.servlet.OncePerRequestFilter.doFilter(OncePerRequestFilter.java:125)
	at org.apache.shiro.web.servlet.ProxiedFilterChain.doFilter(ProxiedFilterChain.java:66)
	at org.apache.shiro.web.servlet.AbstractShiroFilter.executeChain(AbstractShiroFilter.java:449)
	at org.apache.shiro.web.servlet.AbstractShiroFilter$1.call(AbstractShiroFilter.java:365)
	at org.apache.shiro.subject.support.SubjectCallable.doCall(SubjectCallable.java:90)
	at org.apache.shiro.subject.support.SubjectCallable.call(SubjectCallable.java:83)
	at org.apache.shiro.subject.support.DelegatingSubject.execute(DelegatingSubject.java:387)
	at org.apache.shiro.web.servlet.AbstractShiroFilter.doFilterInternal(AbstractShiroFilter.java:362)
	at org.apache.shiro.web.servlet.OncePerRequestFilter.doFilter(OncePerRequestFilter.java:125)
	at org.apache.catalina.core.ApplicationFilterChain.internalDoFilter(ApplicationFilterChain.java:193)
	at org.apache.catalina.core.ApplicationFilterChain.doFilter(ApplicationFilterChain.java:166)
	at org.springframework.web.filter.RequestContextFilter.doFilterInternal(RequestContextFilter.java:99)
	at org.springframework.web.filter.OncePerRequestFilter.doFilter(OncePerRequestFilter.java:107)
	at org.apache.catalina.core.ApplicationFilterChain.internalDoFilter(ApplicationFilterChain.java:193)
	at org.apache.catalina.core.ApplicationFilterChain.doFilter(ApplicationFilterChain.java:166)
	at org.springframework.web.filter.FormContentFilter.doFilterInternal(FormContentFilter.java:92)
	at org.springframework.web.filter.OncePerRequestFilter.doFilter(OncePerRequestFilter.java:107)
	at org.apache.catalina.core.ApplicationFilterChain.internalDoFilter(ApplicationFilterChain.java:193)
	at org.apache.catalina.core.ApplicationFilterChain.doFilter(ApplicationFilterChain.java:166)
	at org.springframework.web.filter.HiddenHttpMethodFilter.doFilterInternal(HiddenHttpMethodFilter.java:93)
	at org.springframework.web.filter.OncePerRequestFilter.doFilter(OncePerRequestFilter.java:107)
	at org.apache.catalina.core.ApplicationFilterChain.internalDoFilter(ApplicationFilterChain.java:193)
	at org.apache.catalina.core.ApplicationFilterChain.doFilter(ApplicationFilterChain.java:166)
	at org.springframework.web.filter.CharacterEncodingFilter.doFilterInternal(CharacterEncodingFilter.java:200)
	at org.springframework.web.filter.OncePerRequestFilter.doFilter(OncePerRequestFilter.java:107)
	at org.apache.catalina.core.ApplicationFilterChain.internalDoFilter(ApplicationFilterChain.java:193)
	at org.apache.catalina.core.ApplicationFilterChain.doFilter(ApplicationFilterChain.java:166)
	at org.apache.catalina.core.StandardWrapperValve.invoke(StandardWrapperValve.java:200)
	at org.apache.catalina.core.StandardContextValve.invoke(StandardContextValve.java:96)
	at org.apache.catalina.authenticator.AuthenticatorBase.invoke(AuthenticatorBase.java:490)
	at org.apache.catalina.core.StandardHostValve.invoke(StandardHostValve.java:139)
	at org.apache.catalina.valves.ErrorReportValve.invoke(ErrorReportValve.java:92)
	at org.apache.catalina.core.StandardEngineValve.invoke(StandardEngineValve.java:74)
	at org.apache.catalina.connector.CoyoteAdapter.service(CoyoteAdapter.java:343)
	at org.apache.coyote.http11.Http11Processor.service(Http11Processor.java:408)
	at org.apache.coyote.AbstractProcessorLight.process(AbstractProcessorLight.java:66)
	at org.apache.coyote.AbstractProtocol$ConnectionHandler.process(AbstractProtocol.java:834)
	at org.apache.tomcat.util.net.NioEndpoint$SocketProcessor.doRun(NioEndpoint.java:1415)
	at org.apache.tomcat.util.net.SocketProcessorBase.run(SocketProcessorBase.java:49)
	at java.util.concurrent.ThreadPoolExecutor.runWorker(ThreadPoolExecutor.java:1149)
	at java.util.concurrent.ThreadPoolExecutor$Worker.run(ThreadPoolExecutor.java:624)
	at org.apache.tomcat.util.threads.TaskThread$WrappingRunnable.run(TaskThread.java:61)
	at java.lang.Thread.run(Thread.java:748)
18:47:55.170 default [http-nio-5200-exec-9] ERROR o.a.c.c.C.[.[.[.[dispatcherServlet] - Servlet.service() for servlet [dispatcherServlet] in context with path [] threw exception [redis.clients.jedis.exceptions.JedisDataException: MISCONF Redis is configured to save RDB snapshots, but it is currently not able to persist on disk. Commands that may modify the data set are disabled, because this instance is configured to report errors during writes if RDB snapshotting fails (stop-writes-on-bgsave-error option). Please check the Redis logs for details about the RDB error.] with root cause
redis.clients.jedis.exceptions.JedisDataException: MISCONF Redis is configured to save RDB snapshots, but it is currently not able to persist on disk. Commands that may modify the data set are disabled, because this instance is configured to report errors during writes if RDB snapshotting fails (stop-writes-on-bgsave-error option). Please check the Redis logs for details about the RDB error.
	at redis.clients.jedis.Protocol.processError(Protocol.java:130)
	at redis.clients.jedis.Protocol.process(Protocol.java:164)
	at redis.clients.jedis.Protocol.read(Protocol.java:218)
	at redis.clients.jedis.Connection.readProtocolWithCheckingBroken(Connection.java:341)
	at redis.clients.jedis.Connection.getStatusCodeReply(Connection.java:240)
	at redis.clients.jedis.BinaryJedis.set(BinaryJedis.java:211)
	at org.crazycake.shiro.BaseRedisManager.set(BaseRedisManager.java:77)
	at org.crazycake.shiro.RedisSessionDAO.saveSession(RedisSessionDAO.java:73)
	at org.crazycake.shiro.RedisSessionDAO.doCreate(RedisSessionDAO.java:124)
	at org.apache.shiro.session.mgt.eis.AbstractSessionDAO.create(AbstractSessionDAO.java:116)
	at org.apache.shiro.session.mgt.DefaultSessionManager.create(DefaultSessionManager.java:177)
	at org.apache.shiro.session.mgt.DefaultSessionManager.doCreateSession(DefaultSessionManager.java:158)
	at org.apache.shiro.session.mgt.AbstractValidatingSessionManager.createSession(AbstractValidatingSessionManager.java:136)
	at org.apache.shiro.session.mgt.AbstractNativeSessionManager.start(AbstractNativeSessionManager.java:99)
	at org.apache.shiro.mgt.SessionsSecurityManager.start(SessionsSecurityManager.java:152)
	at org.apache.shiro.subject.support.DelegatingSubject.getSession(DelegatingSubject.java:340)
	at org.apache.shiro.subject.support.DelegatingSubject.getSession(DelegatingSubject.java:316)
	at org.apache.shiro.web.util.WebUtils.saveRequest(WebUtils.java:607)
	at org.apache.shiro.web.filter.AccessControlFilter.saveRequest(AccessControlFilter.java:208)
	at org.apache.shiro.web.filter.AccessControlFilter.saveRequestAndRedirectToLogin(AccessControlFilter.java:191)
	at org.apache.shiro.web.filter.authc.FormAuthenticationFilter.onAccessDenied(FormAuthenticationFilter.java:168)
	at org.apache.shiro.web.filter.AccessControlFilter.onAccessDenied(AccessControlFilter.java:133)
	at org.apache.shiro.web.filter.AccessControlFilter.onPreHandle(AccessControlFilter.java:162)
	at org.apache.shiro.web.filter.PathMatchingFilter.isFilterChainContinued(PathMatchingFilter.java:203)
	at org.apache.shiro.web.filter.PathMatchingFilter.preHandle(PathMatchingFilter.java:178)
	at org.apache.shiro.web.servlet.AdviceFilter.doFilterInternal(AdviceFilter.java:131)
	at org.apache.shiro.web.servlet.OncePerRequestFilter.doFilter(OncePerRequestFilter.java:125)
	at org.apache.shiro.web.servlet.ProxiedFilterChain.doFilter(ProxiedFilterChain.java:66)
	at org.apache.shiro.web.servlet.AbstractShiroFilter.executeChain(AbstractShiroFilter.java:449)
	at org.apache.shiro.web.servlet.AbstractShiroFilter$1.call(AbstractShiroFilter.java:365)
	at org.apache.shiro.subject.support.SubjectCallable.doCall(SubjectCallable.java:90)
	at org.apache.shiro.subject.support.SubjectCallable.call(SubjectCallable.java:83)
	at org.apache.shiro.subject.support.DelegatingSubject.execute(DelegatingSubject.java:387)
	at org.apache.shiro.web.servlet.AbstractShiroFilter.doFilterInternal(AbstractShiroFilter.java:362)
	at org.apache.shiro.web.servlet.OncePerRequestFilter.doFilter(OncePerRequestFilter.java:125)
	at org.apache.catalina.core.ApplicationFilterChain.internalDoFilter(ApplicationFilterChain.java:193)
	at org.apache.catalina.core.ApplicationFilterChain.doFilter(ApplicationFilterChain.java:166)
	at org.springframework.web.filter.RequestContextFilter.doFilterInternal(RequestContextFilter.java:99)
	at org.springframework.web.filter.OncePerRequestFilter.doFilter(OncePerRequestFilter.java:107)
	at org.apache.catalina.core.ApplicationFilterChain.internalDoFilter(ApplicationFilterChain.java:193)
	at org.apache.catalina.core.ApplicationFilterChain.doFilter(ApplicationFilterChain.java:166)
	at org.springframework.web.filter.FormContentFilter.doFilterInternal(FormContentFilter.java:92)
	at org.springframework.web.filter.OncePerRequestFilter.doFilter(OncePerRequestFilter.java:107)
	at org.apache.catalina.core.ApplicationFilterChain.internalDoFilter(ApplicationFilterChain.java:193)
	at org.apache.catalina.core.ApplicationFilterChain.doFilter(ApplicationFilterChain.java:166)
	at org.springframework.web.filter.HiddenHttpMethodFilter.doFilterInternal(HiddenHttpMethodFilter.java:93)
	at org.springframework.web.filter.OncePerRequestFilter.doFilter(OncePerRequestFilter.java:107)
	at org.apache.catalina.core.ApplicationFilterChain.internalDoFilter(ApplicationFilterChain.java:193)
	at org.apache.catalina.core.ApplicationFilterChain.doFilter(ApplicationFilterChain.java:166)
	at org.springframework.web.filter.CharacterEncodingFilter.doFilterInternal(CharacterEncodingFilter.java:200)
	at org.springframework.web.filter.OncePerRequestFilter.doFilter(OncePerRequestFilter.java:107)
	at org.apache.catalina.core.ApplicationFilterChain.internalDoFilter(ApplicationFilterChain.java:193)
	at org.apache.catalina.core.ApplicationFilterChain.doFilter(ApplicationFilterChain.java:166)
	at org.apache.catalina.core.StandardWrapperValve.invoke(StandardWrapperValve.java:200)
	at org.apache.catalina.core.StandardContextValve.invoke(StandardContextValve.java:96)
	at org.apache.catalina.authenticator.AuthenticatorBase.invoke(AuthenticatorBase.java:490)
	at org.apache.catalina.core.StandardHostValve.invoke(StandardHostValve.java:139)
	at org.apache.catalina.valves.ErrorReportValve.invoke(ErrorReportValve.java:92)
	at org.apache.catalina.core.StandardEngineValve.invoke(StandardEngineValve.java:74)
	at org.apache.catalina.connector.CoyoteAdapter.service(CoyoteAdapter.java:343)
	at org.apache.coyote.http11.Http11Processor.service(Http11Processor.java:408)
	at org.apache.coyote.AbstractProcessorLight.process(AbstractProcessorLight.java:66)
	at org.apache.coyote.AbstractProtocol$ConnectionHandler.process(AbstractProtocol.java:834)
	at org.apache.tomcat.util.net.NioEndpoint$SocketProcessor.doRun(NioEndpoint.java:1415)
	at org.apache.tomcat.util.net.SocketProcessorBase.run(SocketProcessorBase.java:49)
	at java.util.concurrent.ThreadPoolExecutor.runWorker(ThreadPoolExecutor.java:1149)
	at java.util.concurrent.ThreadPoolExecutor$Worker.run(ThreadPoolExecutor.java:624)
	at org.apache.tomcat.util.threads.TaskThread$WrappingRunnable.run(TaskThread.java:61)
	at java.lang.Thread.run(Thread.java:748)
18:47:55.218 default [http-nio-5200-exec-10] ERROR o.a.c.c.C.[.[.[.[dispatcherServlet] - Servlet.service() for servlet [dispatcherServlet] in context with path [] threw exception [redis.clients.jedis.exceptions.JedisDataException: MISCONF Redis is configured to save RDB snapshots, but it is currently not able to persist on disk. Commands that may modify the data set are disabled, because this instance is configured to report errors during writes if RDB snapshotting fails (stop-writes-on-bgsave-error option). Please check the Redis logs for details about the RDB error.] with root cause
redis.clients.jedis.exceptions.JedisDataException: MISCONF Redis is configured to save RDB snapshots, but it is currently not able to persist on disk. Commands that may modify the data set are disabled, because this instance is configured to report errors during writes if RDB snapshotting fails (stop-writes-on-bgsave-error option). Please check the Redis logs for details about the RDB error.
	at redis.clients.jedis.Protocol.processError(Protocol.java:130)
	at redis.clients.jedis.Protocol.process(Protocol.java:164)
	at redis.clients.jedis.Protocol.read(Protocol.java:218)
	at redis.clients.jedis.Connection.readProtocolWithCheckingBroken(Connection.java:341)
	at redis.clients.jedis.Connection.getStatusCodeReply(Connection.java:240)
	at redis.clients.jedis.BinaryJedis.set(BinaryJedis.java:211)
	at org.crazycake.shiro.BaseRedisManager.set(BaseRedisManager.java:77)
	at org.crazycake.shiro.RedisSessionDAO.saveSession(RedisSessionDAO.java:73)
	at org.crazycake.shiro.RedisSessionDAO.doCreate(RedisSessionDAO.java:124)
	at org.apache.shiro.session.mgt.eis.AbstractSessionDAO.create(AbstractSessionDAO.java:116)
	at org.apache.shiro.session.mgt.DefaultSessionManager.create(DefaultSessionManager.java:177)
	at org.apache.shiro.session.mgt.DefaultSessionManager.doCreateSession(DefaultSessionManager.java:158)
	at org.apache.shiro.session.mgt.AbstractValidatingSessionManager.createSession(AbstractValidatingSessionManager.java:136)
	at org.apache.shiro.session.mgt.AbstractNativeSessionManager.start(AbstractNativeSessionManager.java:99)
	at org.apache.shiro.mgt.SessionsSecurityManager.start(SessionsSecurityManager.java:152)
	at org.apache.shiro.subject.support.DelegatingSubject.getSession(DelegatingSubject.java:340)
	at org.apache.shiro.subject.support.DelegatingSubject.getSession(DelegatingSubject.java:316)
	at org.apache.shiro.web.util.WebUtils.saveRequest(WebUtils.java:607)
	at org.apache.shiro.web.filter.AccessControlFilter.saveRequest(AccessControlFilter.java:208)
	at org.apache.shiro.web.filter.AccessControlFilter.saveRequestAndRedirectToLogin(AccessControlFilter.java:191)
	at org.apache.shiro.web.filter.authc.FormAuthenticationFilter.onAccessDenied(FormAuthenticationFilter.java:168)
	at org.apache.shiro.web.filter.AccessControlFilter.onAccessDenied(AccessControlFilter.java:133)
	at org.apache.shiro.web.filter.AccessControlFilter.onPreHandle(AccessControlFilter.java:162)
	at org.apache.shiro.web.filter.PathMatchingFilter.isFilterChainContinued(PathMatchingFilter.java:203)
	at org.apache.shiro.web.filter.PathMatchingFilter.preHandle(PathMatchingFilter.java:178)
	at org.apache.shiro.web.servlet.AdviceFilter.doFilterInternal(AdviceFilter.java:131)
	at org.apache.shiro.web.servlet.OncePerRequestFilter.doFilter(OncePerRequestFilter.java:125)
	at org.apache.shiro.web.servlet.ProxiedFilterChain.doFilter(ProxiedFilterChain.java:66)
	at org.apache.shiro.web.servlet.AbstractShiroFilter.executeChain(AbstractShiroFilter.java:449)
	at org.apache.shiro.web.servlet.AbstractShiroFilter$1.call(AbstractShiroFilter.java:365)
	at org.apache.shiro.subject.support.SubjectCallable.doCall(SubjectCallable.java:90)
	at org.apache.shiro.subject.support.SubjectCallable.call(SubjectCallable.java:83)
	at org.apache.shiro.subject.support.DelegatingSubject.execute(DelegatingSubject.java:387)
	at org.apache.shiro.web.servlet.AbstractShiroFilter.doFilterInternal(AbstractShiroFilter.java:362)
	at org.apache.shiro.web.servlet.OncePerRequestFilter.doFilter(OncePerRequestFilter.java:125)
	at org.apache.catalina.core.ApplicationFilterChain.internalDoFilter(ApplicationFilterChain.java:193)
	at org.apache.catalina.core.ApplicationFilterChain.doFilter(ApplicationFilterChain.java:166)
	at org.springframework.web.filter.RequestContextFilter.doFilterInternal(RequestContextFilter.java:99)
	at org.springframework.web.filter.OncePerRequestFilter.doFilter(OncePerRequestFilter.java:107)
	at org.apache.catalina.core.ApplicationFilterChain.internalDoFilter(ApplicationFilterChain.java:193)
	at org.apache.catalina.core.ApplicationFilterChain.doFilter(ApplicationFilterChain.java:166)
	at org.springframework.web.filter.FormContentFilter.doFilterInternal(FormContentFilter.java:92)
	at org.springframework.web.filter.OncePerRequestFilter.doFilter(OncePerRequestFilter.java:107)
	at org.apache.catalina.core.ApplicationFilterChain.internalDoFilter(ApplicationFilterChain.java:193)
	at org.apache.catalina.core.ApplicationFilterChain.doFilter(ApplicationFilterChain.java:166)
	at org.springframework.web.filter.HiddenHttpMethodFilter.doFilterInternal(HiddenHttpMethodFilter.java:93)
	at org.springframework.web.filter.OncePerRequestFilter.doFilter(OncePerRequestFilter.java:107)
	at org.apache.catalina.core.ApplicationFilterChain.internalDoFilter(ApplicationFilterChain.java:193)
	at org.apache.catalina.core.ApplicationFilterChain.doFilter(ApplicationFilterChain.java:166)
	at org.springframework.web.filter.CharacterEncodingFilter.doFilterInternal(CharacterEncodingFilter.java:200)
	at org.springframework.web.filter.OncePerRequestFilter.doFilter(OncePerRequestFilter.java:107)
	at org.apache.catalina.core.ApplicationFilterChain.internalDoFilter(ApplicationFilterChain.java:193)
	at org.apache.catalina.core.ApplicationFilterChain.doFilter(ApplicationFilterChain.java:166)
	at org.apache.catalina.core.StandardWrapperValve.invoke(StandardWrapperValve.java:200)
	at org.apache.catalina.core.StandardContextValve.invoke(StandardContextValve.java:96)
	at org.apache.catalina.authenticator.AuthenticatorBase.invoke(AuthenticatorBase.java:490)
	at org.apache.catalina.core.StandardHostValve.invoke(StandardHostValve.java:139)
	at org.apache.catalina.valves.ErrorReportValve.invoke(ErrorReportValve.java:92)
	at org.apache.catalina.core.StandardEngineValve.invoke(StandardEngineValve.java:74)
	at org.apache.catalina.connector.CoyoteAdapter.service(CoyoteAdapter.java:343)
	at org.apache.coyote.http11.Http11Processor.service(Http11Processor.java:408)
	at org.apache.coyote.AbstractProcessorLight.process(AbstractProcessorLight.java:66)
	at org.apache.coyote.AbstractProtocol$ConnectionHandler.process(AbstractProtocol.java:834)
	at org.apache.tomcat.util.net.NioEndpoint$SocketProcessor.doRun(NioEndpoint.java:1415)
	at org.apache.tomcat.util.net.SocketProcessorBase.run(SocketProcessorBase.java:49)
	at java.util.concurrent.ThreadPoolExecutor.runWorker(ThreadPoolExecutor.java:1149)
	at java.util.concurrent.ThreadPoolExecutor$Worker.run(ThreadPoolExecutor.java:624)
	at org.apache.tomcat.util.threads.TaskThread$WrappingRunnable.run(TaskThread.java:61)
	at java.lang.Thread.run(Thread.java:748)
18:49:06.827 default [http-nio-5200-exec-1] ERROR o.a.c.c.C.[.[.[.[dispatcherServlet] - Servlet.service() for servlet [dispatcherServlet] in context with path [] threw exception [redis.clients.jedis.exceptions.JedisDataException: MISCONF Redis is configured to save RDB snapshots, but it is currently not able to persist on disk. Commands that may modify the data set are disabled, because this instance is configured to report errors during writes if RDB snapshotting fails (stop-writes-on-bgsave-error option). Please check the Redis logs for details about the RDB error.] with root cause
redis.clients.jedis.exceptions.JedisDataException: MISCONF Redis is configured to save RDB snapshots, but it is currently not able to persist on disk. Commands that may modify the data set are disabled, because this instance is configured to report errors during writes if RDB snapshotting fails (stop-writes-on-bgsave-error option). Please check the Redis logs for details about the RDB error.
	at redis.clients.jedis.Protocol.processError(Protocol.java:130)
	at redis.clients.jedis.Protocol.process(Protocol.java:164)
	at redis.clients.jedis.Protocol.read(Protocol.java:218)
	at redis.clients.jedis.Connection.readProtocolWithCheckingBroken(Connection.java:341)
	at redis.clients.jedis.Connection.getStatusCodeReply(Connection.java:240)
	at redis.clients.jedis.BinaryJedis.set(BinaryJedis.java:211)
	at org.crazycake.shiro.BaseRedisManager.set(BaseRedisManager.java:77)
	at org.crazycake.shiro.RedisSessionDAO.saveSession(RedisSessionDAO.java:73)
	at org.crazycake.shiro.RedisSessionDAO.doCreate(RedisSessionDAO.java:124)
	at org.apache.shiro.session.mgt.eis.AbstractSessionDAO.create(AbstractSessionDAO.java:116)
	at org.apache.shiro.session.mgt.DefaultSessionManager.create(DefaultSessionManager.java:177)
	at org.apache.shiro.session.mgt.DefaultSessionManager.doCreateSession(DefaultSessionManager.java:158)
	at org.apache.shiro.session.mgt.AbstractValidatingSessionManager.createSession(AbstractValidatingSessionManager.java:136)
	at org.apache.shiro.session.mgt.AbstractNativeSessionManager.start(AbstractNativeSessionManager.java:99)
	at org.apache.shiro.mgt.SessionsSecurityManager.start(SessionsSecurityManager.java:152)
	at org.apache.shiro.subject.support.DelegatingSubject.getSession(DelegatingSubject.java:340)
	at org.apache.shiro.subject.support.DelegatingSubject.getSession(DelegatingSubject.java:316)
	at org.apache.shiro.web.util.WebUtils.saveRequest(WebUtils.java:607)
	at org.apache.shiro.web.filter.AccessControlFilter.saveRequest(AccessControlFilter.java:208)
	at org.apache.shiro.web.filter.AccessControlFilter.saveRequestAndRedirectToLogin(AccessControlFilter.java:191)
	at org.apache.shiro.web.filter.authc.FormAuthenticationFilter.onAccessDenied(FormAuthenticationFilter.java:168)
	at org.apache.shiro.web.filter.AccessControlFilter.onAccessDenied(AccessControlFilter.java:133)
	at org.apache.shiro.web.filter.AccessControlFilter.onPreHandle(AccessControlFilter.java:162)
	at org.apache.shiro.web.filter.PathMatchingFilter.isFilterChainContinued(PathMatchingFilter.java:203)
	at org.apache.shiro.web.filter.PathMatchingFilter.preHandle(PathMatchingFilter.java:178)
	at org.apache.shiro.web.servlet.AdviceFilter.doFilterInternal(AdviceFilter.java:131)
	at org.apache.shiro.web.servlet.OncePerRequestFilter.doFilter(OncePerRequestFilter.java:125)
	at org.apache.shiro.web.servlet.ProxiedFilterChain.doFilter(ProxiedFilterChain.java:66)
	at org.apache.shiro.web.servlet.AbstractShiroFilter.executeChain(AbstractShiroFilter.java:449)
	at org.apache.shiro.web.servlet.AbstractShiroFilter$1.call(AbstractShiroFilter.java:365)
	at org.apache.shiro.subject.support.SubjectCallable.doCall(SubjectCallable.java:90)
	at org.apache.shiro.subject.support.SubjectCallable.call(SubjectCallable.java:83)
	at org.apache.shiro.subject.support.DelegatingSubject.execute(DelegatingSubject.java:387)
	at org.apache.shiro.web.servlet.AbstractShiroFilter.doFilterInternal(AbstractShiroFilter.java:362)
	at org.apache.shiro.web.servlet.OncePerRequestFilter.doFilter(OncePerRequestFilter.java:125)
	at org.apache.catalina.core.ApplicationFilterChain.internalDoFilter(ApplicationFilterChain.java:193)
	at org.apache.catalina.core.ApplicationFilterChain.doFilter(ApplicationFilterChain.java:166)
	at org.springframework.web.filter.RequestContextFilter.doFilterInternal(RequestContextFilter.java:99)
	at org.springframework.web.filter.OncePerRequestFilter.doFilter(OncePerRequestFilter.java:107)
	at org.apache.catalina.core.ApplicationFilterChain.internalDoFilter(ApplicationFilterChain.java:193)
	at org.apache.catalina.core.ApplicationFilterChain.doFilter(ApplicationFilterChain.java:166)
	at org.springframework.web.filter.FormContentFilter.doFilterInternal(FormContentFilter.java:92)
	at org.springframework.web.filter.OncePerRequestFilter.doFilter(OncePerRequestFilter.java:107)
	at org.apache.catalina.core.ApplicationFilterChain.internalDoFilter(ApplicationFilterChain.java:193)
	at org.apache.catalina.core.ApplicationFilterChain.doFilter(ApplicationFilterChain.java:166)
	at org.springframework.web.filter.HiddenHttpMethodFilter.doFilterInternal(HiddenHttpMethodFilter.java:93)
	at org.springframework.web.filter.OncePerRequestFilter.doFilter(OncePerRequestFilter.java:107)
	at org.apache.catalina.core.ApplicationFilterChain.internalDoFilter(ApplicationFilterChain.java:193)
	at org.apache.catalina.core.ApplicationFilterChain.doFilter(ApplicationFilterChain.java:166)
	at org.springframework.web.filter.CharacterEncodingFilter.doFilterInternal(CharacterEncodingFilter.java:200)
	at org.springframework.web.filter.OncePerRequestFilter.doFilter(OncePerRequestFilter.java:107)
	at org.apache.catalina.core.ApplicationFilterChain.internalDoFilter(ApplicationFilterChain.java:193)
	at org.apache.catalina.core.ApplicationFilterChain.doFilter(ApplicationFilterChain.java:166)
	at org.apache.catalina.core.StandardWrapperValve.invoke(StandardWrapperValve.java:200)
	at org.apache.catalina.core.StandardContextValve.invoke(StandardContextValve.java:96)
	at org.apache.catalina.authenticator.AuthenticatorBase.invoke(AuthenticatorBase.java:490)
	at org.apache.catalina.core.StandardHostValve.invoke(StandardHostValve.java:139)
	at org.apache.catalina.valves.ErrorReportValve.invoke(ErrorReportValve.java:92)
	at org.apache.catalina.core.StandardEngineValve.invoke(StandardEngineValve.java:74)
	at org.apache.catalina.connector.CoyoteAdapter.service(CoyoteAdapter.java:343)
	at org.apache.coyote.http11.Http11Processor.service(Http11Processor.java:408)
	at org.apache.coyote.AbstractProcessorLight.process(AbstractProcessorLight.java:66)
	at org.apache.coyote.AbstractProtocol$ConnectionHandler.process(AbstractProtocol.java:834)
	at org.apache.tomcat.util.net.NioEndpoint$SocketProcessor.doRun(NioEndpoint.java:1415)
	at org.apache.tomcat.util.net.SocketProcessorBase.run(SocketProcessorBase.java:49)
	at java.util.concurrent.ThreadPoolExecutor.runWorker(ThreadPoolExecutor.java:1149)
	at java.util.concurrent.ThreadPoolExecutor$Worker.run(ThreadPoolExecutor.java:624)
	at org.apache.tomcat.util.threads.TaskThread$WrappingRunnable.run(TaskThread.java:61)
	at java.lang.Thread.run(Thread.java:748)
18:49:07.069 default [http-nio-5200-exec-2] ERROR o.a.c.c.C.[.[.[.[dispatcherServlet] - Servlet.service() for servlet [dispatcherServlet] in context with path [] threw exception [redis.clients.jedis.exceptions.JedisDataException: MISCONF Redis is configured to save RDB snapshots, but it is currently not able to persist on disk. Commands that may modify the data set are disabled, because this instance is configured to report errors during writes if RDB snapshotting fails (stop-writes-on-bgsave-error option). Please check the Redis logs for details about the RDB error.] with root cause
redis.clients.jedis.exceptions.JedisDataException: MISCONF Redis is configured to save RDB snapshots, but it is currently not able to persist on disk. Commands that may modify the data set are disabled, because this instance is configured to report errors during writes if RDB snapshotting fails (stop-writes-on-bgsave-error option). Please check the Redis logs for details about the RDB error.
	at redis.clients.jedis.Protocol.processError(Protocol.java:130)
	at redis.clients.jedis.Protocol.process(Protocol.java:164)
	at redis.clients.jedis.Protocol.read(Protocol.java:218)
	at redis.clients.jedis.Connection.readProtocolWithCheckingBroken(Connection.java:341)
	at redis.clients.jedis.Connection.getStatusCodeReply(Connection.java:240)
	at redis.clients.jedis.BinaryJedis.set(BinaryJedis.java:211)
	at org.crazycake.shiro.BaseRedisManager.set(BaseRedisManager.java:77)
	at org.crazycake.shiro.RedisSessionDAO.saveSession(RedisSessionDAO.java:73)
	at org.crazycake.shiro.RedisSessionDAO.doCreate(RedisSessionDAO.java:124)
	at org.apache.shiro.session.mgt.eis.AbstractSessionDAO.create(AbstractSessionDAO.java:116)
	at org.apache.shiro.session.mgt.DefaultSessionManager.create(DefaultSessionManager.java:177)
	at org.apache.shiro.session.mgt.DefaultSessionManager.doCreateSession(DefaultSessionManager.java:158)
	at org.apache.shiro.session.mgt.AbstractValidatingSessionManager.createSession(AbstractValidatingSessionManager.java:136)
	at org.apache.shiro.session.mgt.AbstractNativeSessionManager.start(AbstractNativeSessionManager.java:99)
	at org.apache.shiro.mgt.SessionsSecurityManager.start(SessionsSecurityManager.java:152)
	at org.apache.shiro.subject.support.DelegatingSubject.getSession(DelegatingSubject.java:340)
	at org.apache.shiro.subject.support.DelegatingSubject.getSession(DelegatingSubject.java:316)
	at org.apache.shiro.web.util.WebUtils.saveRequest(WebUtils.java:607)
	at org.apache.shiro.web.filter.AccessControlFilter.saveRequest(AccessControlFilter.java:208)
	at org.apache.shiro.web.filter.AccessControlFilter.saveRequestAndRedirectToLogin(AccessControlFilter.java:191)
	at org.apache.shiro.web.filter.authc.FormAuthenticationFilter.onAccessDenied(FormAuthenticationFilter.java:168)
	at org.apache.shiro.web.filter.AccessControlFilter.onAccessDenied(AccessControlFilter.java:133)
	at org.apache.shiro.web.filter.AccessControlFilter.onPreHandle(AccessControlFilter.java:162)
	at org.apache.shiro.web.filter.PathMatchingFilter.isFilterChainContinued(PathMatchingFilter.java:203)
	at org.apache.shiro.web.filter.PathMatchingFilter.preHandle(PathMatchingFilter.java:178)
	at org.apache.shiro.web.servlet.AdviceFilter.doFilterInternal(AdviceFilter.java:131)
	at org.apache.shiro.web.servlet.OncePerRequestFilter.doFilter(OncePerRequestFilter.java:125)
	at org.apache.shiro.web.servlet.ProxiedFilterChain.doFilter(ProxiedFilterChain.java:66)
	at org.apache.shiro.web.servlet.AbstractShiroFilter.executeChain(AbstractShiroFilter.java:449)
	at org.apache.shiro.web.servlet.AbstractShiroFilter$1.call(AbstractShiroFilter.java:365)
	at org.apache.shiro.subject.support.SubjectCallable.doCall(SubjectCallable.java:90)
	at org.apache.shiro.subject.support.SubjectCallable.call(SubjectCallable.java:83)
	at org.apache.shiro.subject.support.DelegatingSubject.execute(DelegatingSubject.java:387)
	at org.apache.shiro.web.servlet.AbstractShiroFilter.doFilterInternal(AbstractShiroFilter.java:362)
	at org.apache.shiro.web.servlet.OncePerRequestFilter.doFilter(OncePerRequestFilter.java:125)
	at org.apache.catalina.core.ApplicationFilterChain.internalDoFilter(ApplicationFilterChain.java:193)
	at org.apache.catalina.core.ApplicationFilterChain.doFilter(ApplicationFilterChain.java:166)
	at org.springframework.web.filter.RequestContextFilter.doFilterInternal(RequestContextFilter.java:99)
	at org.springframework.web.filter.OncePerRequestFilter.doFilter(OncePerRequestFilter.java:107)
	at org.apache.catalina.core.ApplicationFilterChain.internalDoFilter(ApplicationFilterChain.java:193)
	at org.apache.catalina.core.ApplicationFilterChain.doFilter(ApplicationFilterChain.java:166)
	at org.springframework.web.filter.FormContentFilter.doFilterInternal(FormContentFilter.java:92)
	at org.springframework.web.filter.OncePerRequestFilter.doFilter(OncePerRequestFilter.java:107)
	at org.apache.catalina.core.ApplicationFilterChain.internalDoFilter(ApplicationFilterChain.java:193)
	at org.apache.catalina.core.ApplicationFilterChain.doFilter(ApplicationFilterChain.java:166)
	at org.springframework.web.filter.HiddenHttpMethodFilter.doFilterInternal(HiddenHttpMethodFilter.java:93)
	at org.springframework.web.filter.OncePerRequestFilter.doFilter(OncePerRequestFilter.java:107)
	at org.apache.catalina.core.ApplicationFilterChain.internalDoFilter(ApplicationFilterChain.java:193)
	at org.apache.catalina.core.ApplicationFilterChain.doFilter(ApplicationFilterChain.java:166)
	at org.springframework.web.filter.CharacterEncodingFilter.doFilterInternal(CharacterEncodingFilter.java:200)
	at org.springframework.web.filter.OncePerRequestFilter.doFilter(OncePerRequestFilter.java:107)
	at org.apache.catalina.core.ApplicationFilterChain.internalDoFilter(ApplicationFilterChain.java:193)
	at org.apache.catalina.core.ApplicationFilterChain.doFilter(ApplicationFilterChain.java:166)
	at org.apache.catalina.core.StandardWrapperValve.invoke(StandardWrapperValve.java:200)
	at org.apache.catalina.core.StandardContextValve.invoke(StandardContextValve.java:96)
	at org.apache.catalina.authenticator.AuthenticatorBase.invoke(AuthenticatorBase.java:490)
	at org.apache.catalina.core.StandardHostValve.invoke(StandardHostValve.java:139)
	at org.apache.catalina.valves.ErrorReportValve.invoke(ErrorReportValve.java:92)
	at org.apache.catalina.core.StandardEngineValve.invoke(StandardEngineValve.java:74)
	at org.apache.catalina.connector.CoyoteAdapter.service(CoyoteAdapter.java:343)
	at org.apache.coyote.http11.Http11Processor.service(Http11Processor.java:408)
	at org.apache.coyote.AbstractProcessorLight.process(AbstractProcessorLight.java:66)
	at org.apache.coyote.AbstractProtocol$ConnectionHandler.process(AbstractProtocol.java:834)
	at org.apache.tomcat.util.net.NioEndpoint$SocketProcessor.doRun(NioEndpoint.java:1415)
	at org.apache.tomcat.util.net.SocketProcessorBase.run(SocketProcessorBase.java:49)
	at java.util.concurrent.ThreadPoolExecutor.runWorker(ThreadPoolExecutor.java:1149)
	at java.util.concurrent.ThreadPoolExecutor$Worker.run(ThreadPoolExecutor.java:624)
	at org.apache.tomcat.util.threads.TaskThread$WrappingRunnable.run(TaskThread.java:61)
	at java.lang.Thread.run(Thread.java:748)
21:35:58.370 default [http-nio-5200-exec-6] ERROR o.a.c.c.C.[.[.[.[dispatcherServlet] - Servlet.service() for servlet [dispatcherServlet] in context with path [] threw exception [redis.clients.jedis.exceptions.JedisDataException: MISCONF Redis is configured to save RDB snapshots, but it is currently not able to persist on disk. Commands that may modify the data set are disabled, because this instance is configured to report errors during writes if RDB snapshotting fails (stop-writes-on-bgsave-error option). Please check the Redis logs for details about the RDB error.] with root cause
redis.clients.jedis.exceptions.JedisDataException: MISCONF Redis is configured to save RDB snapshots, but it is currently not able to persist on disk. Commands that may modify the data set are disabled, because this instance is configured to report errors during writes if RDB snapshotting fails (stop-writes-on-bgsave-error option). Please check the Redis logs for details about the RDB error.
	at redis.clients.jedis.Protocol.processError(Protocol.java:130)
	at redis.clients.jedis.Protocol.process(Protocol.java:164)
	at redis.clients.jedis.Protocol.read(Protocol.java:218)
	at redis.clients.jedis.Connection.readProtocolWithCheckingBroken(Connection.java:341)
	at redis.clients.jedis.Connection.getStatusCodeReply(Connection.java:240)
	at redis.clients.jedis.BinaryJedis.set(BinaryJedis.java:211)
	at org.crazycake.shiro.BaseRedisManager.set(BaseRedisManager.java:77)
	at org.crazycake.shiro.RedisSessionDAO.saveSession(RedisSessionDAO.java:73)
	at org.crazycake.shiro.RedisSessionDAO.doCreate(RedisSessionDAO.java:124)
	at org.apache.shiro.session.mgt.eis.AbstractSessionDAO.create(AbstractSessionDAO.java:116)
	at org.apache.shiro.session.mgt.DefaultSessionManager.create(DefaultSessionManager.java:177)
	at org.apache.shiro.session.mgt.DefaultSessionManager.doCreateSession(DefaultSessionManager.java:158)
	at org.apache.shiro.session.mgt.AbstractValidatingSessionManager.createSession(AbstractValidatingSessionManager.java:136)
	at org.apache.shiro.session.mgt.AbstractNativeSessionManager.start(AbstractNativeSessionManager.java:99)
	at org.apache.shiro.mgt.SessionsSecurityManager.start(SessionsSecurityManager.java:152)
	at org.apache.shiro.subject.support.DelegatingSubject.getSession(DelegatingSubject.java:340)
	at org.apache.shiro.subject.support.DelegatingSubject.getSession(DelegatingSubject.java:316)
	at org.apache.shiro.web.util.WebUtils.saveRequest(WebUtils.java:607)
	at org.apache.shiro.web.filter.AccessControlFilter.saveRequest(AccessControlFilter.java:208)
	at org.apache.shiro.web.filter.AccessControlFilter.saveRequestAndRedirectToLogin(AccessControlFilter.java:191)
	at org.apache.shiro.web.filter.authc.FormAuthenticationFilter.onAccessDenied(FormAuthenticationFilter.java:168)
	at org.apache.shiro.web.filter.AccessControlFilter.onAccessDenied(AccessControlFilter.java:133)
	at org.apache.shiro.web.filter.AccessControlFilter.onPreHandle(AccessControlFilter.java:162)
	at org.apache.shiro.web.filter.PathMatchingFilter.isFilterChainContinued(PathMatchingFilter.java:203)
	at org.apache.shiro.web.filter.PathMatchingFilter.preHandle(PathMatchingFilter.java:178)
	at org.apache.shiro.web.servlet.AdviceFilter.doFilterInternal(AdviceFilter.java:131)
	at org.apache.shiro.web.servlet.OncePerRequestFilter.doFilter(OncePerRequestFilter.java:125)
	at org.apache.shiro.web.servlet.ProxiedFilterChain.doFilter(ProxiedFilterChain.java:66)
	at org.apache.shiro.web.servlet.AbstractShiroFilter.executeChain(AbstractShiroFilter.java:449)
	at org.apache.shiro.web.servlet.AbstractShiroFilter$1.call(AbstractShiroFilter.java:365)
	at org.apache.shiro.subject.support.SubjectCallable.doCall(SubjectCallable.java:90)
	at org.apache.shiro.subject.support.SubjectCallable.call(SubjectCallable.java:83)
	at org.apache.shiro.subject.support.DelegatingSubject.execute(DelegatingSubject.java:387)
	at org.apache.shiro.web.servlet.AbstractShiroFilter.doFilterInternal(AbstractShiroFilter.java:362)
	at org.apache.shiro.web.servlet.OncePerRequestFilter.doFilter(OncePerRequestFilter.java:125)
	at org.apache.catalina.core.ApplicationFilterChain.internalDoFilter(ApplicationFilterChain.java:193)
	at org.apache.catalina.core.ApplicationFilterChain.doFilter(ApplicationFilterChain.java:166)
	at org.springframework.web.filter.RequestContextFilter.doFilterInternal(RequestContextFilter.java:99)
	at org.springframework.web.filter.OncePerRequestFilter.doFilter(OncePerRequestFilter.java:107)
	at org.apache.catalina.core.ApplicationFilterChain.internalDoFilter(ApplicationFilterChain.java:193)
	at org.apache.catalina.core.ApplicationFilterChain.doFilter(ApplicationFilterChain.java:166)
	at org.springframework.web.filter.FormContentFilter.doFilterInternal(FormContentFilter.java:92)
	at org.springframework.web.filter.OncePerRequestFilter.doFilter(OncePerRequestFilter.java:107)
	at org.apache.catalina.core.ApplicationFilterChain.internalDoFilter(ApplicationFilterChain.java:193)
	at org.apache.catalina.core.ApplicationFilterChain.doFilter(ApplicationFilterChain.java:166)
	at org.springframework.web.filter.HiddenHttpMethodFilter.doFilterInternal(HiddenHttpMethodFilter.java:93)
	at org.springframework.web.filter.OncePerRequestFilter.doFilter(OncePerRequestFilter.java:107)
	at org.apache.catalina.core.ApplicationFilterChain.internalDoFilter(ApplicationFilterChain.java:193)
	at org.apache.catalina.core.ApplicationFilterChain.doFilter(ApplicationFilterChain.java:166)
	at org.springframework.web.filter.CharacterEncodingFilter.doFilterInternal(CharacterEncodingFilter.java:200)
	at org.springframework.web.filter.OncePerRequestFilter.doFilter(OncePerRequestFilter.java:107)
	at org.apache.catalina.core.ApplicationFilterChain.internalDoFilter(ApplicationFilterChain.java:193)
	at org.apache.catalina.core.ApplicationFilterChain.doFilter(ApplicationFilterChain.java:166)
	at org.apache.catalina.core.StandardWrapperValve.invoke(StandardWrapperValve.java:200)
	at org.apache.catalina.core.StandardContextValve.invoke(StandardContextValve.java:96)
	at org.apache.catalina.authenticator.AuthenticatorBase.invoke(AuthenticatorBase.java:490)
	at org.apache.catalina.core.StandardHostValve.invoke(StandardHostValve.java:139)
	at org.apache.catalina.valves.ErrorReportValve.invoke(ErrorReportValve.java:92)
	at org.apache.catalina.core.StandardEngineValve.invoke(StandardEngineValve.java:74)
	at org.apache.catalina.connector.CoyoteAdapter.service(CoyoteAdapter.java:343)
	at org.apache.coyote.http11.Http11Processor.service(Http11Processor.java:408)
	at org.apache.coyote.AbstractProcessorLight.process(AbstractProcessorLight.java:66)
	at org.apache.coyote.AbstractProtocol$ConnectionHandler.process(AbstractProtocol.java:834)
	at org.apache.tomcat.util.net.NioEndpoint$SocketProcessor.doRun(NioEndpoint.java:1415)
	at org.apache.tomcat.util.net.SocketProcessorBase.run(SocketProcessorBase.java:49)
	at java.util.concurrent.ThreadPoolExecutor.runWorker(ThreadPoolExecutor.java:1149)
	at java.util.concurrent.ThreadPoolExecutor$Worker.run(ThreadPoolExecutor.java:624)
	at org.apache.tomcat.util.threads.TaskThread$WrappingRunnable.run(TaskThread.java:61)
	at java.lang.Thread.run(Thread.java:748)
21:36:01.512 default [http-nio-5200-exec-1] ERROR o.a.c.c.C.[.[.[.[dispatcherServlet] - Servlet.service() for servlet [dispatcherServlet] in context with path [] threw exception [redis.clients.jedis.exceptions.JedisDataException: MISCONF Redis is configured to save RDB snapshots, but it is currently not able to persist on disk. Commands that may modify the data set are disabled, because this instance is configured to report errors during writes if RDB snapshotting fails (stop-writes-on-bgsave-error option). Please check the Redis logs for details about the RDB error.] with root cause
redis.clients.jedis.exceptions.JedisDataException: MISCONF Redis is configured to save RDB snapshots, but it is currently not able to persist on disk. Commands that may modify the data set are disabled, because this instance is configured to report errors during writes if RDB snapshotting fails (stop-writes-on-bgsave-error option). Please check the Redis logs for details about the RDB error.
	at redis.clients.jedis.Protocol.processError(Protocol.java:130)
	at redis.clients.jedis.Protocol.process(Protocol.java:164)
	at redis.clients.jedis.Protocol.read(Protocol.java:218)
	at redis.clients.jedis.Connection.readProtocolWithCheckingBroken(Connection.java:341)
	at redis.clients.jedis.Connection.getStatusCodeReply(Connection.java:240)
	at redis.clients.jedis.BinaryJedis.set(BinaryJedis.java:211)
	at org.crazycake.shiro.BaseRedisManager.set(BaseRedisManager.java:77)
	at org.crazycake.shiro.RedisSessionDAO.saveSession(RedisSessionDAO.java:73)
	at org.crazycake.shiro.RedisSessionDAO.doCreate(RedisSessionDAO.java:124)
	at org.apache.shiro.session.mgt.eis.AbstractSessionDAO.create(AbstractSessionDAO.java:116)
	at org.apache.shiro.session.mgt.DefaultSessionManager.create(DefaultSessionManager.java:177)
	at org.apache.shiro.session.mgt.DefaultSessionManager.doCreateSession(DefaultSessionManager.java:158)
	at org.apache.shiro.session.mgt.AbstractValidatingSessionManager.createSession(AbstractValidatingSessionManager.java:136)
	at org.apache.shiro.session.mgt.AbstractNativeSessionManager.start(AbstractNativeSessionManager.java:99)
	at org.apache.shiro.mgt.SessionsSecurityManager.start(SessionsSecurityManager.java:152)
	at org.apache.shiro.subject.support.DelegatingSubject.getSession(DelegatingSubject.java:340)
	at org.apache.shiro.subject.support.DelegatingSubject.getSession(DelegatingSubject.java:316)
	at org.apache.shiro.web.util.WebUtils.saveRequest(WebUtils.java:607)
	at org.apache.shiro.web.filter.AccessControlFilter.saveRequest(AccessControlFilter.java:208)
	at org.apache.shiro.web.filter.AccessControlFilter.saveRequestAndRedirectToLogin(AccessControlFilter.java:191)
	at org.apache.shiro.web.filter.authc.FormAuthenticationFilter.onAccessDenied(FormAuthenticationFilter.java:168)
	at org.apache.shiro.web.filter.AccessControlFilter.onAccessDenied(AccessControlFilter.java:133)
	at org.apache.shiro.web.filter.AccessControlFilter.onPreHandle(AccessControlFilter.java:162)
	at org.apache.shiro.web.filter.PathMatchingFilter.isFilterChainContinued(PathMatchingFilter.java:203)
	at org.apache.shiro.web.filter.PathMatchingFilter.preHandle(PathMatchingFilter.java:178)
	at org.apache.shiro.web.servlet.AdviceFilter.doFilterInternal(AdviceFilter.java:131)
	at org.apache.shiro.web.servlet.OncePerRequestFilter.doFilter(OncePerRequestFilter.java:125)
	at org.apache.shiro.web.servlet.ProxiedFilterChain.doFilter(ProxiedFilterChain.java:66)
	at org.apache.shiro.web.servlet.AbstractShiroFilter.executeChain(AbstractShiroFilter.java:449)
	at org.apache.shiro.web.servlet.AbstractShiroFilter$1.call(AbstractShiroFilter.java:365)
	at org.apache.shiro.subject.support.SubjectCallable.doCall(SubjectCallable.java:90)
	at org.apache.shiro.subject.support.SubjectCallable.call(SubjectCallable.java:83)
	at org.apache.shiro.subject.support.DelegatingSubject.execute(DelegatingSubject.java:387)
	at org.apache.shiro.web.servlet.AbstractShiroFilter.doFilterInternal(AbstractShiroFilter.java:362)
	at org.apache.shiro.web.servlet.OncePerRequestFilter.doFilter(OncePerRequestFilter.java:125)
	at org.apache.catalina.core.ApplicationFilterChain.internalDoFilter(ApplicationFilterChain.java:193)
	at org.apache.catalina.core.ApplicationFilterChain.doFilter(ApplicationFilterChain.java:166)
	at org.springframework.web.filter.RequestContextFilter.doFilterInternal(RequestContextFilter.java:99)
	at org.springframework.web.filter.OncePerRequestFilter.doFilter(OncePerRequestFilter.java:107)
	at org.apache.catalina.core.ApplicationFilterChain.internalDoFilter(ApplicationFilterChain.java:193)
	at org.apache.catalina.core.ApplicationFilterChain.doFilter(ApplicationFilterChain.java:166)
	at org.springframework.web.filter.FormContentFilter.doFilterInternal(FormContentFilter.java:92)
	at org.springframework.web.filter.OncePerRequestFilter.doFilter(OncePerRequestFilter.java:107)
	at org.apache.catalina.core.ApplicationFilterChain.internalDoFilter(ApplicationFilterChain.java:193)
	at org.apache.catalina.core.ApplicationFilterChain.doFilter(ApplicationFilterChain.java:166)
	at org.springframework.web.filter.HiddenHttpMethodFilter.doFilterInternal(HiddenHttpMethodFilter.java:93)
	at org.springframework.web.filter.OncePerRequestFilter.doFilter(OncePerRequestFilter.java:107)
	at org.apache.catalina.core.ApplicationFilterChain.internalDoFilter(ApplicationFilterChain.java:193)
	at org.apache.catalina.core.ApplicationFilterChain.doFilter(ApplicationFilterChain.java:166)
	at org.springframework.web.filter.CharacterEncodingFilter.doFilterInternal(CharacterEncodingFilter.java:200)
	at org.springframework.web.filter.OncePerRequestFilter.doFilter(OncePerRequestFilter.java:107)
	at org.apache.catalina.core.ApplicationFilterChain.internalDoFilter(ApplicationFilterChain.java:193)
	at org.apache.catalina.core.ApplicationFilterChain.doFilter(ApplicationFilterChain.java:166)
	at org.apache.catalina.core.StandardWrapperValve.invoke(StandardWrapperValve.java:200)
	at org.apache.catalina.core.StandardContextValve.invoke(StandardContextValve.java:96)
	at org.apache.catalina.authenticator.AuthenticatorBase.invoke(AuthenticatorBase.java:490)
	at org.apache.catalina.core.StandardHostValve.invoke(StandardHostValve.java:139)
	at org.apache.catalina.valves.ErrorReportValve.invoke(ErrorReportValve.java:92)
	at org.apache.catalina.core.StandardEngineValve.invoke(StandardEngineValve.java:74)
	at org.apache.catalina.connector.CoyoteAdapter.service(CoyoteAdapter.java:343)
	at org.apache.coyote.http11.Http11Processor.service(Http11Processor.java:408)
	at org.apache.coyote.AbstractProcessorLight.process(AbstractProcessorLight.java:66)
	at org.apache.coyote.AbstractProtocol$ConnectionHandler.process(AbstractProtocol.java:834)
	at org.apache.tomcat.util.net.NioEndpoint$SocketProcessor.doRun(NioEndpoint.java:1415)
	at org.apache.tomcat.util.net.SocketProcessorBase.run(SocketProcessorBase.java:49)
	at java.util.concurrent.ThreadPoolExecutor.runWorker(ThreadPoolExecutor.java:1149)
	at java.util.concurrent.ThreadPoolExecutor$Worker.run(ThreadPoolExecutor.java:624)
	at org.apache.tomcat.util.threads.TaskThread$WrappingRunnable.run(TaskThread.java:61)
	at java.lang.Thread.run(Thread.java:748)
21:36:31.981 default [http-nio-5200-exec-9] ERROR o.a.c.c.C.[.[.[.[dispatcherServlet] - Servlet.service() for servlet [dispatcherServlet] in context with path [] threw exception [redis.clients.jedis.exceptions.JedisDataException: MISCONF Redis is configured to save RDB snapshots, but it is currently not able to persist on disk. Commands that may modify the data set are disabled, because this instance is configured to report errors during writes if RDB snapshotting fails (stop-writes-on-bgsave-error option). Please check the Redis logs for details about the RDB error.] with root cause
redis.clients.jedis.exceptions.JedisDataException: MISCONF Redis is configured to save RDB snapshots, but it is currently not able to persist on disk. Commands that may modify the data set are disabled, because this instance is configured to report errors during writes if RDB snapshotting fails (stop-writes-on-bgsave-error option). Please check the Redis logs for details about the RDB error.
	at redis.clients.jedis.Protocol.processError(Protocol.java:130)
	at redis.clients.jedis.Protocol.process(Protocol.java:164)
	at redis.clients.jedis.Protocol.read(Protocol.java:218)
	at redis.clients.jedis.Connection.readProtocolWithCheckingBroken(Connection.java:341)
	at redis.clients.jedis.Connection.getStatusCodeReply(Connection.java:240)
	at redis.clients.jedis.BinaryJedis.set(BinaryJedis.java:211)
	at org.crazycake.shiro.BaseRedisManager.set(BaseRedisManager.java:77)
	at org.crazycake.shiro.RedisSessionDAO.saveSession(RedisSessionDAO.java:73)
	at org.crazycake.shiro.RedisSessionDAO.doCreate(RedisSessionDAO.java:124)
	at org.apache.shiro.session.mgt.eis.AbstractSessionDAO.create(AbstractSessionDAO.java:116)
	at org.apache.shiro.session.mgt.DefaultSessionManager.create(DefaultSessionManager.java:177)
	at org.apache.shiro.session.mgt.DefaultSessionManager.doCreateSession(DefaultSessionManager.java:158)
	at org.apache.shiro.session.mgt.AbstractValidatingSessionManager.createSession(AbstractValidatingSessionManager.java:136)
	at org.apache.shiro.session.mgt.AbstractNativeSessionManager.start(AbstractNativeSessionManager.java:99)
	at org.apache.shiro.mgt.SessionsSecurityManager.start(SessionsSecurityManager.java:152)
	at org.apache.shiro.subject.support.DelegatingSubject.getSession(DelegatingSubject.java:340)
	at org.apache.shiro.subject.support.DelegatingSubject.getSession(DelegatingSubject.java:316)
	at org.apache.shiro.web.util.WebUtils.saveRequest(WebUtils.java:607)
	at org.apache.shiro.web.filter.AccessControlFilter.saveRequest(AccessControlFilter.java:208)
	at org.apache.shiro.web.filter.AccessControlFilter.saveRequestAndRedirectToLogin(AccessControlFilter.java:191)
	at org.apache.shiro.web.filter.authc.FormAuthenticationFilter.onAccessDenied(FormAuthenticationFilter.java:168)
	at org.apache.shiro.web.filter.AccessControlFilter.onAccessDenied(AccessControlFilter.java:133)
	at org.apache.shiro.web.filter.AccessControlFilter.onPreHandle(AccessControlFilter.java:162)
	at org.apache.shiro.web.filter.PathMatchingFilter.isFilterChainContinued(PathMatchingFilter.java:203)
	at org.apache.shiro.web.filter.PathMatchingFilter.preHandle(PathMatchingFilter.java:178)
	at org.apache.shiro.web.servlet.AdviceFilter.doFilterInternal(AdviceFilter.java:131)
	at org.apache.shiro.web.servlet.OncePerRequestFilter.doFilter(OncePerRequestFilter.java:125)
	at org.apache.shiro.web.servlet.ProxiedFilterChain.doFilter(ProxiedFilterChain.java:66)
	at org.apache.shiro.web.servlet.AbstractShiroFilter.executeChain(AbstractShiroFilter.java:449)
	at org.apache.shiro.web.servlet.AbstractShiroFilter$1.call(AbstractShiroFilter.java:365)
	at org.apache.shiro.subject.support.SubjectCallable.doCall(SubjectCallable.java:90)
	at org.apache.shiro.subject.support.SubjectCallable.call(SubjectCallable.java:83)
	at org.apache.shiro.subject.support.DelegatingSubject.execute(DelegatingSubject.java:387)
	at org.apache.shiro.web.servlet.AbstractShiroFilter.doFilterInternal(AbstractShiroFilter.java:362)
	at org.apache.shiro.web.servlet.OncePerRequestFilter.doFilter(OncePerRequestFilter.java:125)
	at org.apache.catalina.core.ApplicationFilterChain.internalDoFilter(ApplicationFilterChain.java:193)
	at org.apache.catalina.core.ApplicationFilterChain.doFilter(ApplicationFilterChain.java:166)
	at org.springframework.web.filter.RequestContextFilter.doFilterInternal(RequestContextFilter.java:99)
	at org.springframework.web.filter.OncePerRequestFilter.doFilter(OncePerRequestFilter.java:107)
	at org.apache.catalina.core.ApplicationFilterChain.internalDoFilter(ApplicationFilterChain.java:193)
	at org.apache.catalina.core.ApplicationFilterChain.doFilter(ApplicationFilterChain.java:166)
	at org.springframework.web.filter.FormContentFilter.doFilterInternal(FormContentFilter.java:92)
	at org.springframework.web.filter.OncePerRequestFilter.doFilter(OncePerRequestFilter.java:107)
	at org.apache.catalina.core.ApplicationFilterChain.internalDoFilter(ApplicationFilterChain.java:193)
	at org.apache.catalina.core.ApplicationFilterChain.doFilter(ApplicationFilterChain.java:166)
	at org.springframework.web.filter.HiddenHttpMethodFilter.doFilterInternal(HiddenHttpMethodFilter.java:93)
	at org.springframework.web.filter.OncePerRequestFilter.doFilter(OncePerRequestFilter.java:107)
	at org.apache.catalina.core.ApplicationFilterChain.internalDoFilter(ApplicationFilterChain.java:193)
	at org.apache.catalina.core.ApplicationFilterChain.doFilter(ApplicationFilterChain.java:166)
	at org.springframework.web.filter.CharacterEncodingFilter.doFilterInternal(CharacterEncodingFilter.java:200)
	at org.springframework.web.filter.OncePerRequestFilter.doFilter(OncePerRequestFilter.java:107)
	at org.apache.catalina.core.ApplicationFilterChain.internalDoFilter(ApplicationFilterChain.java:193)
	at org.apache.catalina.core.ApplicationFilterChain.doFilter(ApplicationFilterChain.java:166)
	at org.apache.catalina.core.StandardWrapperValve.invoke(StandardWrapperValve.java:200)
	at org.apache.catalina.core.StandardContextValve.invoke(StandardContextValve.java:96)
	at org.apache.catalina.authenticator.AuthenticatorBase.invoke(AuthenticatorBase.java:490)
	at org.apache.catalina.core.StandardHostValve.invoke(StandardHostValve.java:139)
	at org.apache.catalina.valves.ErrorReportValve.invoke(ErrorReportValve.java:92)
	at org.apache.catalina.core.StandardEngineValve.invoke(StandardEngineValve.java:74)
	at org.apache.catalina.connector.CoyoteAdapter.service(CoyoteAdapter.java:343)
	at org.apache.coyote.http11.Http11Processor.service(Http11Processor.java:408)
	at org.apache.coyote.AbstractProcessorLight.process(AbstractProcessorLight.java:66)
	at org.apache.coyote.AbstractProtocol$ConnectionHandler.process(AbstractProtocol.java:834)
	at org.apache.tomcat.util.net.NioEndpoint$SocketProcessor.doRun(NioEndpoint.java:1415)
	at org.apache.tomcat.util.net.SocketProcessorBase.run(SocketProcessorBase.java:49)
	at java.util.concurrent.ThreadPoolExecutor.runWorker(ThreadPoolExecutor.java:1149)
	at java.util.concurrent.ThreadPoolExecutor$Worker.run(ThreadPoolExecutor.java:624)
	at org.apache.tomcat.util.threads.TaskThread$WrappingRunnable.run(TaskThread.java:61)
	at java.lang.Thread.run(Thread.java:748)
